<?xml version="1.0" encoding="UTF-8"?>
<coverage generated="1780737147476" clover="3.2.0">
  <project timestamp="1780737147476" name="All files">
    <metrics statements="2986" coveredstatements="1285" conditionals="1679" coveredconditionals="703" methods="407" coveredmethods="211" elements="5072" coveredelements="2199" complexity="0" loc="2986" ncloc="2986" packages="3" files="12" classes="12"/>
    <package name="features.simulation">
      <metrics statements="1057" coveredstatements="748" conditionals="769" coveredconditionals="401" methods="160" coveredmethods="116"/>
      <file name="BaseSimulationService.js" path="/Users/lucasfrandsen/DTU/S6/Bachelor Thesis/petrinet-io/lib/features/simulation/BaseSimulationService.js">
        <metrics statements="1033" coveredstatements="726" conditionals="755" coveredconditionals="390" methods="156" coveredmethods="113"/>
        <line num="20" count="2" type="stmt"/>
        <line num="23" count="84" type="stmt"/>
        <line num="24" count="84" type="stmt"/>
        <line num="25" count="84" type="stmt"/>
        <line num="26" count="84" type="stmt"/>
        <line num="27" count="84" type="stmt"/>
        <line num="28" count="84" type="stmt"/>
        <line num="29" count="84" type="stmt"/>
        <line num="30" count="84" type="stmt"/>
        <line num="31" count="84" type="stmt"/>
        <line num="32" count="84" type="stmt"/>
        <line num="33" count="84" type="stmt"/>
        <line num="34" count="84" type="stmt"/>
        <line num="35" count="84" type="stmt"/>
        <line num="36" count="84" type="stmt"/>
        <line num="37" count="84" type="stmt"/>
        <line num="38" count="84" type="stmt"/>
        <line num="39" count="84" type="stmt"/>
        <line num="40" count="84" type="stmt"/>
        <line num="41" count="84" type="stmt"/>
        <line num="42" count="84" type="stmt"/>
        <line num="43" count="84" type="stmt"/>
        <line num="44" count="84" type="stmt"/>
        <line num="48" count="84" type="stmt"/>
        <line num="49" count="84" type="stmt"/>
        <line num="50" count="84" type="stmt"/>
        <line num="55" count="2" type="stmt"/>
        <line num="60" count="1" type="stmt"/>
        <line num="61" count="1" type="stmt"/>
        <line num="62" count="1" type="stmt"/>
        <line num="63" count="1" type="stmt"/>
        <line num="67" count="1" type="stmt"/>
        <line num="69" count="1" type="stmt"/>
        <line num="70" count="1" type="stmt"/>
        <line num="72" count="1" type="stmt"/>
        <line num="73" count="1" type="stmt"/>
        <line num="74" count="1" type="stmt"/>
        <line num="75" count="1" type="stmt"/>
        <line num="78" count="1" type="cond" truecount="2" falsecount="0"/>
        <line num="79" count="1" type="cond" truecount="2" falsecount="0"/>
        <line num="83" count="2" type="cond" truecount="2" falsecount="0"/>
        <line num="84" count="1" type="stmt"/>
        <line num="87" count="1" type="stmt"/>
        <line num="92" count="1" type="stmt"/>
        <line num="94" count="1" type="stmt"/>
        <line num="95" count="1" type="stmt"/>
        <line num="97" count="1" type="stmt"/>
        <line num="98" count="1" type="stmt"/>
        <line num="99" count="1" type="stmt"/>
        <line num="100" count="1" type="stmt"/>
        <line num="103" count="1" type="cond" truecount="1" falsecount="1"/>
        <line num="104" count="1" type="cond" truecount="1" falsecount="1"/>
        <line num="110" count="2" type="cond" truecount="4" falsecount="0"/>
        <line num="111" count="1" type="cond" truecount="1" falsecount="1"/>
        <line num="112" count="1" type="cond" truecount="1" falsecount="1"/>
        <line num="114" count="1" type="stmt"/>
        <line num="119" count="1" type="stmt"/>
        <line num="120" count="2" type="stmt"/>
        <line num="122" count="1" type="stmt"/>
        <line num="123" count="2" type="cond" truecount="2" falsecount="0"/>
        <line num="125" count="1" type="stmt"/>
        <line num="126" count="1" type="stmt"/>
        <line num="127" count="1" type="stmt"/>
        <line num="130" count="1" type="cond" truecount="1" falsecount="1"/>
        <line num="131" count="1" type="stmt"/>
        <line num="132" count="1" type="stmt"/>
        <line num="135" count="1" type="cond" truecount="1" falsecount="1"/>
        <line num="136" count="1" type="cond" truecount="1" falsecount="1"/>
        <line num="139" count="1" type="stmt"/>
        <line num="140" count="1" type="stmt"/>
        <line num="141" count="1" type="stmt"/>
        <line num="142" count="1" type="stmt"/>
        <line num="143" count="1" type="stmt"/>
        <line num="147" count="1" type="stmt"/>
        <line num="148" count="1" type="stmt"/>
        <line num="150" count="1" type="stmt"/>
        <line num="151" count="1" type="cond" truecount="1" falsecount="1"/>
        <line num="152" count="0" type="stmt"/>
        <line num="153" count="0" type="stmt"/>
        <line num="154" count="0" type="stmt"/>
        <line num="157" count="1" type="cond" truecount="1" falsecount="1"/>
        <line num="158" count="1" type="stmt"/>
        <line num="159" count="1" type="stmt"/>
        <line num="162" count="1" type="cond" truecount="1" falsecount="1"/>
        <line num="163" count="0" type="cond" truecount="0" falsecount="2"/>
        <line num="166" count="1" type="stmt"/>
        <line num="167" count="1" type="stmt"/>
        <line num="168" count="1" type="stmt"/>
        <line num="169" count="1" type="stmt"/>
        <line num="170" count="1" type="stmt"/>
        <line num="175" count="3" type="stmt"/>
        <line num="176" count="3" type="stmt"/>
        <line num="177" count="3" type="stmt"/>
        <line num="178" count="3" type="stmt"/>
        <line num="182" count="1" type="stmt"/>
        <line num="183" count="1" type="stmt"/>
        <line num="184" count="1" type="stmt"/>
        <line num="185" count="1" type="stmt"/>
        <line num="186" count="1" type="stmt"/>
        <line num="187" count="1" type="stmt"/>
        <line num="188" count="1" type="stmt"/>
        <line num="189" count="1" type="stmt"/>
        <line num="190" count="1" type="stmt"/>
        <line num="191" count="1" type="stmt"/>
        <line num="192" count="1" type="stmt"/>
        <line num="193" count="1" type="stmt"/>
        <line num="194" count="1" type="stmt"/>
        <line num="195" count="1" type="stmt"/>
        <line num="196" count="1" type="stmt"/>
        <line num="197" count="1" type="stmt"/>
        <line num="198" count="1" type="stmt"/>
        <line num="202" count="4" type="cond" truecount="1" falsecount="1"/>
        <line num="206" count="4" type="stmt"/>
        <line num="213" count="2" type="cond" truecount="1" falsecount="1"/>
        <line num="214" count="4" type="stmt"/>
        <line num="222" count="4" type="cond" truecount="1" falsecount="1"/>
        <line num="223" count="0" type="stmt"/>
        <line num="226" count="4" type="stmt"/>
        <line num="227" count="4" type="stmt"/>
        <line num="232" count="2" type="stmt"/>
        <line num="241" count="4" type="stmt"/>
        <line num="242" count="4" type="stmt"/>
        <line num="246" count="2" type="stmt"/>
        <line num="249" count="2" type="stmt"/>
        <line num="257" count="0" type="stmt"/>
        <line num="258" count="0" type="cond" truecount="0" falsecount="2"/>
        <line num="259" count="0" type="stmt"/>
        <line num="262" count="0" type="stmt"/>
        <line num="265" count="0" type="stmt"/>
        <line num="273" count="3" type="cond" truecount="2" falsecount="0"/>
        <line num="278" count="9" type="stmt"/>
        <line num="283" count="9" type="stmt"/>
        <line num="284" count="19" type="stmt"/>
        <line num="286" count="9" type="stmt"/>
        <line num="287" count="13" type="stmt"/>
        <line num="290" count="9" type="stmt"/>
        <line num="295" count="6" type="stmt"/>
        <line num="296" count="6" type="stmt"/>
        <line num="298" count="6" type="stmt"/>
        <line num="299" count="6" type="cond" truecount="1" falsecount="1"/>
        <line num="300" count="6" type="stmt"/>
        <line num="301" count="6" type="stmt"/>
        <line num="302" count="6" type="stmt"/>
        <line num="305" count="6" type="cond" truecount="1" falsecount="1"/>
        <line num="310" count="3" type="cond" truecount="2" falsecount="0"/>
        <line num="311" count="1" type="stmt"/>
        <line num="314" count="2" type="stmt"/>
        <line num="315" count="2" type="stmt"/>
        <line num="316" count="2" type="cond" truecount="1" falsecount="1"/>
        <line num="317" count="0" type="stmt"/>
        <line num="320" count="2" type="stmt"/>
        <line num="321" count="2" type="stmt"/>
        <line num="322" count="2" type="stmt"/>
        <line num="323" count="2" type="stmt"/>
        <line num="329" count="6" type="cond" truecount="1" falsecount="1"/>
        <line num="330" count="0" type="stmt"/>
        <line num="333" count="6" type="stmt"/>
        <line num="334" count="6" type="stmt"/>
        <line num="336" count="6" type="cond" truecount="5" falsecount="0"/>
        <line num="337" count="3" type="stmt"/>
        <line num="340" count="3" type="cond" truecount="1" falsecount="1"/>
        <line num="341" count="0" type="stmt"/>
        <line num="344" count="3" type="stmt"/>
        <line num="345" count="3" type="cond" truecount="1" falsecount="1"/>
        <line num="346" count="0" type="stmt"/>
        <line num="349" count="3" type="stmt"/>
        <line num="350" count="3" type="stmt"/>
        <line num="351" count="3" type="stmt"/>
        <line num="352" count="3" type="stmt"/>
        <line num="357" count="0" type="stmt"/>
        <line num="365" count="0" type="stmt"/>
        <line num="368" count="0" type="stmt"/>
        <line num="379" count="0" type="cond" truecount="0" falsecount="4"/>
        <line num="380" count="0" type="stmt"/>
        <line num="383" count="0" type="stmt"/>
        <line num="384" count="0" type="cond" truecount="0" falsecount="2"/>
        <line num="385" count="0" type="cond" truecount="0" falsecount="2"/>
        <line num="386" count="0" type="cond" truecount="0" falsecount="4"/>
        <line num="387" count="0" type="stmt"/>
        <line num="389" count="0" type="cond" truecount="0" falsecount="2"/>
        <line num="390" count="0" type="cond" truecount="0" falsecount="2"/>
        <line num="391" count="0" type="stmt"/>
        <line num="393" count="0" type="stmt"/>
        <line num="394" count="0" type="cond" truecount="0" falsecount="2"/>
        <line num="395" count="0" type="stmt"/>
        <line num="401" count="0" type="stmt"/>
        <line num="404" count="0" type="stmt"/>
        <line num="410" count="0" type="cond" truecount="0" falsecount="2"/>
        <line num="413" count="0" type="cond" truecount="0" falsecount="2"/>
        <line num="414" count="0" type="cond" truecount="0" falsecount="2"/>
        <line num="415" count="0" type="cond" truecount="0" falsecount="2"/>
        <line num="417" count="0" type="stmt"/>
        <line num="418" count="0" type="stmt"/>
        <line num="419" count="0" type="cond" truecount="0" falsecount="2"/>
        <line num="424" count="0" type="cond" truecount="0" falsecount="2"/>
        <line num="425" count="0" type="stmt"/>
        <line num="426" count="0" type="stmt"/>
        <line num="427" count="0" type="cond" truecount="0" falsecount="2"/>
        <line num="428" count="0" type="cond" truecount="0" falsecount="2"/>
        <line num="429" count="0" type="stmt"/>
        <line num="430" count="0" type="stmt"/>
        <line num="432" count="0" type="stmt"/>
        <line num="433" count="0" type="stmt"/>
        <line num="434" count="0" type="stmt"/>
        <line num="437" count="0" type="cond" truecount="0" falsecount="4"/>
        <line num="438" count="0" type="stmt"/>
        <line num="441" count="0" type="stmt"/>
        <line num="442" count="0" type="stmt"/>
        <line num="446" count="0" type="stmt"/>
        <line num="447" count="0" type="stmt"/>
        <line num="448" count="0" type="stmt"/>
        <line num="453" count="15" type="cond" truecount="2" falsecount="0"/>
        <line num="454" count="4" type="stmt"/>
        <line num="455" count="4" type="stmt"/>
        <line num="456" count="4" type="stmt"/>
        <line num="457" count="4" type="stmt"/>
        <line num="460" count="11" type="stmt"/>
        <line num="462" count="11" type="stmt"/>
        <line num="463" count="9" type="cond" truecount="2" falsecount="0"/>
        <line num="464" count="5" type="stmt"/>
        <line num="469" count="11" type="stmt"/>
        <line num="470" count="11" type="stmt"/>
        <line num="475" count="15" type="stmt"/>
        <line num="476" count="10" type="stmt"/>
        <line num="481" count="9" type="stmt"/>
        <line num="485" count="2" type="stmt"/>
        <line num="489" count="20" type="stmt"/>
        <line num="493" count="18" type="stmt"/>
        <line num="497" count="21" type="stmt"/>
        <line num="501" count="28" type="stmt"/>
        <line num="505" count="1" type="stmt"/>
        <line num="509" count="1" type="stmt"/>
        <line num="510" count="1" type="cond" truecount="1" falsecount="1"/>
        <line num="521" count="8" type="cond" truecount="4" falsecount="0"/>
        <line num="522" count="3" type="stmt"/>
        <line num="523" count="3" type="cond" truecount="5" falsecount="0"/>
        <line num="524" count="1" type="stmt"/>
        <line num="529" count="3" type="stmt"/>
        <line num="534" count="5" type="cond" truecount="3" falsecount="1"/>
        <line num="535" count="0" type="stmt"/>
        <line num="538" count="5" type="stmt"/>
        <line num="539" count="5" type="cond" truecount="1" falsecount="1"/>
        <line num="540" count="5" type="cond" truecount="2" falsecount="0"/>
        <line num="541" count="2" type="stmt"/>
        <line num="542" count="2" type="cond" truecount="2" falsecount="0"/>
        <line num="543" count="1" type="stmt"/>
        <line num="544" count="1" type="stmt"/>
        <line num="546" count="3" type="stmt"/>
        <line num="550" count="4" type="cond" truecount="1" falsecount="1"/>
        <line num="551" count="0" type="stmt"/>
        <line num="554" count="4" type="cond" truecount="1" falsecount="1"/>
        <line num="555" count="4" type="cond" truecount="4" falsecount="0"/>
        <line num="556" count="1" type="stmt"/>
        <line num="560" count="1" type="stmt"/>
        <line num="562" count="3" type="cond" truecount="2" falsecount="0"/>
        <line num="563" count="1" type="stmt"/>
        <line num="567" count="3" type="cond" truecount="2" falsecount="0"/>
        <line num="568" count="1" type="stmt"/>
        <line num="569" count="1" type="stmt"/>
        <line num="572" count="3" type="stmt"/>
        <line num="574" count="3" type="stmt"/>
        <line num="575" count="3" type="stmt"/>
        <line num="576" count="3" type="stmt"/>
        <line num="579" count="3" type="cond" truecount="1" falsecount="1"/>
        <line num="580" count="3" type="stmt"/>
        <line num="582" count="3" type="cond" truecount="1" falsecount="1"/>
        <line num="583" count="0" type="stmt"/>
        <line num="586" count="3" type="stmt"/>
        <line num="587" count="3" type="stmt"/>
        <line num="590" count="3" type="stmt"/>
        <line num="591" count="3" type="stmt"/>
        <line num="592" count="3" type="stmt"/>
        <line num="593" count="3" type="stmt"/>
        <line num="595" count="3" type="stmt"/>
        <line num="596" count="6" type="stmt"/>
        <line num="599" count="3" type="stmt"/>
        <line num="603" count="18" type="stmt"/>
        <line num="613" count="5" type="stmt"/>
        <line num="617" count="41" type="stmt"/>
        <line num="622" count="0" type="stmt"/>
        <line num="623" count="0" type="cond" truecount="0" falsecount="2"/>
        <line num="625" count="0" type="cond" truecount="0" falsecount="2"/>
        <line num="627" count="0" type="stmt"/>
        <line num="628" count="0" type="cond" truecount="0" falsecount="2"/>
        <line num="632" count="0" type="cond" truecount="0" falsecount="2"/>
        <line num="634" count="0" type="stmt"/>
        <line num="638" count="0" type="stmt"/>
        <line num="642" count="0" type="stmt"/>
        <line num="645" count="0" type="cond" truecount="0" falsecount="2"/>
        <line num="647" count="0" type="stmt"/>
        <line num="648" count="0" type="stmt"/>
        <line num="655" count="0" type="stmt"/>
        <line num="656" count="0" type="stmt"/>
        <line num="662" count="0" type="cond" truecount="0" falsecount="2"/>
        <line num="668" count="0" type="stmt"/>
        <line num="669" count="0" type="cond" truecount="0" falsecount="2"/>
        <line num="673" count="0" type="cond" truecount="0" falsecount="4"/>
        <line num="674" count="0" type="stmt"/>
        <line num="677" count="0" type="cond" truecount="0" falsecount="2"/>
        <line num="681" count="0" type="cond" truecount="0" falsecount="2"/>
        <line num="682" count="0" type="stmt"/>
        <line num="685" count="0" type="cond" truecount="0" falsecount="2"/>
        <line num="691" count="0" type="cond" truecount="0" falsecount="2"/>
        <line num="692" count="0" type="stmt"/>
        <line num="694" count="0" type="cond" truecount="0" falsecount="2"/>
        <line num="695" count="0" type="stmt"/>
        <line num="698" count="0" type="stmt"/>
        <line num="699" count="0" type="stmt"/>
        <line num="700" count="0" type="stmt"/>
        <line num="701" count="0" type="stmt"/>
        <line num="703" count="0" type="cond" truecount="0" falsecount="5"/>
        <line num="704" count="0" type="stmt"/>
        <line num="707" count="0" type="stmt"/>
        <line num="709" count="0" type="stmt"/>
        <line num="711" count="0" type="stmt"/>
        <line num="715" count="0" type="cond" truecount="0" falsecount="2"/>
        <line num="722" count="0" type="cond" truecount="0" falsecount="2"/>
        <line num="723" count="0" type="stmt"/>
        <line num="726" count="0" type="stmt"/>
        <line num="729" count="0" type="stmt"/>
        <line num="735" count="0" type="stmt"/>
        <line num="737" count="0" type="cond" truecount="0" falsecount="2"/>
        <line num="738" count="0" type="stmt"/>
        <line num="743" count="0" type="cond" truecount="0" falsecount="2"/>
        <line num="744" count="0" type="stmt"/>
        <line num="747" count="0" type="stmt"/>
        <line num="749" count="0" type="cond" truecount="0" falsecount="2"/>
        <line num="753" count="0" type="stmt"/>
        <line num="755" count="0" type="cond" truecount="0" falsecount="2"/>
        <line num="756" count="0" type="stmt"/>
        <line num="759" count="0" type="stmt"/>
        <line num="760" count="0" type="stmt"/>
        <line num="761" count="0" type="stmt"/>
        <line num="762" count="0" type="stmt"/>
        <line num="764" count="0" type="cond" truecount="0" falsecount="2"/>
        <line num="765" count="0" type="stmt"/>
        <line num="767" count="0" type="cond" truecount="0" falsecount="2"/>
        <line num="768" count="0" type="stmt"/>
        <line num="771" count="0" type="stmt"/>
        <line num="772" count="0" type="cond" truecount="0" falsecount="2"/>
        <line num="773" count="0" type="stmt"/>
        <line num="774" count="0" type="cond" truecount="0" falsecount="2"/>
        <line num="776" count="0" type="cond" truecount="0" falsecount="2"/>
        <line num="777" count="0" type="stmt"/>
        <line num="778" count="0" type="stmt"/>
        <line num="781" count="0" type="stmt"/>
        <line num="782" count="0" type="stmt"/>
        <line num="784" count="0" type="cond" truecount="0" falsecount="5"/>
        <line num="785" count="0" type="stmt"/>
        <line num="788" count="0" type="stmt"/>
        <line num="790" count="0" type="stmt"/>
        <line num="791" count="0" type="stmt"/>
        <line num="793" count="0" type="stmt"/>
        <line num="794" count="0" type="cond" truecount="0" falsecount="4"/>
        <line num="795" count="0" type="stmt"/>
        <line num="798" count="0" type="stmt"/>
        <line num="800" count="0" type="cond" truecount="0" falsecount="2"/>
        <line num="801" count="0" type="stmt"/>
        <line num="804" count="0" type="stmt"/>
        <line num="805" count="0" type="stmt"/>
        <line num="807" count="0" type="cond" truecount="0" falsecount="2"/>
        <line num="808" count="0" type="stmt"/>
        <line num="812" count="0" type="stmt"/>
        <line num="822" count="0" type="cond" truecount="0" falsecount="2"/>
        <line num="823" count="0" type="stmt"/>
        <line num="826" count="0" type="stmt"/>
        <line num="828" count="0" type="cond" truecount="0" falsecount="2"/>
        <line num="829" count="0" type="stmt"/>
        <line num="830" count="0" type="stmt"/>
        <line num="834" count="0" type="cond" truecount="0" falsecount="2"/>
        <line num="835" count="0" type="stmt"/>
        <line num="838" count="0" type="stmt"/>
        <line num="840" count="0" type="stmt"/>
        <line num="843" count="0" type="stmt"/>
        <line num="849" count="0" type="stmt"/>
        <line num="850" count="0" type="stmt"/>
        <line num="852" count="0" type="stmt"/>
        <line num="857" count="0" type="stmt"/>
        <line num="858" count="0" type="stmt"/>
        <line num="859" count="0" type="stmt"/>
        <line num="861" count="0" type="cond" truecount="0" falsecount="2"/>
        <line num="862" count="0" type="stmt"/>
        <line num="866" count="0" type="cond" truecount="0" falsecount="2"/>
        <line num="867" count="0" type="stmt"/>
        <line num="872" count="0" type="cond" truecount="0" falsecount="2"/>
        <line num="874" count="0" type="stmt"/>
        <line num="875" count="0" type="stmt"/>
        <line num="878" count="0" type="stmt"/>
        <line num="885" count="0" type="cond" truecount="0" falsecount="2"/>
        <line num="886" count="0" type="stmt"/>
        <line num="887" count="0" type="stmt"/>
        <line num="889" count="0" type="cond" truecount="0" falsecount="2"/>
        <line num="890" count="0" type="stmt"/>
        <line num="893" count="0" type="stmt"/>
        <line num="898" count="0" type="cond" truecount="0" falsecount="4"/>
        <line num="899" count="0" type="stmt"/>
        <line num="902" count="0" type="cond" truecount="0" falsecount="4"/>
        <line num="903" count="0" type="stmt"/>
        <line num="906" count="0" type="cond" truecount="0" falsecount="2"/>
        <line num="907" count="0" type="stmt"/>
        <line num="910" count="0" type="cond" truecount="0" falsecount="2"/>
        <line num="911" count="0" type="stmt"/>
        <line num="914" count="0" type="stmt"/>
        <line num="921" count="0" type="cond" truecount="0" falsecount="2"/>
        <line num="922" count="0" type="stmt"/>
        <line num="925" count="0" type="cond" truecount="0" falsecount="2"/>
        <line num="926" count="0" type="cond" truecount="0" falsecount="2"/>
        <line num="927" count="0" type="stmt"/>
        <line num="931" count="0" type="stmt"/>
        <line num="932" count="0" type="cond" truecount="0" falsecount="2"/>
        <line num="933" count="0" type="stmt"/>
        <line num="936" count="0" type="stmt"/>
        <line num="937" count="0" type="stmt"/>
        <line num="943" count="42" type="stmt"/>
        <line num="944" count="42" type="cond" truecount="1" falsecount="1"/>
        <line num="946" count="42" type="cond" truecount="2" falsecount="0"/>
        <line num="947" count="33" type="stmt"/>
        <line num="950" count="9" type="stmt"/>
        <line num="951" count="12" type="stmt"/>
        <line num="955" count="12" type="cond" truecount="2" falsecount="0"/>
        <line num="958" count="4" type="stmt"/>
        <line num="964" count="0" type="cond" truecount="0" falsecount="2"/>
        <line num="965" count="0" type="cond" truecount="0" falsecount="2"/>
        <line num="966" count="0" type="stmt"/>
        <line num="968" count="0" type="stmt"/>
        <line num="969" count="0" type="stmt"/>
        <line num="970" count="0" type="cond" truecount="0" falsecount="2"/>
        <line num="971" count="0" type="cond" truecount="0" falsecount="2"/>
        <line num="972" count="0" type="stmt"/>
        <line num="976" count="0" type="stmt"/>
        <line num="985" count="1" type="cond" truecount="1" falsecount="1"/>
        <line num="986" count="1" type="cond" truecount="1" falsecount="1"/>
        <line num="987" count="1" type="stmt"/>
        <line num="989" count="1" type="stmt"/>
        <line num="990" count="1" type="stmt"/>
        <line num="991" count="1" type="cond" truecount="1" falsecount="1"/>
        <line num="992" count="1" type="cond" truecount="1" falsecount="1"/>
        <line num="993" count="1" type="stmt"/>
        <line num="997" count="1" type="stmt"/>
        <line num="1009" count="57" type="stmt"/>
        <line num="1011" count="57" type="cond" truecount="2" falsecount="0"/>
        <line num="1012" count="1" type="stmt"/>
        <line num="1016" count="1" type="stmt"/>
        <line num="1019" count="56" type="cond" truecount="2" falsecount="0"/>
        <line num="1020" count="33" type="stmt"/>
        <line num="1024" count="33" type="stmt"/>
        <line num="1027" count="23" type="cond" truecount="2" falsecount="0"/>
        <line num="1028" count="3" type="stmt"/>
        <line num="1032" count="3" type="stmt"/>
        <line num="1035" count="20" type="stmt"/>
        <line num="1036" count="20" type="cond" truecount="1" falsecount="1"/>
        <line num="1037" count="20" type="cond" truecount="1" falsecount="1"/>
        <line num="1039" count="20" type="cond" truecount="2" falsecount="0"/>
        <line num="1040" count="8" type="stmt"/>
        <line num="1042" count="8" type="cond" truecount="2" falsecount="0"/>
        <line num="1043" count="4" type="stmt"/>
        <line num="1047" count="4" type="stmt"/>
        <line num="1050" count="4" type="stmt"/>
        <line num="1055" count="4" type="stmt"/>
        <line num="1062" count="12" type="stmt"/>
        <line num="1067" count="12" type="stmt"/>
        <line num="1075" count="20" type="cond" truecount="1" falsecount="1"/>
        <line num="1079" count="8" type="cond" truecount="4" falsecount="0"/>
        <line num="1080" count="2" type="stmt"/>
        <line num="1083" count="6" type="stmt"/>
        <line num="1084" count="6" type="cond" truecount="4" falsecount="1"/>
        <line num="1085" count="0" type="stmt"/>
        <line num="1088" count="6" type="stmt"/>
        <line num="1089" count="6" type="cond" truecount="2" falsecount="0"/>
        <line num="1090" count="1" type="stmt"/>
        <line num="1093" count="5" type="stmt"/>
        <line num="1094" count="5" type="cond" truecount="2" falsecount="0"/>
        <line num="1096" count="5" type="cond" truecount="2" falsecount="0"/>
        <line num="1101" count="18" type="cond" truecount="3" falsecount="1"/>
        <line num="1102" count="0" type="stmt"/>
        <line num="1104" count="18" type="stmt"/>
        <line num="1110" count="3" type="stmt"/>
        <line num="1111" count="3" type="stmt"/>
        <line num="1112" count="6" type="stmt"/>
        <line num="1113" count="6" type="stmt"/>
        <line num="1114" count="6" type="cond" truecount="2" falsecount="0"/>
        <line num="1115" count="2" type="stmt"/>
        <line num="1118" count="3" type="stmt"/>
        <line num="1123" count="55" type="cond" truecount="1" falsecount="1"/>
        <line num="1124" count="55" type="cond" truecount="1" falsecount="1"/>
        <line num="1125" count="55" type="stmt"/>
        <line num="1127" count="55" type="stmt"/>
        <line num="1128" count="42" type="stmt"/>
        <line num="1129" count="42" type="cond" truecount="1" falsecount="1"/>
        <line num="1130" count="42" type="cond" truecount="1" falsecount="1"/>
        <line num="1131" count="42" type="stmt"/>
        <line num="1135" count="55" type="stmt"/>
        <line num="1142" count="57" type="cond" truecount="1" falsecount="1"/>
        <line num="1143" count="0" type="stmt"/>
        <line num="1146" count="57" type="stmt"/>
        <line num="1147" count="57" type="cond" truecount="3" falsecount="0"/>
        <line num="1151" count="57" type="cond" truecount="2" falsecount="0"/>
        <line num="1152" count="9" type="stmt"/>
        <line num="1155" count="48" type="stmt"/>
        <line num="1156" count="48" type="stmt"/>
        <line num="1160" count="48" type="cond" truecount="2" falsecount="0"/>
        <line num="1161" count="7" type="stmt"/>
        <line num="1168" count="83" type="cond" truecount="2" falsecount="0"/>
        <line num="1170" count="41" type="stmt"/>
        <line num="1171" count="41" type="cond" truecount="2" falsecount="0"/>
        <line num="1172" count="5" type="stmt"/>
        <line num="1175" count="36" type="stmt"/>
        <line num="1176" count="36" type="cond" truecount="2" falsecount="0"/>
        <line num="1177" count="6" type="stmt"/>
        <line num="1180" count="30" type="stmt"/>
        <line num="1188" count="42" type="stmt"/>
        <line num="1189" count="42" type="stmt"/>
        <line num="1191" count="42" type="cond" truecount="3" falsecount="1"/>
        <line num="1192" count="0" type="stmt"/>
        <line num="1195" count="42" type="stmt"/>
        <line num="1196" count="42" type="stmt"/>
        <line num="1197" count="42" type="stmt"/>
        <line num="1200" count="42" type="stmt"/>
        <line num="1207" count="42" type="stmt"/>
        <line num="1208" count="28" type="stmt"/>
        <line num="1209" count="28" type="stmt"/>
        <line num="1212" count="28" type="stmt"/>
        <line num="1214" count="1" type="stmt"/>
        <line num="1216" count="29" type="stmt"/>
        <line num="1219" count="28" type="stmt"/>
        <line num="1222" count="28" type="stmt"/>
        <line num="1238" count="28" type="cond" truecount="2" falsecount="0"/>
        <line num="1239" count="21" type="stmt"/>
        <line num="1243" count="21" type="stmt"/>
        <line num="1248" count="4" type="cond" truecount="2" falsecount="0"/>
        <line num="1249" count="3" type="stmt"/>
        <line num="1250" count="3" type="cond" truecount="2" falsecount="0"/>
        <line num="1251" count="1" type="stmt"/>
        <line num="1254" count="2" type="stmt"/>
        <line num="1261" count="1" type="stmt"/>
        <line num="1262" count="1" type="stmt"/>
        <line num="1264" count="1" type="cond" truecount="3" falsecount="1"/>
        <line num="1265" count="0" type="stmt"/>
        <line num="1268" count="1" type="stmt"/>
        <line num="1269" count="1" type="stmt"/>
        <line num="1270" count="1" type="stmt"/>
        <line num="1271" count="1" type="stmt"/>
        <line num="1277" count="1" type="stmt"/>
        <line num="1279" count="1" type="stmt"/>
        <line num="1280" count="3" type="stmt"/>
        <line num="1281" count="3" type="stmt"/>
        <line num="1283" count="3" type="stmt"/>
        <line num="1285" count="0" type="stmt"/>
        <line num="1287" count="3" type="stmt"/>
        <line num="1290" count="3" type="stmt"/>
        <line num="1292" count="3" type="stmt"/>
        <line num="1308" count="3" type="stmt"/>
        <line num="1311" count="1" type="stmt"/>
        <line num="1316" count="43" type="stmt"/>
        <line num="1318" count="43" type="stmt"/>
        <line num="1319" count="77" type="cond" truecount="2" falsecount="0"/>
        <line num="1320" count="31" type="stmt"/>
        <line num="1325" count="31" type="stmt"/>
        <line num="1328" count="46" type="stmt"/>
        <line num="1329" count="44" type="stmt"/>
        <line num="1330" count="44" type="stmt"/>
        <line num="1332" count="44" type="cond" truecount="2" falsecount="0"/>
        <line num="1333" count="2" type="stmt"/>
        <line num="1336" count="42" type="cond" truecount="1" falsecount="1"/>
        <line num="1337" count="0" type="stmt"/>
        <line num="1340" count="42" type="cond" truecount="2" falsecount="0"/>
        <line num="1341" count="8" type="stmt"/>
        <line num="1344" count="34" type="stmt"/>
        <line num="1345" count="34" type="stmt"/>
        <line num="1347" count="34" type="stmt"/>
        <line num="1348" count="34" type="stmt"/>
        <line num="1350" count="34" type="stmt"/>
        <line num="1352" count="34" type="stmt"/>
        <line num="1353" count="34" type="stmt"/>
        <line num="1357" count="43" type="stmt"/>
        <line num="1360" count="43" type="stmt"/>
        <line num="1365" count="71" type="cond" truecount="1" falsecount="1"/>
        <line num="1373" count="237" type="stmt"/>
        <line num="1374" count="237" type="stmt"/>
        <line num="1375" count="236" type="stmt"/>
        <line num="1377" count="1" type="stmt"/>
        <line num="1382" count="12" type="cond" truecount="1" falsecount="1"/>
        <line num="1384" count="12" type="cond" truecount="1" falsecount="1"/>
        <line num="1385" count="0" type="stmt"/>
        <line num="1388" count="12" type="stmt"/>
        <line num="1389" count="12" type="cond" truecount="2" falsecount="0"/>
        <line num="1390" count="9" type="stmt"/>
        <line num="1394" count="3" type="cond" truecount="1" falsecount="1"/>
        <line num="1395" count="0" type="stmt"/>
        <line num="1398" count="3" type="stmt"/>
        <line num="1399" count="4" type="stmt"/>
        <line num="1401" count="3" type="stmt"/>
        <line num="1402" count="4" type="stmt"/>
        <line num="1404" count="3" type="stmt"/>
        <line num="1405" count="3" type="cond" truecount="2" falsecount="0"/>
        <line num="1406" count="2" type="stmt"/>
        <line num="1410" count="1" type="stmt"/>
        <line num="1411" count="1" type="stmt"/>
        <line num="1416" count="1" type="stmt"/>
        <line num="1418" count="0" type="stmt"/>
        <line num="1424" count="16" type="cond" truecount="4" falsecount="0"/>
        <line num="1425" count="3" type="stmt"/>
        <line num="1428" count="13" type="cond" truecount="2" falsecount="0"/>
        <line num="1429" count="3" type="stmt"/>
        <line num="1432" count="10" type="cond" truecount="2" falsecount="0"/>
        <line num="1433" count="6" type="stmt"/>
        <line num="1436" count="4" type="cond" truecount="2" falsecount="0"/>
        <line num="1437" count="1" type="stmt"/>
        <line num="1440" count="3" type="stmt"/>
        <line num="1445" count="42" type="cond" truecount="2" falsecount="0"/>
        <line num="1446" count="1" type="stmt"/>
        <line num="1451" count="41" type="stmt"/>
        <line num="1452" count="41" type="stmt"/>
        <line num="1453" count="15" type="stmt"/>
        <line num="1456" count="41" type="stmt"/>
        <line num="1458" count="41" type="stmt"/>
        <line num="1459" count="42" type="stmt"/>
        <line num="1460" count="42" type="stmt"/>
        <line num="1463" count="42" type="stmt"/>
        <line num="1464" count="42" type="cond" truecount="2" falsecount="0"/>
        <line num="1467" count="42" type="cond" truecount="2" falsecount="0"/>
        <line num="1469" count="42" type="cond" truecount="4" falsecount="0"/>
        <line num="1470" count="8" type="stmt"/>
        <line num="1473" count="34" type="stmt"/>
        <line num="1476" count="33" type="stmt"/>
        <line num="1481" count="34" type="stmt"/>
        <line num="1482" count="34" type="stmt"/>
        <line num="1484" count="34" type="cond" truecount="2" falsecount="0"/>
        <line num="1485" count="28" type="stmt"/>
        <line num="1492" count="10" type="stmt"/>
        <line num="1494" count="10" type="stmt"/>
        <line num="1495" count="11" type="stmt"/>
        <line num="1497" count="11" type="cond" truecount="1" falsecount="1"/>
        <line num="1498" count="11" type="stmt"/>
        <line num="1502" count="10" type="stmt"/>
        <line num="1507" count="15" type="stmt"/>
        <line num="1508" count="15" type="stmt"/>
        <line num="1510" count="15" type="stmt"/>
        <line num="1512" count="15" type="stmt"/>
        <line num="1513" count="16" type="stmt"/>
        <line num="1517" count="15" type="stmt"/>
        <line num="1522" count="15" type="stmt"/>
        <line num="1523" count="15" type="cond" truecount="1" falsecount="1"/>
        <line num="1524" count="0" type="stmt"/>
        <line num="1527" count="15" type="stmt"/>
        <line num="1528" count="15" type="stmt"/>
        <line num="1529" count="15" type="stmt"/>
        <line num="1530" count="15" type="stmt"/>
        <line num="1531" count="15" type="stmt"/>
        <line num="1533" count="15" type="stmt"/>
        <line num="1534" count="15" type="stmt"/>
        <line num="1536" count="15" type="cond" truecount="3" falsecount="1"/>
        <line num="1537" count="15" type="stmt"/>
        <line num="1538" count="15" type="stmt"/>
        <line num="1541" count="0" type="stmt"/>
        <line num="1543" count="0" type="stmt"/>
        <line num="1545" count="0" type="cond" truecount="0" falsecount="2"/>
        <line num="1546" count="0" type="stmt"/>
        <line num="1550" count="15" type="stmt"/>
        <line num="1555" count="44" type="cond" truecount="2" falsecount="0"/>
        <line num="1556" count="1" type="stmt"/>
        <line num="1559" count="43" type="cond" truecount="2" falsecount="0"/>
        <line num="1560" count="1" type="stmt"/>
        <line num="1563" count="43" type="stmt"/>
        <line num="1568" count="36" type="stmt"/>
        <line num="1569" count="36" type="stmt"/>
        <line num="1574" count="49" type="cond" truecount="2" falsecount="0"/>
        <line num="1575" count="3" type="stmt"/>
        <line num="1578" count="46" type="cond" truecount="5" falsecount="0"/>
        <line num="1579" count="2" type="stmt"/>
        <line num="1580" count="2" type="cond" truecount="2" falsecount="0"/>
        <line num="1583" count="44" type="cond" truecount="4" falsecount="0"/>
        <line num="1584" count="1" type="stmt"/>
        <line num="1587" count="43" type="stmt"/>
        <line num="1592" count="18" type="cond" truecount="2" falsecount="0"/>
        <line num="1593" count="2" type="stmt"/>
        <line num="1596" count="16" type="cond" truecount="2" falsecount="0"/>
        <line num="1597" count="14" type="stmt"/>
        <line num="1600" count="2" type="stmt"/>
        <line num="1605" count="184" type="stmt"/>
        <line num="1610" count="28" type="stmt"/>
        <line num="1615" count="43" type="stmt"/>
        <line num="1616" count="3" type="stmt"/>
        <line num="1617" count="3" type="stmt"/>
        <line num="1619" count="43" type="stmt"/>
        <line num="1624" count="55" type="cond" truecount="2" falsecount="0"/>
        <line num="1625" count="51" type="cond" truecount="1" falsecount="1"/>
        <line num="1626" count="51" type="cond" truecount="1" falsecount="1"/>
        <line num="1627" count="51" type="stmt"/>
        <line num="1628" count="51" type="stmt"/>
        <line num="1630" count="51" type="cond" truecount="1" falsecount="1"/>
        <line num="1631" count="0" type="stmt"/>
        <line num="1634" count="51" type="stmt"/>
        <line num="1637" count="4" type="cond" truecount="2" falsecount="0"/>
        <line num="1638" count="1" type="cond" truecount="1" falsecount="1"/>
        <line num="1639" count="1" type="cond" truecount="1" falsecount="1"/>
        <line num="1640" count="1" type="stmt"/>
        <line num="1641" count="1" type="stmt"/>
        <line num="1642" count="1" type="cond" truecount="1" falsecount="1"/>
        <line num="1644" count="1" type="cond" truecount="1" falsecount="1"/>
        <line num="1645" count="0" type="stmt"/>
        <line num="1648" count="1" type="stmt"/>
        <line num="1649" count="1" type="stmt"/>
        <line num="1652" count="3" type="cond" truecount="2" falsecount="0"/>
        <line num="1653" count="1" type="stmt"/>
        <line num="1656" count="2" type="cond" truecount="2" falsecount="0"/>
        <line num="1657" count="1" type="stmt"/>
        <line num="1660" count="1" type="stmt"/>
        <line num="1664" count="6" type="cond" truecount="1" falsecount="1"/>
        <line num="1665" count="0" type="stmt"/>
        <line num="1668" count="6" type="stmt"/>
        <line num="1669" count="6" type="stmt"/>
        <line num="1671" count="6" type="stmt"/>
        <line num="1674" count="55" type="cond" truecount="2" falsecount="0"/>
        <line num="1675" count="1" type="cond" truecount="1" falsecount="1"/>
        <line num="1676" count="1" type="stmt"/>
        <line num="1677" count="0" type="cond" truecount="0" falsecount="2"/>
        <line num="1678" count="0" type="stmt"/>
        <line num="1680" count="0" type="stmt"/>
        <line num="1682" count="54" type="cond" truecount="2" falsecount="0"/>
        <line num="1683" count="1" type="stmt"/>
        <line num="1684" count="53" type="cond" truecount="3" falsecount="1"/>
        <line num="1685" count="53" type="stmt"/>
        <line num="1687" count="0" type="stmt"/>
        <line num="1690" count="55" type="stmt"/>
        <line num="1691" count="55" type="cond" truecount="1" falsecount="1"/>
        <line num="1692" count="55" type="stmt"/>
        <line num="1696" count="55" type="cond" truecount="2" falsecount="0"/>
        <line num="1697" count="5" type="stmt"/>
        <line num="1701" count="1" type="cond" truecount="1" falsecount="1"/>
        <line num="1702" count="1" type="cond" truecount="1" falsecount="1"/>
        <line num="1703" count="1" type="cond" truecount="1" falsecount="1"/>
        <line num="1704" count="1" type="stmt"/>
        <line num="1705" count="1" type="stmt"/>
        <line num="1708" count="1" type="cond" truecount="5" falsecount="1"/>
        <line num="1709" count="1" type="stmt"/>
        <line num="1710" count="101" type="stmt"/>
        <line num="1715" count="101" type="cond" truecount="1" falsecount="1"/>
        <line num="1716" count="0" type="stmt"/>
        <line num="1722" count="1" type="stmt"/>
        <line num="1726" count="4" type="cond" truecount="1" falsecount="1"/>
        <line num="1728" count="4" type="cond" truecount="1" falsecount="1"/>
        <line num="1729" count="0" type="stmt"/>
        <line num="1732" count="4" type="stmt"/>
        <line num="1734" count="4" type="cond" truecount="2" falsecount="0"/>
        <line num="1735" count="1" type="stmt"/>
        <line num="1738" count="3" type="stmt"/>
        <line num="1740" count="3" type="stmt"/>
        <line num="1741" count="3" type="stmt"/>
        <line num="1742" count="3" type="stmt"/>
        <line num="1744" count="3" type="stmt"/>
        <line num="1745" count="4" type="stmt"/>
        <line num="1746" count="4" type="stmt"/>
        <line num="1747" count="4" type="stmt"/>
        <line num="1749" count="4" type="cond" truecount="3" falsecount="1"/>
        <line num="1750" count="4" type="stmt"/>
        <line num="1751" count="4" type="stmt"/>
        <line num="1753" count="4" type="cond" truecount="1" falsecount="1"/>
        <line num="1754" count="4" type="stmt"/>
        <line num="1755" count="81" type="stmt"/>
        <line num="1757" count="4" type="stmt"/>
        <line num="1758" count="4" type="stmt"/>
        <line num="1762" count="0" type="stmt"/>
        <line num="1763" count="0" type="stmt"/>
        <line num="1766" count="3" type="stmt"/>
        <line num="1769" count="3" type="stmt"/>
        <line num="1771" count="3" type="cond" truecount="1" falsecount="1"/>
        <line num="1772" count="0" type="stmt"/>
        <line num="1775" count="3" type="stmt"/>
        <line num="1776" count="3" type="stmt"/>
        <line num="1778" count="3" type="cond" truecount="1" falsecount="1"/>
        <line num="1779" count="0" type="stmt"/>
        <line num="1780" count="0" type="stmt"/>
        <line num="1781" count="3" type="cond" truecount="1" falsecount="1"/>
        <line num="1782" count="0" type="stmt"/>
        <line num="1783" count="0" type="stmt"/>
        <line num="1785" count="3" type="stmt"/>
        <line num="1786" count="3" type="stmt"/>
        <line num="1789" count="3" type="cond" truecount="6" falsecount="0"/>
        <line num="1790" count="1" type="stmt"/>
        <line num="1793" count="2" type="stmt"/>
        <line num="1798" count="3" type="cond" truecount="1" falsecount="1"/>
        <line num="1800" count="3" type="cond" truecount="2" falsecount="0"/>
        <line num="1801" count="1" type="stmt"/>
        <line num="1804" count="2" type="stmt"/>
        <line num="1805" count="2" type="stmt"/>
        <line num="1811" count="0" type="stmt"/>
        <line num="1813" count="0" type="cond" truecount="0" falsecount="2"/>
        <line num="1814" count="0" type="stmt"/>
        <line num="1816" count="0" type="cond" truecount="0" falsecount="4"/>
        <line num="1817" count="0" type="stmt"/>
        <line num="1820" count="0" type="stmt"/>
        <line num="1821" count="0" type="stmt"/>
        <line num="1822" count="0" type="cond" truecount="0" falsecount="2"/>
        <line num="1824" count="0" type="stmt"/>
        <line num="1825" count="0" type="stmt"/>
        <line num="1826" count="0" type="cond" truecount="0" falsecount="2"/>
        <line num="1827" count="0" type="stmt"/>
        <line num="1830" count="0" type="stmt"/>
        <line num="1831" count="0" type="cond" truecount="0" falsecount="2"/>
        <line num="1832" count="0" type="stmt"/>
        <line num="1833" count="0" type="stmt"/>
        <line num="1836" count="0" type="cond" truecount="0" falsecount="2"/>
        <line num="1837" count="0" type="stmt"/>
        <line num="1842" count="0" type="stmt"/>
        <line num="1847" count="24" type="cond" truecount="1" falsecount="1"/>
        <line num="1848" count="24" type="cond" truecount="1" falsecount="1"/>
        <line num="1849" count="0" type="stmt"/>
        <line num="1852" count="24" type="stmt"/>
        <line num="1853" count="24" type="cond" truecount="2" falsecount="2"/>
        <line num="1854" count="24" type="stmt"/>
        <line num="1857" count="0" type="stmt"/>
        <line num="1858" count="0" type="stmt"/>
        <line num="1859" count="0" type="stmt"/>
        <line num="1860" count="0" type="cond" truecount="0" falsecount="2"/>
        <line num="1861" count="0" type="cond" truecount="0" falsecount="2"/>
        <line num="1863" count="0" type="cond" truecount="0" falsecount="4"/>
        <line num="1864" count="0" type="stmt"/>
        <line num="1868" count="0" type="stmt"/>
        <line num="1871" count="24" type="stmt"/>
        <line num="1872" count="0" type="stmt"/>
        <line num="1875" count="24" type="stmt"/>
        <line num="1879" count="8" type="stmt"/>
        <line num="1880" count="8" type="stmt"/>
        <line num="1881" count="8" type="stmt"/>
        <line num="1883" count="8" type="cond" truecount="1" falsecount="1"/>
        <line num="1884" count="120" type="stmt"/>
        <line num="1885" count="120" type="stmt"/>
        <line num="1887" count="120" type="cond" truecount="1" falsecount="1"/>
        <line num="1888" count="0" type="stmt"/>
        <line num="1890" count="120" type="cond" truecount="1" falsecount="1"/>
        <line num="1891" count="0" type="stmt"/>
        <line num="1894" count="120" type="cond" truecount="6" falsecount="1"/>
        <line num="1895" count="4" type="cond" truecount="1" falsecount="1"/>
        <line num="1896" count="4" type="stmt"/>
        <line num="1898" count="4" type="stmt"/>
        <line num="1899" count="4" type="stmt"/>
        <line num="1900" count="4" type="stmt"/>
        <line num="1903" count="116" type="stmt"/>
        <line num="1906" count="8" type="cond" truecount="1" falsecount="1"/>
        <line num="1907" count="8" type="stmt"/>
        <line num="1910" count="8" type="stmt"/>
        <line num="1915" count="8" type="stmt"/>
        <line num="1916" count="8" type="stmt"/>
        <line num="1917" count="8" type="stmt"/>
        <line num="1918" count="8" type="stmt"/>
        <line num="1920" count="8" type="stmt"/>
        <line num="1921" count="12" type="stmt"/>
        <line num="1922" count="12" type="cond" truecount="1" falsecount="1"/>
        <line num="1923" count="0" type="stmt"/>
        <line num="1926" count="12" type="stmt"/>
        <line num="1927" count="12" type="stmt"/>
        <line num="1928" count="12" type="stmt"/>
        <line num="1930" count="12" type="cond" truecount="4" falsecount="0"/>
        <line num="1931" count="3" type="stmt"/>
        <line num="1934" count="9" type="cond" truecount="1" falsecount="1"/>
        <line num="1935" count="9" type="stmt"/>
        <line num="1937" count="9" type="cond" truecount="4" falsecount="0"/>
        <line num="1938" count="5" type="stmt"/>
        <line num="1941" count="9" type="cond" truecount="5" falsecount="0"/>
        <line num="1942" count="2" type="stmt"/>
        <line num="1945" count="9" type="cond" truecount="5" falsecount="0"/>
        <line num="1946" count="2" type="stmt"/>
        <line num="1950" count="8" type="stmt"/>
        <line num="1955" count="6" type="stmt"/>
        <line num="1956" count="6" type="stmt"/>
        <line num="1957" count="6" type="stmt"/>
        <line num="1958" count="91" type="stmt"/>
        <line num="1959" count="91" type="cond" truecount="2" falsecount="0"/>
        <line num="1960" count="16" type="stmt"/>
        <line num="1961" count="16" type="stmt"/>
        <line num="1965" count="6" type="stmt"/>
        <line num="1967" count="6" type="cond" truecount="2" falsecount="0"/>
        <line num="1968" count="2" type="stmt"/>
        <line num="1969" count="2" type="stmt"/>
        <line num="1971" count="2" type="stmt"/>
        <line num="1972" count="2" type="stmt"/>
        <line num="1973" count="2" type="stmt"/>
        <line num="1976" count="4" type="cond" truecount="2" falsecount="0"/>
        <line num="1977" count="3" type="stmt"/>
        <line num="1978" count="3" type="stmt"/>
        <line num="1981" count="3" type="cond" truecount="1" falsecount="1"/>
        <line num="1982" count="3" type="cond" truecount="1" falsecount="1"/>
        <line num="1983" count="3" type="stmt"/>
        <line num="1984" count="3" type="stmt"/>
        <line num="1986" count="3" type="stmt"/>
        <line num="1987" count="3" type="stmt"/>
        <line num="1988" count="3" type="stmt"/>
        <line num="1990" count="3" type="stmt"/>
        <line num="1991" count="72" type="stmt"/>
        <line num="1994" count="3" type="stmt"/>
        <line num="1997" count="1" type="cond" truecount="1" falsecount="1"/>
        <line num="1998" count="0" type="stmt"/>
        <line num="1999" count="0" type="stmt"/>
        <line num="2002" count="0" type="cond" truecount="0" falsecount="2"/>
        <line num="2003" count="0" type="cond" truecount="0" falsecount="2"/>
        <line num="2004" count="0" type="stmt"/>
        <line num="2005" count="0" type="stmt"/>
        <line num="2006" count="0" type="cond" truecount="0" falsecount="2"/>
        <line num="2008" count="0" type="stmt"/>
        <line num="2009" count="0" type="stmt"/>
        <line num="2010" count="0" type="stmt"/>
        <line num="2012" count="0" type="stmt"/>
        <line num="2013" count="0" type="stmt"/>
        <line num="2016" count="0" type="stmt"/>
        <line num="2019" count="1" type="cond" truecount="1" falsecount="1"/>
        <line num="2020" count="1" type="stmt"/>
        <line num="2021" count="1" type="stmt"/>
        <line num="2024" count="1" type="stmt"/>
        <line num="2025" count="1" type="stmt"/>
        <line num="2026" count="1" type="stmt"/>
        <line num="2028" count="1" type="stmt"/>
        <line num="2032" count="1" type="stmt"/>
        <line num="2035" count="0" type="stmt"/>
        <line num="2036" count="0" type="stmt"/>
        <line num="2041" count="4" type="cond" truecount="2" falsecount="0"/>
        <line num="2042" count="1" type="cond" truecount="1" falsecount="1"/>
        <line num="2045" count="3" type="stmt"/>
        <line num="2046" count="3" type="stmt"/>
        <line num="2048" count="3" type="stmt"/>
        <line num="2049" count="6" type="cond" truecount="1" falsecount="1"/>
        <line num="2050" count="0" type="stmt"/>
        <line num="2053" count="6" type="stmt"/>
        <line num="2059" count="6" type="stmt"/>
        <line num="2060" count="6" type="cond" truecount="2" falsecount="0"/>
        <line num="2061" count="4" type="stmt"/>
        <line num="2064" count="2" type="stmt"/>
        <line num="2065" count="2" type="cond" truecount="1" falsecount="1"/>
        <line num="2066" count="2" type="stmt"/>
        <line num="2070" count="1" type="stmt"/>
        <line num="2075" count="36" type="stmt"/>
        <line num="2077" count="36" type="cond" truecount="1" falsecount="1"/>
        <line num="2078" count="37" type="stmt"/>
        <line num="2080" count="37" type="cond" truecount="3" falsecount="1"/>
        <line num="2081" count="0" type="stmt"/>
        <line num="2084" count="37" type="stmt"/>
        <line num="2085" count="37" type="stmt"/>
        <line num="2087" count="37" type="cond" truecount="3" falsecount="1"/>
        <line num="2088" count="1" type="stmt"/>
        <line num="2091" count="36" type="stmt"/>
        <line num="2092" count="36" type="stmt"/>
        <line num="2093" count="36" type="stmt"/>
        <line num="2095" count="36" type="cond" truecount="4" falsecount="0"/>
        <line num="2096" count="30" type="cond" truecount="2" falsecount="0"/>
        <line num="2097" count="4" type="stmt"/>
        <line num="2099" count="26" type="stmt"/>
        <line num="2104" count="6" type="cond" truecount="1" falsecount="1"/>
        <line num="2105" count="0" type="stmt"/>
        <line num="2108" count="6" type="stmt"/>
        <line num="2109" count="6" type="stmt"/>
        <line num="2116" count="6" type="cond" truecount="4" falsecount="0"/>
        <line num="2117" count="1" type="stmt"/>
        <line num="2120" count="5" type="cond" truecount="1" falsecount="1"/>
        <line num="2121" count="5" type="stmt"/>
        <line num="2124" count="0" type="cond" truecount="0" falsecount="2"/>
        <line num="2125" count="0" type="stmt"/>
        <line num="2129" count="0" type="stmt"/>
        <line num="2134" count="30" type="cond" truecount="1" falsecount="1"/>
        <line num="2135" count="0" type="stmt"/>
        <line num="2138" count="30" type="cond" truecount="1" falsecount="1"/>
        <line num="2144" count="6" type="stmt"/>
        <line num="2145" count="6" type="stmt"/>
        <line num="2147" count="0" type="stmt"/>
        <line num="2152" count="6" type="cond" truecount="1" falsecount="1"/>
        <line num="2154" count="6" type="stmt"/>
        <line num="2155" count="6" type="cond" truecount="1" falsecount="1"/>
        <line num="2157" count="6" type="cond" truecount="1" falsecount="1"/>
        <line num="2158" count="6" type="cond" truecount="1" falsecount="1"/>
        <line num="2159" count="0" type="stmt"/>
        <line num="2162" count="6" type="cond" truecount="1" falsecount="1"/>
        <line num="2163" count="0" type="cond" truecount="0" falsecount="2"/>
        <line num="2168" count="6" type="stmt"/>
        <line num="2171" count="0" type="stmt"/>
        <line num="2174" count="6" type="stmt"/>
        <line num="2176" count="6" type="stmt"/>
        <line num="2185" count="6" type="stmt"/>
        <line num="2186" count="6" type="cond" truecount="1" falsecount="1"/>
        <line num="2188" count="6" type="stmt"/>
        <line num="2190" count="6" type="stmt"/>
        <line num="2191" count="6" type="stmt"/>
        <line num="2193" count="6" type="cond" truecount="2" falsecount="0"/>
        <line num="2194" count="6" type="cond" truecount="1" falsecount="1"/>
        <line num="2196" count="6" type="cond" truecount="2" falsecount="2"/>
        <line num="2198" count="6" type="cond" truecount="1" falsecount="1"/>
        <line num="2200" count="6" type="cond" truecount="1" falsecount="1"/>
        <line num="2202" count="6" type="cond" truecount="2" falsecount="0"/>
        <line num="2203" count="4" type="cond" truecount="2" falsecount="0"/>
        <line num="2204" count="4" type="cond" truecount="1" falsecount="1"/>
        <line num="2205" count="4" type="cond" truecount="1" falsecount="1"/>
        <line num="2206" count="4" type="cond" truecount="1" falsecount="1"/>
        <line num="2207" count="4" type="cond" truecount="4" falsecount="0"/>
        <line num="2210" count="6" type="cond" truecount="2" falsecount="0"/>
        <line num="2211" count="1" type="cond" truecount="3" falsecount="1"/>
        <line num="2214" count="6" type="cond" truecount="2" falsecount="0"/>
        <line num="2215" count="1" type="cond" truecount="3" falsecount="1"/>
        <line num="2219" count="6" type="stmt"/>
        <line num="2223" count="12" type="stmt"/>
        <line num="2225" count="12" type="stmt"/>
        <line num="2227" count="0" type="stmt"/>
        <line num="2232" count="53" type="cond" truecount="2" falsecount="0"/>
        <line num="2236" count="53" type="cond" truecount="1" falsecount="1"/>
        <line num="2240" count="53" type="cond" truecount="2" falsecount="0"/>
        <line num="2241" count="3" type="stmt"/>
        <line num="2244" count="50" type="cond" truecount="1" falsecount="1"/>
        <line num="2245" count="50" type="stmt"/>
        <line num="2246" count="50" type="stmt"/>
        <line num="2248" count="50" type="stmt"/>
        <line num="2249" count="50" type="stmt"/>
        <line num="2251" count="50" type="cond" truecount="1" falsecount="1"/>
        <line num="2252" count="50" type="stmt"/>
        <line num="2255" count="0" type="cond" truecount="0" falsecount="2"/>
        <line num="2256" count="0" type="stmt"/>
        <line num="2262" count="0" type="stmt"/>
        <line num="2264" count="0" type="stmt"/>
        <line num="2267" count="0" type="cond" truecount="0" falsecount="2"/>
        <line num="2268" count="0" type="stmt"/>
        <line num="2269" count="0" type="stmt"/>
        <line num="2271" count="0" type="cond" truecount="0" falsecount="2"/>
        <line num="2272" count="0" type="stmt"/>
        <line num="2275" count="0" type="cond" truecount="0" falsecount="2"/>
        <line num="2277" count="0" type="cond" truecount="0" falsecount="2"/>
        <line num="2278" count="0" type="stmt"/>
        <line num="2282" count="0" type="stmt"/>
        <line num="2285" count="0" type="stmt"/>
        <line num="2288" count="0" type="stmt"/>
        <line num="2292" count="2" type="cond" truecount="2" falsecount="0"/>
        <line num="2293" count="1" type="stmt"/>
        <line num="2296" count="1" type="stmt"/>
        <line num="2298" count="1" type="stmt"/>
        <line num="2300" count="1" type="stmt"/>
        <line num="2301" count="1" type="stmt"/>
        <line num="2302" count="12" type="stmt"/>
        <line num="2304" count="1" type="stmt"/>
      </file>
      <file name="simulation.js" path="/Users/lucasfrandsen/DTU/S6/Bachelor Thesis/petrinet-io/lib/features/simulation/simulation.js">
        <metrics statements="24" coveredstatements="22" conditionals="14" coveredconditionals="11" methods="4" coveredmethods="3"/>
        <line num="6" count="1" type="stmt"/>
        <line num="9" count="17" type="stmt"/>
        <line num="12" count="17" type="stmt"/>
        <line num="13" count="0" type="cond" truecount="0" falsecount="2"/>
        <line num="14" count="0" type="stmt"/>
        <line num="18" count="17" type="stmt"/>
        <line num="19" count="2" type="stmt"/>
        <line num="20" count="2" type="cond" truecount="1" falsecount="1"/>
        <line num="21" count="2" type="cond" truecount="2" falsecount="0"/>
        <line num="22" count="1" type="stmt"/>
        <line num="31" count="3" type="stmt"/>
        <line num="32" count="3" type="stmt"/>
        <line num="34" count="3" type="cond" truecount="4" falsecount="0"/>
        <line num="35" count="1" type="stmt"/>
        <line num="38" count="3" type="stmt"/>
        <line num="40" count="3" type="cond" truecount="4" falsecount="0"/>
        <line num="41" count="2" type="stmt"/>
        <line num="42" count="2" type="stmt"/>
        <line num="43" count="2" type="stmt"/>
        <line num="44" count="2" type="stmt"/>
        <line num="45" count="2" type="stmt"/>
        <line num="48" count="3" type="stmt"/>
        <line num="50" count="3" type="stmt"/>
        <line num="51" count="3" type="stmt"/>
      </file>
    </package>
    <package name="helpers">
      <metrics statements="600" coveredstatements="413" conditionals="536" coveredconditionals="287" methods="84" coveredmethods="70"/>
      <file name="GuardEngine.js" path="/Users/lucasfrandsen/DTU/S6/Bachelor Thesis/petrinet-io/lib/helpers/GuardEngine.js">
        <metrics statements="203" coveredstatements="118" conditionals="239" coveredconditionals="117" methods="14" coveredmethods="14"/>
        <line num="2" count="3" type="stmt"/>
        <line num="4" count="3" type="stmt"/>
        <line num="5" count="3" type="stmt"/>
        <line num="6" count="3" type="stmt"/>
        <line num="10" count="6" type="cond" truecount="2" falsecount="0"/>
        <line num="15" count="1" type="cond" truecount="1" falsecount="1"/>
        <line num="16" count="0" type="stmt"/>
        <line num="19" count="1" type="cond" truecount="3" falsecount="1"/>
        <line num="20" count="0" type="stmt"/>
        <line num="23" count="1" type="stmt"/>
        <line num="28" count="11" type="cond" truecount="3" falsecount="1"/>
        <line num="29" count="0" type="stmt"/>
        <line num="32" count="11" type="cond" truecount="2" falsecount="0"/>
        <line num="33" count="3" type="stmt"/>
        <line num="36" count="8" type="cond" truecount="2" falsecount="0"/>
        <line num="37" count="4" type="stmt"/>
        <line num="38" count="4" type="cond" truecount="2" falsecount="0"/>
        <line num="39" count="1" type="stmt"/>
        <line num="41" count="3" type="stmt"/>
        <line num="44" count="4" type="cond" truecount="1" falsecount="1"/>
        <line num="45" count="0" type="stmt"/>
        <line num="46" count="0" type="cond" truecount="0" falsecount="4"/>
        <line num="47" count="0" type="stmt"/>
        <line num="49" count="0" type="cond" truecount="0" falsecount="2"/>
        <line num="50" count="0" type="stmt"/>
        <line num="52" count="0" type="stmt"/>
        <line num="53" count="0" type="cond" truecount="0" falsecount="2"/>
        <line num="54" count="0" type="stmt"/>
        <line num="56" count="0" type="stmt"/>
        <line num="59" count="4" type="cond" truecount="1" falsecount="1"/>
        <line num="60" count="0" type="stmt"/>
        <line num="62" count="0" type="cond" truecount="0" falsecount="2"/>
        <line num="63" count="0" type="cond" truecount="0" falsecount="2"/>
        <line num="64" count="0" type="stmt"/>
        <line num="66" count="0" type="stmt"/>
        <line num="69" count="0" type="cond" truecount="0" falsecount="4"/>
        <line num="70" count="0" type="cond" truecount="0" falsecount="2"/>
        <line num="71" count="0" type="stmt"/>
        <line num="73" count="0" type="stmt"/>
        <line num="76" count="0" type="stmt"/>
        <line num="79" count="4" type="cond" truecount="1" falsecount="1"/>
        <line num="80" count="0" type="stmt"/>
        <line num="83" count="4" type="stmt"/>
        <line num="84" count="3" type="stmt"/>
        <line num="85" count="3" type="stmt"/>
        <line num="87" count="3" type="cond" truecount="1" falsecount="1"/>
        <line num="88" count="0" type="cond" truecount="0" falsecount="4"/>
        <line num="89" count="0" type="stmt"/>
        <line num="91" count="0" type="stmt"/>
        <line num="94" count="3" type="cond" truecount="2" falsecount="0"/>
        <line num="95" count="1" type="cond" truecount="3" falsecount="1"/>
        <line num="96" count="0" type="stmt"/>
        <line num="99" count="1" type="cond" truecount="1" falsecount="1"/>
        <line num="100" count="0" type="stmt"/>
        <line num="103" count="1" type="cond" truecount="3" falsecount="1"/>
        <line num="104" count="0" type="stmt"/>
        <line num="107" count="1" type="stmt"/>
        <line num="110" count="2" type="cond" truecount="1" falsecount="1"/>
        <line num="111" count="2" type="cond" truecount="5" falsecount="0"/>
        <line num="112" count="1" type="stmt"/>
        <line num="113" count="0" type="stmt"/>
        <line num="116" count="1" type="cond" truecount="3" falsecount="1"/>
        <line num="117" count="0" type="stmt"/>
        <line num="120" count="1" type="stmt"/>
        <line num="123" count="0" type="stmt"/>
        <line num="128" count="4" type="cond" truecount="1" falsecount="1"/>
        <line num="129" count="4" type="cond" truecount="4" falsecount="0"/>
        <line num="130" count="1" type="stmt"/>
        <line num="132" count="3" type="cond" truecount="4" falsecount="0"/>
        <line num="133" count="2" type="stmt"/>
        <line num="135" count="1" type="stmt"/>
        <line num="138" count="0" type="cond" truecount="0" falsecount="2"/>
        <line num="139" count="0" type="cond" truecount="0" falsecount="4"/>
        <line num="140" count="0" type="stmt"/>
        <line num="142" count="0" type="cond" truecount="0" falsecount="4"/>
        <line num="143" count="0" type="stmt"/>
        <line num="145" count="0" type="stmt"/>
        <line num="148" count="0" type="stmt"/>
        <line num="155" count="641" type="cond" truecount="2" falsecount="0"/>
        <line num="156" count="248" type="stmt"/>
        <line num="159" count="393" type="cond" truecount="2" falsecount="0"/>
        <line num="160" count="198" type="cond" truecount="2" falsecount="0"/>
        <line num="161" count="185" type="stmt"/>
        <line num="164" count="13" type="cond" truecount="1" falsecount="1"/>
        <line num="167" count="195" type="cond" truecount="2" falsecount="0"/>
        <line num="168" count="1" type="stmt"/>
        <line num="169" count="1" type="cond" truecount="2" falsecount="2"/>
        <line num="170" count="0" type="stmt"/>
        <line num="173" count="1" type="cond" truecount="1" falsecount="1"/>
        <line num="174" count="0" type="stmt"/>
        <line num="177" count="1" type="stmt"/>
        <line num="178" count="1" type="cond" truecount="1" falsecount="1"/>
        <line num="179" count="0" type="stmt"/>
        <line num="181" count="1" type="cond" truecount="1" falsecount="1"/>
        <line num="182" count="1" type="stmt"/>
        <line num="184" count="0" type="stmt"/>
        <line num="187" count="194" type="cond" truecount="1" falsecount="1"/>
        <line num="188" count="0" type="stmt"/>
        <line num="190" count="0" type="cond" truecount="0" falsecount="2"/>
        <line num="191" count="0" type="stmt"/>
        <line num="193" count="0" type="cond" truecount="0" falsecount="2"/>
        <line num="194" count="0" type="stmt"/>
        <line num="197" count="0" type="cond" truecount="0" falsecount="2"/>
        <line num="198" count="0" type="cond" truecount="0" falsecount="2"/>
        <line num="201" count="0" type="cond" truecount="0" falsecount="2"/>
        <line num="202" count="0" type="stmt"/>
        <line num="203" count="0" type="cond" truecount="0" falsecount="2"/>
        <line num="206" count="0" type="cond" truecount="0" falsecount="2"/>
        <line num="207" count="0" type="stmt"/>
        <line num="208" count="0" type="cond" truecount="0" falsecount="2"/>
        <line num="211" count="0" type="stmt"/>
        <line num="214" count="194" type="cond" truecount="1" falsecount="1"/>
        <line num="215" count="0" type="stmt"/>
        <line num="218" count="194" type="cond" truecount="2" falsecount="0"/>
        <line num="219" count="4" type="stmt"/>
        <line num="220" count="4" type="stmt"/>
        <line num="222" count="4" type="stmt"/>
        <line num="223" count="8" type="cond" truecount="2" falsecount="0"/>
        <line num="225" count="7" type="cond" truecount="1" falsecount="3"/>
        <line num="226" count="7" type="cond" truecount="1" falsecount="1"/>
        <line num="227" count="7" type="stmt"/>
        <line num="230" count="4" type="stmt"/>
        <line num="231" count="4" type="stmt"/>
        <line num="233" count="4" type="cond" truecount="3" falsecount="1"/>
        <line num="234" count="0" type="stmt"/>
        <line num="237" count="4" type="stmt"/>
        <line num="240" count="190" type="stmt"/>
        <line num="241" count="190" type="stmt"/>
        <line num="243" count="190" type="cond" truecount="4" falsecount="0"/>
        <line num="244" count="7" type="stmt"/>
        <line num="247" count="183" type="cond" truecount="4" falsecount="0"/>
        <line num="248" count="1" type="stmt"/>
        <line num="251" count="182" type="cond" truecount="1" falsecount="1"/>
        <line num="252" count="0" type="stmt"/>
        <line num="253" count="0" type="stmt"/>
        <line num="255" count="0" type="cond" truecount="0" falsecount="4"/>
        <line num="256" count="0" type="stmt"/>
        <line num="259" count="0" type="cond" truecount="0" falsecount="2"/>
        <line num="260" count="0" type="cond" truecount="0" falsecount="2"/>
        <line num="261" count="0" type="cond" truecount="0" falsecount="2"/>
        <line num="262" count="0" type="cond" truecount="0" falsecount="2"/>
        <line num="263" count="0" type="cond" truecount="0" falsecount="2"/>
        <line num="264" count="0" type="stmt"/>
        <line num="266" count="0" type="stmt"/>
        <line num="268" count="0" type="cond" truecount="0" falsecount="2"/>
        <line num="269" count="0" type="cond" truecount="0" falsecount="2"/>
        <line num="270" count="0" type="stmt"/>
        <line num="272" count="0" type="stmt"/>
        <line num="276" count="182" type="cond" truecount="1" falsecount="1"/>
        <line num="277" count="182" type="cond" truecount="4" falsecount="0"/>
        <line num="278" count="168" type="cond" truecount="1" falsecount="1"/>
        <line num="279" count="168" type="cond" truecount="2" falsecount="0"/>
        <line num="280" count="3" type="cond" truecount="1" falsecount="1"/>
        <line num="281" count="3" type="cond" truecount="1" falsecount="1"/>
        <line num="282" count="0" type="cond" truecount="0" falsecount="2"/>
        <line num="285" count="0" type="stmt"/>
        <line num="290" count="3" type="cond" truecount="1" falsecount="1"/>
        <line num="291" count="3" type="cond" truecount="2" falsecount="0"/>
        <line num="292" count="2" type="cond" truecount="1" falsecount="1"/>
        <line num="293" count="0" type="cond" truecount="0" falsecount="4"/>
        <line num="294" count="0" type="cond" truecount="0" falsecount="5"/>
        <line num="295" count="0" type="stmt"/>
        <line num="300" count="2" type="cond" truecount="1" falsecount="1"/>
        <line num="301" count="0" type="stmt"/>
        <line num="303" count="2" type="cond" truecount="1" falsecount="1"/>
        <line num="304" count="0" type="cond" truecount="0" falsecount="2"/>
        <line num="306" count="2" type="stmt"/>
        <line num="311" count="8" type="cond" truecount="3" falsecount="1"/>
        <line num="312" count="0" type="stmt"/>
        <line num="315" count="8" type="cond" truecount="2" falsecount="0"/>
        <line num="316" count="2" type="stmt"/>
        <line num="319" count="6" type="cond" truecount="2" falsecount="0"/>
        <line num="320" count="2" type="stmt"/>
        <line num="323" count="4" type="cond" truecount="2" falsecount="0"/>
        <line num="324" count="1" type="stmt"/>
        <line num="325" count="1" type="stmt"/>
        <line num="328" count="3" type="cond" truecount="1" falsecount="1"/>
        <line num="329" count="0" type="stmt"/>
        <line num="330" count="0" type="stmt"/>
        <line num="333" count="3" type="cond" truecount="1" falsecount="1"/>
        <line num="334" count="3" type="stmt"/>
        <line num="335" count="3" type="stmt"/>
        <line num="336" count="3" type="stmt"/>
        <line num="337" count="3" type="stmt"/>
        <line num="338" count="3" type="cond" truecount="1" falsecount="1"/>
        <line num="341" count="0" type="stmt"/>
        <line num="346" count="4" type="stmt"/>
        <line num="347" count="2" type="cond" truecount="2" falsecount="0"/>
        <line num="348" count="1" type="stmt"/>
        <line num="350" count="1" type="stmt"/>
        <line num="357" count="252" type="stmt"/>
        <line num="358" count="252" type="stmt"/>
        <line num="360" count="252" type="cond" truecount="2" falsecount="0"/>
        <line num="361" count="13" type="stmt"/>
        <line num="364" count="239" type="stmt"/>
        <line num="370" count="240" type="stmt"/>
        <line num="371" count="240" type="stmt"/>
        <line num="373" count="240" type="cond" truecount="2" falsecount="0"/>
        <line num="375" count="8" type="cond" truecount="2" falsecount="0"/>
        <line num="376" count="7" type="stmt"/>
        <line num="378" count="1" type="stmt"/>
        <line num="381" count="232" type="stmt"/>
        <line num="386" count="1" type="stmt"/>
      </file>
      <file name="GuardParser.js" path="/Users/lucasfrandsen/DTU/S6/Bachelor Thesis/petrinet-io/lib/helpers/GuardParser.js">
        <metrics statements="164" coveredstatements="146" conditionals="75" coveredconditionals="60" methods="20" coveredmethods="20"/>
        <line num="3" count="222" type="stmt"/>
        <line num="8" count="309" type="stmt"/>
        <line num="13" count="940" type="stmt"/>
        <line num="18" count="204" type="stmt"/>
        <line num="19" count="204" type="stmt"/>
        <line num="21" count="204" type="stmt"/>
        <line num="22" count="1086" type="stmt"/>
        <line num="24" count="1086" type="cond" truecount="2" falsecount="0"/>
        <line num="25" count="435" type="stmt"/>
        <line num="26" count="435" type="stmt"/>
        <line num="29" count="651" type="stmt"/>
        <line num="31" count="651" type="cond" truecount="2" falsecount="0"/>
        <line num="32" count="43" type="stmt"/>
        <line num="33" count="43" type="stmt"/>
        <line num="34" count="43" type="stmt"/>
        <line num="37" count="608" type="cond" truecount="2" falsecount="0"/>
        <line num="38" count="184" type="cond" truecount="2" falsecount="0"/>
        <line num="39" count="184" type="stmt"/>
        <line num="40" count="184" type="stmt"/>
        <line num="41" count="184" type="stmt"/>
        <line num="44" count="424" type="cond" truecount="4" falsecount="0"/>
        <line num="45" count="8" type="stmt"/>
        <line num="46" count="8" type="stmt"/>
        <line num="47" count="8" type="stmt"/>
        <line num="48" count="8" type="stmt"/>
        <line num="50" count="8" type="stmt"/>
        <line num="51" count="38" type="stmt"/>
        <line num="53" count="38" type="cond" truecount="1" falsecount="1"/>
        <line num="54" count="0" type="stmt"/>
        <line num="55" count="0" type="cond" truecount="0" falsecount="2"/>
        <line num="56" count="0" type="stmt"/>
        <line num="59" count="0" type="stmt"/>
        <line num="60" count="0" type="stmt"/>
        <line num="61" count="0" type="stmt"/>
        <line num="64" count="38" type="cond" truecount="2" falsecount="0"/>
        <line num="65" count="7" type="stmt"/>
        <line num="66" count="7" type="stmt"/>
        <line num="67" count="7" type="stmt"/>
        <line num="70" count="31" type="stmt"/>
        <line num="71" count="31" type="stmt"/>
        <line num="74" count="8" type="cond" truecount="2" falsecount="0"/>
        <line num="75" count="1" type="stmt"/>
        <line num="78" count="7" type="stmt"/>
        <line num="83" count="7" type="stmt"/>
        <line num="86" count="416" type="cond" truecount="4" falsecount="3"/>
        <line num="87" count="194" type="stmt"/>
        <line num="88" count="194" type="stmt"/>
        <line num="90" count="194" type="stmt"/>
        <line num="91" count="524" type="stmt"/>
        <line num="93" count="524" type="cond" truecount="2" falsecount="0"/>
        <line num="94" count="513" type="stmt"/>
        <line num="95" count="513" type="stmt"/>
        <line num="96" count="513" type="stmt"/>
        <line num="99" count="11" type="cond" truecount="2" falsecount="0"/>
        <line num="100" count="4" type="stmt"/>
        <line num="101" count="4" type="cond" truecount="1" falsecount="1"/>
        <line num="102" count="0" type="stmt"/>
        <line num="104" count="4" type="stmt"/>
        <line num="105" count="4" type="stmt"/>
        <line num="106" count="4" type="stmt"/>
        <line num="109" count="7" type="stmt"/>
        <line num="112" count="194" type="cond" truecount="3" falsecount="1"/>
        <line num="113" count="0" type="stmt"/>
        <line num="116" count="194" type="stmt"/>
        <line num="121" count="194" type="stmt"/>
        <line num="124" count="222" type="cond" truecount="1" falsecount="1"/>
        <line num="125" count="222" type="stmt"/>
        <line num="126" count="222" type="stmt"/>
        <line num="128" count="222" type="cond" truecount="2" falsecount="0"/>
        <line num="129" count="95" type="stmt"/>
        <line num="130" count="95" type="stmt"/>
        <line num="133" count="222" type="cond" truecount="2" falsecount="0"/>
        <line num="134" count="7" type="stmt"/>
        <line num="140" count="215" type="stmt"/>
        <line num="146" count="222" type="stmt"/>
        <line num="149" count="0" type="stmt"/>
        <line num="152" count="203" type="stmt"/>
        <line num="159" count="203" type="stmt"/>
        <line num="160" count="203" type="stmt"/>
        <line num="165" count="203" type="stmt"/>
        <line num="167" count="201" type="cond" truecount="1" falsecount="1"/>
        <line num="168" count="0" type="stmt"/>
        <line num="171" count="201" type="stmt"/>
        <line num="176" count="208" type="stmt"/>
        <line num="178" count="206" type="stmt"/>
        <line num="179" count="1" type="stmt"/>
        <line num="180" count="1" type="stmt"/>
        <line num="181" count="1" type="stmt"/>
        <line num="189" count="206" type="stmt"/>
        <line num="194" count="209" type="stmt"/>
        <line num="196" count="207" type="stmt"/>
        <line num="197" count="7" type="stmt"/>
        <line num="198" count="7" type="stmt"/>
        <line num="199" count="7" type="stmt"/>
        <line num="207" count="207" type="stmt"/>
        <line num="212" count="216" type="stmt"/>
        <line num="214" count="215" type="stmt"/>
        <line num="215" count="208" type="stmt"/>
        <line num="216" count="208" type="stmt"/>
[...]
        <line num="1530" count="0" type="stmt"/>
        <line num="1531" count="0" type="cond" truecount="0" falsecount="2"/>
        <line num="1532" count="0" type="stmt"/>
        <line num="1534" count="0" type="stmt"/>
        <line num="1535" count="0" type="stmt"/>
        <line num="1536" count="0" type="stmt"/>
        <line num="1537" count="0" type="stmt"/>
        <line num="1538" count="0" type="stmt"/>
        <line num="1541" count="0" type="stmt"/>
        <line num="1542" count="0" type="cond" truecount="0" falsecount="2"/>
        <line num="1543" count="0" type="cond" truecount="0" falsecount="2"/>
        <line num="1544" count="0" type="cond" truecount="0" falsecount="2"/>
        <line num="1546" count="0" type="stmt"/>
        <line num="1547" count="0" type="stmt"/>
        <line num="1549" count="0" type="stmt"/>
        <line num="1550" count="0" type="stmt"/>
        <line num="1551" count="0" type="stmt"/>
        <line num="1552" count="0" type="cond" truecount="0" falsecount="2"/>
        <line num="1553" count="0" type="cond" truecount="0" falsecount="2"/>
        <line num="1554" count="0" type="cond" truecount="0" falsecount="2"/>
        <line num="1555" count="0" type="stmt"/>
        <line num="1559" count="0" type="stmt"/>
        <line num="1560" count="0" type="stmt"/>
        <line num="1561" count="0" type="stmt"/>
        <line num="1562" count="0" type="cond" truecount="0" falsecount="2"/>
        <line num="1563" count="0" type="cond" truecount="0" falsecount="2"/>
        <line num="1564" count="0" type="cond" truecount="0" falsecount="2"/>
        <line num="1565" count="0" type="stmt"/>
        <line num="1569" count="0" type="stmt"/>
        <line num="1571" count="0" type="stmt"/>
        <line num="1573" count="0" type="stmt"/>
        <line num="1574" count="0" type="stmt"/>
        <line num="1575" count="0" type="stmt"/>
        <line num="1576" count="0" type="stmt"/>
        <line num="1577" count="0" type="stmt"/>
        <line num="1578" count="0" type="stmt"/>
        <line num="1579" count="0" type="stmt"/>
        <line num="1581" count="0" type="stmt"/>
        <line num="1582" count="0" type="stmt"/>
        <line num="1583" count="0" type="stmt"/>
        <line num="1584" count="0" type="stmt"/>
        <line num="1586" count="0" type="cond" truecount="0" falsecount="2"/>
        <line num="1587" count="0" type="stmt"/>
        <line num="1589" count="0" type="stmt"/>
        <line num="1590" count="0" type="stmt"/>
        <line num="1591" count="0" type="stmt"/>
        <line num="1592" count="0" type="stmt"/>
        <line num="1594" count="0" type="stmt"/>
        <line num="1595" count="0" type="stmt"/>
        <line num="1596" count="0" type="stmt"/>
        <line num="1597" count="0" type="stmt"/>
        <line num="1598" count="0" type="stmt"/>
        <line num="1599" count="0" type="stmt"/>
        <line num="1600" count="0" type="stmt"/>
        <line num="1601" count="0" type="stmt"/>
        <line num="1602" count="0" type="stmt"/>
        <line num="1603" count="0" type="stmt"/>
        <line num="1605" count="0" type="cond" truecount="0" falsecount="4"/>
        <line num="1606" count="0" type="stmt"/>
        <line num="1607" count="0" type="stmt"/>
        <line num="1610" count="0" type="stmt"/>
        <line num="1611" count="0" type="stmt"/>
        <line num="1613" count="0" type="stmt"/>
        <line num="1614" count="0" type="stmt"/>
        <line num="1615" count="0" type="stmt"/>
        <line num="1616" count="0" type="stmt"/>
        <line num="1617" count="0" type="stmt"/>
        <line num="1619" count="0" type="stmt"/>
        <line num="1620" count="0" type="stmt"/>
        <line num="1621" count="0" type="stmt"/>
        <line num="1622" count="0" type="stmt"/>
        <line num="1624" count="0" type="cond" truecount="0" falsecount="2"/>
        <line num="1625" count="0" type="stmt"/>
        <line num="1626" count="0" type="cond" truecount="0" falsecount="2"/>
        <line num="1627" count="0" type="stmt"/>
        <line num="1628" count="0" type="stmt"/>
        <line num="1629" count="0" type="stmt"/>
        <line num="1630" count="0" type="stmt"/>
        <line num="1631" count="0" type="stmt"/>
        <line num="1632" count="0" type="stmt"/>
        <line num="1633" count="0" type="stmt"/>
        <line num="1634" count="0" type="stmt"/>
        <line num="1635" count="0" type="stmt"/>
        <line num="1636" count="0" type="stmt"/>
        <line num="1639" count="0" type="stmt"/>
        <line num="1640" count="0" type="stmt"/>
        <line num="1641" count="0" type="stmt"/>
        <line num="1642" count="0" type="stmt"/>
        <line num="1643" count="0" type="cond" truecount="0" falsecount="2"/>
        <line num="1645" count="0" type="stmt"/>
        <line num="1646" count="0" type="stmt"/>
        <line num="1647" count="0" type="stmt"/>
        <line num="1649" count="0" type="cond" truecount="0" falsecount="2"/>
        <line num="1650" count="0" type="stmt"/>
        <line num="1653" count="0" type="stmt"/>
        <line num="1654" count="0" type="cond" truecount="0" falsecount="2"/>
        <line num="1655" count="0" type="stmt"/>
        <line num="1657" count="0" type="cond" truecount="0" falsecount="2"/>
        <line num="1658" count="0" type="stmt"/>
        <line num="1662" count="0" type="stmt"/>
        <line num="1663" count="0" type="stmt"/>
        <line num="1664" count="0" type="stmt"/>
        <line num="1665" count="0" type="stmt"/>
        <line num="1668" count="0" type="stmt"/>
        <line num="1671" count="0" type="stmt"/>
        <line num="1674" count="0" type="stmt"/>
        <line num="1676" count="0" type="stmt"/>
        <line num="1677" count="0" type="stmt"/>
        <line num="1678" count="0" type="stmt"/>
        <line num="1679" count="0" type="stmt"/>
        <line num="1681" count="0" type="stmt"/>
        <line num="1682" count="0" type="stmt"/>
        <line num="1683" count="0" type="stmt"/>
        <line num="1684" count="0" type="stmt"/>
        <line num="1685" count="0" type="stmt"/>
        <line num="1687" count="0" type="stmt"/>
        <line num="1688" count="0" type="stmt"/>
        <line num="1689" count="0" type="stmt"/>
        <line num="1690" count="0" type="stmt"/>
        <line num="1691" count="0" type="stmt"/>
        <line num="1692" count="0" type="stmt"/>
        <line num="1693" count="0" type="stmt"/>
        <line num="1695" count="0" type="stmt"/>
        <line num="1696" count="0" type="stmt"/>
        <line num="1697" count="0" type="stmt"/>
        <line num="1698" count="0" type="stmt"/>
        <line num="1700" count="0" type="cond" truecount="0" falsecount="2"/>
        <line num="1701" count="0" type="stmt"/>
        <line num="1703" count="0" type="stmt"/>
        <line num="1704" count="0" type="stmt"/>
        <line num="1705" count="0" type="stmt"/>
        <line num="1706" count="0" type="stmt"/>
        <line num="1708" count="0" type="stmt"/>
        <line num="1709" count="0" type="cond" truecount="0" falsecount="2"/>
        <line num="1710" count="0" type="stmt"/>
        <line num="1711" count="0" type="stmt"/>
        <line num="1712" count="0" type="stmt"/>
        <line num="1713" count="0" type="stmt"/>
        <line num="1714" count="0" type="stmt"/>
        <line num="1715" count="0" type="stmt"/>
        <line num="1716" count="0" type="stmt"/>
        <line num="1717" count="0" type="stmt"/>
        <line num="1718" count="0" type="stmt"/>
        <line num="1720" count="0" type="cond" truecount="0" falsecount="2"/>
        <line num="1721" count="0" type="stmt"/>
        <line num="1722" count="0" type="stmt"/>
        <line num="1725" count="0" type="stmt"/>
        <line num="1726" count="0" type="stmt"/>
        <line num="1728" count="0" type="stmt"/>
        <line num="1729" count="0" type="stmt"/>
        <line num="1730" count="0" type="stmt"/>
        <line num="1731" count="0" type="stmt"/>
        <line num="1732" count="0" type="stmt"/>
        <line num="1734" count="0" type="stmt"/>
        <line num="1735" count="0" type="stmt"/>
        <line num="1736" count="0" type="cond" truecount="0" falsecount="2"/>
        <line num="1737" count="0" type="stmt"/>
        <line num="1740" count="0" type="cond" truecount="0" falsecount="2"/>
        <line num="1741" count="0" type="stmt"/>
        <line num="1742" count="0" type="cond" truecount="0" falsecount="2"/>
        <line num="1743" count="0" type="stmt"/>
        <line num="1744" count="0" type="cond" truecount="0" falsecount="2"/>
        <line num="1745" count="0" type="stmt"/>
        <line num="1746" count="0" type="stmt"/>
        <line num="1747" count="0" type="stmt"/>
        <line num="1748" count="0" type="stmt"/>
        <line num="1749" count="0" type="stmt"/>
        <line num="1750" count="0" type="stmt"/>
        <line num="1751" count="0" type="stmt"/>
        <line num="1752" count="0" type="stmt"/>
        <line num="1755" count="0" type="stmt"/>
        <line num="1756" count="0" type="stmt"/>
        <line num="1757" count="0" type="stmt"/>
        <line num="1758" count="0" type="stmt"/>
        <line num="1759" count="0" type="cond" truecount="0" falsecount="2"/>
        <line num="1761" count="0" type="stmt"/>
        <line num="1762" count="0" type="stmt"/>
        <line num="1763" count="0" type="stmt"/>
        <line num="1765" count="0" type="cond" truecount="0" falsecount="2"/>
        <line num="1766" count="0" type="stmt"/>
        <line num="1769" count="0" type="stmt"/>
        <line num="1770" count="0" type="cond" truecount="0" falsecount="2"/>
        <line num="1771" count="0" type="stmt"/>
        <line num="1774" count="0" type="cond" truecount="0" falsecount="2"/>
        <line num="1775" count="0" type="cond" truecount="0" falsecount="2"/>
        <line num="1776" count="0" type="stmt"/>
        <line num="1778" count="0" type="stmt"/>
        <line num="1781" count="0" type="stmt"/>
        <line num="1785" count="0" type="stmt"/>
        <line num="1786" count="0" type="stmt"/>
        <line num="1787" count="0" type="stmt"/>
        <line num="1788" count="0" type="stmt"/>
        <line num="1791" count="0" type="stmt"/>
        <line num="1794" count="0" type="stmt"/>
        <line num="1797" count="0" type="stmt"/>
        <line num="1799" count="0" type="stmt"/>
        <line num="1800" count="0" type="cond" truecount="0" falsecount="2"/>
        <line num="1801" count="0" type="stmt"/>
        <line num="1802" count="0" type="stmt"/>
        <line num="1803" count="0" type="cond" truecount="0" falsecount="2"/>
        <line num="1804" count="0" type="stmt"/>
        <line num="1807" count="0" type="stmt"/>
        <line num="1808" count="0" type="stmt"/>
        <line num="1809" count="0" type="stmt"/>
        <line num="1810" count="0" type="stmt"/>
        <line num="1812" count="0" type="stmt"/>
        <line num="1813" count="0" type="stmt"/>
        <line num="1814" count="0" type="stmt"/>
        <line num="1815" count="0" type="stmt"/>
        <line num="1817" count="0" type="stmt"/>
        <line num="1818" count="0" type="stmt"/>
        <line num="1819" count="0" type="stmt"/>
        <line num="1821" count="0" type="stmt"/>
        <line num="1822" count="0" type="cond" truecount="0" falsecount="2"/>
        <line num="1823" count="0" type="stmt"/>
        <line num="1827" count="0" type="stmt"/>
        <line num="1831" count="0" type="stmt"/>
        <line num="1837" count="0" type="stmt"/>
        <line num="1842" count="0" type="stmt"/>
        <line num="1843" count="0" type="stmt"/>
        <line num="1844" count="0" type="stmt"/>
        <line num="1845" count="0" type="stmt"/>
        <line num="1846" count="0" type="stmt"/>
        <line num="1848" count="0" type="stmt"/>
        <line num="1849" count="0" type="cond" truecount="0" falsecount="2"/>
        <line num="1850" count="0" type="stmt"/>
        <line num="1851" count="0" type="stmt"/>
        <line num="1852" count="0" type="stmt"/>
        <line num="1856" count="0" type="stmt"/>
        <line num="1857" count="0" type="stmt"/>
        <line num="1860" count="0" type="stmt"/>
        <line num="1861" count="0" type="stmt"/>
        <line num="1864" count="0" type="stmt"/>
        <line num="1865" count="0" type="stmt"/>
        <line num="1866" count="0" type="stmt"/>
        <line num="1867" count="0" type="stmt"/>
        <line num="1868" count="0" type="stmt"/>
        <line num="1871" count="0" type="stmt"/>
        <line num="1872" count="0" type="stmt"/>
        <line num="1873" count="0" type="stmt"/>
        <line num="1874" count="0" type="stmt"/>
        <line num="1876" count="0" type="stmt"/>
        <line num="1877" count="0" type="stmt"/>
        <line num="1878" count="0" type="stmt"/>
        <line num="1879" count="0" type="stmt"/>
        <line num="1880" count="0" type="stmt"/>
        <line num="1882" count="0" type="stmt"/>
        <line num="1883" count="0" type="stmt"/>
        <line num="1884" count="0" type="stmt"/>
        <line num="1885" count="0" type="stmt"/>
        <line num="1887" count="0" type="stmt"/>
        <line num="1888" count="0" type="stmt"/>
        <line num="1889" count="0" type="stmt"/>
        <line num="1890" count="0" type="stmt"/>
        <line num="1891" count="0" type="stmt"/>
        <line num="1892" count="0" type="stmt"/>
        <line num="1893" count="0" type="cond" truecount="0" falsecount="4"/>
        <line num="1894" count="0" type="stmt"/>
        <line num="1895" count="0" type="stmt"/>
        <line num="1896" count="0" type="stmt"/>
        <line num="1897" count="0" type="stmt"/>
        <line num="1900" count="0" type="stmt"/>
        <line num="1902" count="0" type="stmt"/>
        <line num="1904" count="0" type="stmt"/>
        <line num="1905" count="0" type="stmt"/>
        <line num="1906" count="0" type="stmt"/>
        <line num="1907" count="0" type="stmt"/>
        <line num="1908" count="0" type="stmt"/>
        <line num="1910" count="0" type="stmt"/>
        <line num="1911" count="0" type="stmt"/>
        <line num="1914" count="0" type="stmt"/>
        <line num="1915" count="0" type="stmt"/>
        <line num="1916" count="0" type="stmt"/>
        <line num="1917" count="0" type="stmt"/>
        <line num="1919" count="0" type="stmt"/>
        <line num="1920" count="0" type="stmt"/>
        <line num="1921" count="0" type="stmt"/>
        <line num="1922" count="0" type="stmt"/>
        <line num="1923" count="0" type="stmt"/>
        <line num="1925" count="0" type="stmt"/>
        <line num="1926" count="0" type="stmt"/>
        <line num="1927" count="0" type="stmt"/>
        <line num="1928" count="0" type="stmt"/>
        <line num="1930" count="0" type="stmt"/>
        <line num="1931" count="0" type="stmt"/>
        <line num="1932" count="0" type="stmt"/>
        <line num="1933" count="0" type="stmt"/>
        <line num="1934" count="0" type="stmt"/>
        <line num="1935" count="0" type="stmt"/>
        <line num="1936" count="0" type="cond" truecount="0" falsecount="4"/>
        <line num="1937" count="0" type="stmt"/>
        <line num="1938" count="0" type="stmt"/>
        <line num="1939" count="0" type="stmt"/>
        <line num="1940" count="0" type="stmt"/>
        <line num="1943" count="0" type="stmt"/>
        <line num="1945" count="0" type="stmt"/>
        <line num="1947" count="0" type="stmt"/>
        <line num="1948" count="0" type="stmt"/>
        <line num="1949" count="0" type="stmt"/>
        <line num="1950" count="0" type="stmt"/>
        <line num="1951" count="0" type="stmt"/>
        <line num="1953" count="0" type="stmt"/>
        <line num="1954" count="0" type="stmt"/>
        <line num="1956" count="0" type="stmt"/>
        <line num="1959" count="0" type="stmt"/>
        <line num="1961" count="0" type="stmt"/>
        <line num="1963" count="0" type="stmt"/>
        <line num="1964" count="0" type="cond" truecount="0" falsecount="4"/>
        <line num="1965" count="0" type="stmt"/>
        <line num="1967" count="0" type="stmt"/>
        <line num="1968" count="0" type="stmt"/>
        <line num="1969" count="0" type="stmt"/>
        <line num="1972" count="0" type="stmt"/>
        <line num="1973" count="0" type="cond" truecount="0" falsecount="2"/>
        <line num="1974" count="0" type="cond" truecount="0" falsecount="2"/>
        <line num="1977" count="0" type="stmt"/>
        <line num="1978" count="0" type="stmt"/>
        <line num="1980" count="0" type="stmt"/>
        <line num="1982" count="0" type="stmt"/>
        <line num="1983" count="0" type="cond" truecount="0" falsecount="2"/>
        <line num="1986" count="0" type="stmt"/>
        <line num="1989" count="0" type="stmt"/>
        <line num="1990" count="0" type="stmt"/>
      </file>
      <file name="IdCounterService.js" path="/Users/lucasfrandsen/DTU/S6/Bachelor Thesis/petrinet-io/lib/services/IdCounterService.js">
        <metrics statements="52" coveredstatements="47" conditionals="18" coveredconditionals="11" methods="21" coveredmethods="17"/>
        <line num="1" count="1" type="cond" truecount="3" falsecount="1"/>
        <line num="2" count="0" type="stmt"/>
        <line num="3" count="0" type="stmt"/>
        <line num="6" count="1" type="stmt"/>
        <line num="8" count="6" type="stmt"/>
        <line num="9" count="6" type="stmt"/>
        <line num="10" count="6" type="stmt"/>
        <line num="11" count="6" type="stmt"/>
        <line num="15" count="3" type="stmt"/>
        <line num="16" count="3" type="stmt"/>
        <line num="18" count="3" type="stmt"/>
        <line num="20" count="2" type="stmt"/>
        <line num="22" count="2" type="stmt"/>
        <line num="23" count="2" type="cond" truecount="1" falsecount="1"/>
        <line num="25" count="2" type="stmt"/>
        <line num="28" count="3" type="stmt"/>
        <line num="29" count="3" type="stmt"/>
        <line num="30" count="1" type="stmt"/>
        <line num="34" count="3" type="cond" truecount="1" falsecount="1"/>
        <line num="35" count="3" type="stmt"/>
        <line num="38" count="3" type="stmt"/>
        <line num="42" count="3" type="stmt"/>
        <line num="43" count="3" type="stmt"/>
        <line num="46" count="3" type="stmt"/>
        <line num="48" count="2" type="stmt"/>
        <line num="49" count="2" type="stmt"/>
        <line num="51" count="2" type="stmt"/>
        <line num="52" count="2" type="cond" truecount="1" falsecount="1"/>
        <line num="54" count="2" type="stmt"/>
        <line num="58" count="3" type="stmt"/>
        <line num="59" count="3" type="stmt"/>
        <line num="60" count="2" type="stmt"/>
        <line num="64" count="3" type="cond" truecount="1" falsecount="1"/>
        <line num="65" count="3" type="stmt"/>
        <line num="68" count="3" type="stmt"/>
        <line num="72" count="1" type="stmt"/>
        <line num="73" count="2" type="stmt"/>
        <line num="76" count="1" type="stmt"/>
        <line num="78" count="2" type="stmt"/>
        <line num="79" count="2" type="stmt"/>
        <line num="83" count="1" type="stmt"/>
        <line num="84" count="1" type="stmt"/>
        <line num="85" count="2" type="stmt"/>
        <line num="88" count="1" type="stmt"/>
        <line num="92" count="0" type="stmt"/>
        <line num="97" count="2" type="cond" truecount="1" falsecount="1"/>
        <line num="98" count="2" type="cond" truecount="2" falsecount="0"/>
        <line num="99" count="1" type="stmt"/>
        <line num="100" count="1" type="cond" truecount="1" falsecount="1"/>
        <line num="101" count="1" type="stmt"/>
        <line num="103" count="0" type="stmt"/>
        <line num="109" count="0" type="stmt"/>
      </file>
    </package>
  </project>
</coverage>
