{"/Users/lucasfrandsen/DTU/S6/Bachelor Thesis/petrinet-io/lib/features/simulation/BaseSimulationService.js": {"path":"/Users/lucasfrandsen/DTU/S6/Bachelor Thesis/petrinet-io/lib/features/simulation/BaseSimulationService.js","statementMap":{"0":{"start":{"line":20,"column":21},"end":{"line":20,"column":136}},"1":{"start":{"line":23,"column":8},"end":{"line":23,"column":33}},"2":{"start":{"line":24,"column":8},"end":{"line":24,"column":47}},"3":{"start":{"line":25,"column":8},"end":{"line":25,"column":29}},"4":{"start":{"line":26,"column":8},"end":{"line":26,"column":39}},"5":{"start":{"line":27,"column":8},"end":{"line":27,"column":47}},"6":{"start":{"line":28,"column":8},"end":{"line":28,"column":49}},"7":{"start":{"line":29,"column":8},"end":{"line":29,"column":49}},"8":{"start":{"line":30,"column":8},"end":{"line":30,"column":30}},"9":{"start":{"line":31,"column":8},"end":{"line":31,"column":49}},"10":{"start":{"line":32,"column":8},"end":{"line":32,"column":43}},"11":{"start":{"line":33,"column":8},"end":{"line":33,"column":44}},"12":{"start":{"line":34,"column":8},"end":{"line":34,"column":38}},"13":{"start":{"line":35,"column":8},"end":{"line":35,"column":40}},"14":{"start":{"line":36,"column":8},"end":{"line":36,"column":34}},"15":{"start":{"line":37,"column":8},"end":{"line":37,"column":44}},"16":{"start":{"line":38,"column":8},"end":{"line":38,"column":42}},"17":{"start":{"line":39,"column":8},"end":{"line":39,"column":30}},"18":{"start":{"line":40,"column":8},"end":{"line":40,"column":31}},"19":{"start":{"line":41,"column":8},"end":{"line":41,"column":34}},"20":{"start":{"line":42,"column":8},"end":{"line":42,"column":33}},"21":{"start":{"line":43,"column":8},"end":{"line":43,"column":32}},"22":{"start":{"line":44,"column":8},"end":{"line":44,"column":47}},"23":{"start":{"line":48,"column":8},"end":{"line":48,"column":84}},"24":{"start":{"line":48,"column":51},"end":{"line":48,"column":82}},"25":{"start":{"line":49,"column":8},"end":{"line":49,"column":93}},"26":{"start":{"line":49,"column":60},"end":{"line":49,"column":91}},"27":{"start":{"line":50,"column":8},"end":{"line":50,"column":94}},"28":{"start":{"line":50,"column":61},"end":{"line":50,"column":92}},"29":{"start":{"line":55,"column":8},"end":{"line":55,"column":29}},"30":{"start":{"line":60,"column":8},"end":{"line":60,"column":53}},"31":{"start":{"line":61,"column":8},"end":{"line":61,"column":30}},"32":{"start":{"line":62,"column":8},"end":{"line":62,"column":32}},"33":{"start":{"line":63,"column":8},"end":{"line":63,"column":40}},"34":{"start":{"line":67,"column":8},"end":{"line":67,"column":45}},"35":{"start":{"line":69,"column":25},"end":{"line":69,"column":54}},"36":{"start":{"line":70,"column":23},"end":{"line":70,"column":71}},"37":{"start":{"line":70,"column":45},"end":{"line":70,"column":70}},"38":{"start":{"line":72,"column":8},"end":{"line":76,"column":11}},"39":{"start":{"line":73,"column":28},"end":{"line":73,"column":74}},"40":{"start":{"line":74,"column":12},"end":{"line":74,"column":64}},"41":{"start":{"line":75,"column":12},"end":{"line":75,"column":39}},"42":{"start":{"line":78,"column":8},"end":{"line":78,"column":95}},"43":{"start":{"line":79,"column":8},"end":{"line":79,"column":79}},"44":{"start":{"line":83,"column":8},"end":{"line":85,"column":9}},"45":{"start":{"line":84,"column":12},"end":{"line":84,"column":19}},"46":{"start":{"line":87,"column":8},"end":{"line":87,"column":43}},"47":{"start":{"line":92,"column":8},"end":{"line":92,"column":39}},"48":{"start":{"line":94,"column":25},"end":{"line":94,"column":54}},"49":{"start":{"line":95,"column":23},"end":{"line":95,"column":71}},"50":{"start":{"line":95,"column":45},"end":{"line":95,"column":70}},"51":{"start":{"line":97,"column":8},"end":{"line":101,"column":11}},"52":{"start":{"line":98,"column":28},"end":{"line":98,"column":74}},"53":{"start":{"line":99,"column":12},"end":{"line":99,"column":58}},"54":{"start":{"line":100,"column":12},"end":{"line":100,"column":39}},"55":{"start":{"line":103,"column":8},"end":{"line":103,"column":89}},"56":{"start":{"line":104,"column":8},"end":{"line":104,"column":73}},"57":{"start":{"line":110,"column":8},"end":{"line":115,"column":9}},"58":{"start":{"line":111,"column":12},"end":{"line":113,"column":13}},"59":{"start":{"line":112,"column":16},"end":{"line":112,"column":125}},"60":{"start":{"line":114,"column":12},"end":{"line":114,"column":19}},"61":{"start":{"line":119,"column":25},"end":{"line":119,"column":54}},"62":{"start":{"line":120,"column":23},"end":{"line":120,"column":71}},"63":{"start":{"line":120,"column":45},"end":{"line":120,"column":70}},"64":{"start":{"line":122,"column":8},"end":{"line":133,"column":11}},"65":{"start":{"line":123,"column":12},"end":{"line":128,"column":13}},"66":{"start":{"line":125,"column":16},"end":{"line":125,"column":43}},"67":{"start":{"line":126,"column":16},"end":{"line":126,"column":74}},"68":{"start":{"line":127,"column":16},"end":{"line":127,"column":23}},"69":{"start":{"line":130,"column":12},"end":{"line":130,"column":102}},"70":{"start":{"line":131,"column":12},"end":{"line":131,"column":39}},"71":{"start":{"line":132,"column":12},"end":{"line":132,"column":70}},"72":{"start":{"line":135,"column":8},"end":{"line":137,"column":9}},"73":{"start":{"line":136,"column":12},"end":{"line":136,"column":121}},"74":{"start":{"line":139,"column":8},"end":{"line":139,"column":48}},"75":{"start":{"line":140,"column":8},"end":{"line":140,"column":38}},"76":{"start":{"line":141,"column":8},"end":{"line":141,"column":31}},"77":{"start":{"line":142,"column":8},"end":{"line":142,"column":32}},"78":{"start":{"line":143,"column":8},"end":{"line":143,"column":40}},"79":{"start":{"line":147,"column":25},"end":{"line":147,"column":54}},"80":{"start":{"line":148,"column":23},"end":{"line":148,"column":71}},"81":{"start":{"line":148,"column":45},"end":{"line":148,"column":70}},"82":{"start":{"line":150,"column":8},"end":{"line":160,"column":11}},"83":{"start":{"line":151,"column":12},"end":{"line":155,"column":13}},"84":{"start":{"line":152,"column":16},"end":{"line":152,"column":43}},"85":{"start":{"line":153,"column":16},"end":{"line":153,"column":74}},"86":{"start":{"line":154,"column":16},"end":{"line":154,"column":23}},"87":{"start":{"line":157,"column":12},"end":{"line":157,"column":108}},"88":{"start":{"line":158,"column":12},"end":{"line":158,"column":39}},"89":{"start":{"line":159,"column":12},"end":{"line":159,"column":70}},"90":{"start":{"line":162,"column":8},"end":{"line":164,"column":9}},"91":{"start":{"line":163,"column":12},"end":{"line":163,"column":133}},"92":{"start":{"line":166,"column":8},"end":{"line":166,"column":50}},"93":{"start":{"line":167,"column":8},"end":{"line":167,"column":38}},"94":{"start":{"line":168,"column":8},"end":{"line":168,"column":31}},"95":{"start":{"line":169,"column":8},"end":{"line":169,"column":32}},"96":{"start":{"line":170,"column":8},"end":{"line":170,"column":40}},"97":{"start":{"line":175,"column":8},"end":{"line":175,"column":30}},"98":{"start":{"line":176,"column":8},"end":{"line":176,"column":31}},"99":{"start":{"line":177,"column":8},"end":{"line":177,"column":34}},"100":{"start":{"line":178,"column":8},"end":{"line":178,"column":43}},"101":{"start":{"line":182,"column":8},"end":{"line":182,"column":30}},"102":{"start":{"line":183,"column":8},"end":{"line":183,"column":49}},"103":{"start":{"line":184,"column":8},"end":{"line":184,"column":43}},"104":{"start":{"line":185,"column":8},"end":{"line":185,"column":44}},"105":{"start":{"line":186,"column":8},"end":{"line":186,"column":38}},"106":{"start":{"line":187,"column":8},"end":{"line":187,"column":40}},"107":{"start":{"line":188,"column":8},"end":{"line":188,"column":34}},"108":{"start":{"line":189,"column":8},"end":{"line":189,"column":40}},"109":{"start":{"line":190,"column":8},"end":{"line":190,"column":38}},"110":{"start":{"line":191,"column":8},"end":{"line":191,"column":30}},"111":{"start":{"line":192,"column":8},"end":{"line":192,"column":31}},"112":{"start":{"line":193,"column":8},"end":{"line":193,"column":34}},"113":{"start":{"line":194,"column":8},"end":{"line":194,"column":33}},"114":{"start":{"line":195,"column":8},"end":{"line":195,"column":32}},"115":{"start":{"line":196,"column":8},"end":{"line":196,"column":43}},"116":{"start":{"line":197,"column":8},"end":{"line":197,"column":81}},"117":{"start":{"line":198,"column":8},"end":{"line":198,"column":40}},"118":{"start":{"line":202,"column":8},"end":{"line":202,"column":75}},"119":{"start":{"line":206,"column":8},"end":{"line":209,"column":12}},"120":{"start":{"line":206,"column":44},"end":{"line":209,"column":9}},"121":{"start":{"line":213,"column":8},"end":{"line":218,"column":17}},"122":{"start":{"line":214,"column":43},"end":{"line":217,"column":13}},"123":{"start":{"line":222,"column":8},"end":{"line":224,"column":9}},"124":{"start":{"line":223,"column":12},"end":{"line":223,"column":25}},"125":{"start":{"line":226,"column":20},"end":{"line":226,"column":44}},"126":{"start":{"line":227,"column":29},"end":{"line":239,"column":9}},"127":{"start":{"line":232,"column":105},"end":{"line":235,"column":13}},"128":{"start":{"line":241,"column":8},"end":{"line":241,"column":47}},"129":{"start":{"line":242,"column":8},"end":{"line":242,"column":20}},"130":{"start":{"line":246,"column":8},"end":{"line":253,"column":12}},"131":{"start":{"line":246,"column":49},"end":{"line":253,"column":9}},"132":{"start":{"line":249,"column":71},"end":{"line":249,"column":105}},"133":{"start":{"line":257,"column":22},"end":{"line":257,"column":78}},"134":{"start":{"line":257,"column":55},"end":{"line":257,"column":77}},"135":{"start":{"line":258,"column":8},"end":{"line":260,"column":9}},"136":{"start":{"line":259,"column":12},"end":{"line":259,"column":24}},"137":{"start":{"line":262,"column":8},"end":{"line":269,"column":10}},"138":{"start":{"line":265,"column":71},"end":{"line":265,"column":105}},"139":{"start":{"line":273,"column":8},"end":{"line":273,"column":58}},"140":{"start":{"line":278,"column":25},"end":{"line":281,"column":9}},"141":{"start":{"line":283,"column":25},"end":{"line":283,"column":54}},"142":{"start":{"line":284,"column":23},"end":{"line":284,"column":71}},"143":{"start":{"line":284,"column":45},"end":{"line":284,"column":70}},"144":{"start":{"line":286,"column":8},"end":{"line":288,"column":11}},"145":{"start":{"line":287,"column":12},"end":{"line":287,"column":92}},"146":{"start":{"line":290,"column":8},"end":{"line":290,"column":24}},"147":{"start":{"line":295,"column":25},"end":{"line":295,"column":54}},"148":{"start":{"line":296,"column":23},"end":{"line":296,"column":71}},"149":{"start":{"line":296,"column":45},"end":{"line":296,"column":70}},"150":{"start":{"line":298,"column":8},"end":{"line":303,"column":11}},"151":{"start":{"line":299,"column":33},"end":{"line":299,"column":70}},"152":{"start":{"line":300,"column":12},"end":{"line":300,"column":72}},"153":{"start":{"line":301,"column":12},"end":{"line":301,"column":39}},"154":{"start":{"line":302,"column":12},"end":{"line":302,"column":70}},"155":{"start":{"line":305,"column":8},"end":{"line":305,"column":73}},"156":{"start":{"line":310,"column":8},"end":{"line":312,"column":9}},"157":{"start":{"line":311,"column":12},"end":{"line":311,"column":25}},"158":{"start":{"line":314,"column":25},"end":{"line":314,"column":50}},"159":{"start":{"line":315,"column":25},"end":{"line":315,"column":51}},"160":{"start":{"line":316,"column":8},"end":{"line":318,"column":9}},"161":{"start":{"line":317,"column":12},"end":{"line":317,"column":25}},"162":{"start":{"line":320,"column":8},"end":{"line":320,"column":41}},"163":{"start":{"line":321,"column":8},"end":{"line":321,"column":49}},"164":{"start":{"line":322,"column":8},"end":{"line":322,"column":40}},"165":{"start":{"line":323,"column":8},"end":{"line":323,"column":20}},"166":{"start":{"line":329,"column":8},"end":{"line":331,"column":9}},"167":{"start":{"line":330,"column":12},"end":{"line":330,"column":25}},"168":{"start":{"line":333,"column":27},"end":{"line":333,"column":51}},"169":{"start":{"line":334,"column":23},"end":{"line":334,"column":41}},"170":{"start":{"line":336,"column":8},"end":{"line":338,"column":9}},"171":{"start":{"line":337,"column":12},"end":{"line":337,"column":25}},"172":{"start":{"line":340,"column":8},"end":{"line":342,"column":9}},"173":{"start":{"line":341,"column":12},"end":{"line":341,"column":24}},"174":{"start":{"line":344,"column":25},"end":{"line":344,"column":49}},"175":{"start":{"line":345,"column":8},"end":{"line":347,"column":9}},"176":{"start":{"line":346,"column":12},"end":{"line":346,"column":25}},"177":{"start":{"line":349,"column":8},"end":{"line":349,"column":49}},"178":{"start":{"line":350,"column":8},"end":{"line":350,"column":39}},"179":{"start":{"line":351,"column":8},"end":{"line":351,"column":40}},"180":{"start":{"line":352,"column":8},"end":{"line":352,"column":20}},"181":{"start":{"line":357,"column":8},"end":{"line":374,"column":10}},"182":{"start":{"line":365,"column":62},"end":{"line":372,"column":13}},"183":{"start":{"line":368,"column":75},"end":{"line":368,"column":109}},"184":{"start":{"line":379,"column":8},"end":{"line":381,"column":9}},"185":{"start":{"line":380,"column":12},"end":{"line":380,"column":19}},"186":{"start":{"line":383,"column":8},"end":{"line":383,"column":30}},"187":{"start":{"line":384,"column":8},"end":{"line":384,"column":130}},"188":{"start":{"line":385,"column":8},"end":{"line":385,"column":112}},"189":{"start":{"line":386,"column":8},"end":{"line":388,"column":9}},"190":{"start":{"line":387,"column":12},"end":{"line":387,"column":97}},"191":{"start":{"line":389,"column":8},"end":{"line":389,"column":109}},"192":{"start":{"line":390,"column":8},"end":{"line":392,"column":17}},"193":{"start":{"line":391,"column":46},"end":{"line":391,"column":59}},"194":{"start":{"line":393,"column":8},"end":{"line":393,"column":75}},"195":{"start":{"line":394,"column":8},"end":{"line":409,"column":17}},"196":{"start":{"line":395,"column":49},"end":{"line":408,"column":13}},"197":{"start":{"line":401,"column":75},"end":{"line":401,"column":117}},"198":{"start":{"line":404,"column":53},"end":{"line":404,"column":65}},"199":{"start":{"line":410,"column":8},"end":{"line":416,"column":18}},"200":{"start":{"line":413,"column":30},"end":{"line":413,"column":69}},"201":{"start":{"line":414,"column":28},"end":{"line":414,"column":56}},"202":{"start":{"line":415,"column":16},"end":{"line":415,"column":71}},"203":{"start":{"line":417,"column":32},"end":{"line":417,"column":72}},"204":{"start":{"line":418,"column":29},"end":{"line":418,"column":80}},"205":{"start":{"line":419,"column":8},"end":{"line":421,"column":27}},"206":{"start":{"line":424,"column":8},"end":{"line":435,"column":9}},"207":{"start":{"line":425,"column":27},"end":{"line":425,"column":96}},"208":{"start":{"line":425,"column":70},"end":{"line":425,"column":95}},"209":{"start":{"line":426,"column":12},"end":{"line":431,"column":15}},"210":{"start":{"line":427,"column":16},"end":{"line":427,"column":66}},"211":{"start":{"line":427,"column":59},"end":{"line":427,"column":66}},"212":{"start":{"line":428,"column":16},"end":{"line":428,"column":106}},"213":{"start":{"line":429,"column":16},"end":{"line":429,"column":43}},"214":{"start":{"line":430,"column":16},"end":{"line":430,"column":74}},"215":{"start":{"line":432,"column":12},"end":{"line":432,"column":42}},"216":{"start":{"line":433,"column":12},"end":{"line":433,"column":35}},"217":{"start":{"line":434,"column":12},"end":{"line":434,"column":38}},"218":{"start":{"line":437,"column":8},"end":{"line":439,"column":9}},"219":{"start":{"line":438,"column":12},"end":{"line":438,"column":65}},"220":{"start":{"line":441,"column":8},"end":{"line":441,"column":81}},"221":{"start":{"line":442,"column":8},"end":{"line":442,"column":40}},"222":{"start":{"line":446,"column":8},"end":{"line":446,"column":43}},"223":{"start":{"line":447,"column":8},"end":{"line":447,"column":39}},"224":{"start":{"line":448,"column":8},"end":{"line":448,"column":37}},"225":{"start":{"line":453,"column":8},"end":{"line":458,"column":9}},"226":{"start":{"line":454,"column":12},"end":{"line":454,"column":44}},"227":{"start":{"line":455,"column":12},"end":{"line":455,"column":41}},"228":{"start":{"line":456,"column":12},"end":{"line":456,"column":47}},"229":{"start":{"line":457,"column":12},"end":{"line":457,"column":19}},"230":{"start":{"line":460,"column":8},"end":{"line":460,"column":40}},"231":{"start":{"line":462,"column":8},"end":{"line":466,"column":11}},"232":{"start":{"line":463,"column":12},"end":{"line":465,"column":13}},"233":{"start":{"line":464,"column":16},"end":{"line":464,"column":59}},"234":{"start":{"line":469,"column":8},"end":{"line":469,"column":37}},"235":{"start":{"line":470,"column":8},"end":{"line":470,"column":43}},"236":{"start":{"line":475,"column":8},"end":{"line":477,"column":11}},"237":{"start":{"line":476,"column":12},"end":{"line":476,"column":75}},"238":{"start":{"line":481,"column":8},"end":{"line":481,"column":55}},"239":{"start":{"line":485,"column":8},"end":{"line":485,"column":53}},"240":{"start":{"line":489,"column":8},"end":{"line":489,"column":44}},"241":{"start":{"line":493,"column":8},"end":{"line":493,"column":37}},"242":{"start":{"line":497,"column":8},"end":{"line":497,"column":37}},"243":{"start":{"line":501,"column":8},"end":{"line":501,"column":38}},"244":{"start":{"line":505,"column":8},"end":{"line":516,"column":10}},"245":{"start":{"line":509,"column":59},"end":{"line":515,"column":13}},"246":{"start":{"line":510,"column":119},"end":{"line":513,"column":17}},"247":{"start":{"line":521,"column":8},"end":{"line":530,"column":9}},"248":{"start":{"line":522,"column":31},"end":{"line":522,"column":74}},"249":{"start":{"line":523,"column":12},"end":{"line":528,"column":13}},"250":{"start":{"line":524,"column":16},"end":{"line":527,"column":19}},"251":{"start":{"line":529,"column":12},"end":{"line":529,"column":19}},"252":{"start":{"line":534,"column":8},"end":{"line":548,"column":9}},"253":{"start":{"line":535,"column":12},"end":{"line":535,"column":62}},"254":{"start":{"line":538,"column":32},"end":{"line":538,"column":71}},"255":{"start":{"line":539,"column":12},"end":{"line":539,"column":45}},"256":{"start":{"line":539,"column":38},"end":{"line":539,"column":45}},"257":{"start":{"line":540,"column":12},"end":{"line":547,"column":13}},"258":{"start":{"line":541,"column":33},"end":{"line":541,"column":105}},"259":{"start":{"line":542,"column":16},"end":{"line":542,"column":50}},"260":{"start":{"line":542,"column":43},"end":{"line":542,"column":50}},"261":{"start":{"line":543,"column":31},"end":{"line":543,"column":84}},"262":{"start":{"line":544,"column":16},"end":{"line":544,"column":87}},"263":{"start":{"line":546,"column":16},"end":{"line":546,"column":100}},"264":{"start":{"line":550,"column":8},"end":{"line":552,"column":9}},"265":{"start":{"line":551,"column":12},"end":{"line":551,"column":19}},"266":{"start":{"line":554,"column":29},"end":{"line":554,"column":118}},"267":{"start":{"line":555,"column":8},"end":{"line":561,"column":9}},"268":{"start":{"line":556,"column":12},"end":{"line":559,"column":15}},"269":{"start":{"line":560,"column":12},"end":{"line":560,"column":19}},"270":{"start":{"line":562,"column":8},"end":{"line":564,"column":9}},"271":{"start":{"line":563,"column":12},"end":{"line":563,"column":67}},"272":{"start":{"line":567,"column":8},"end":{"line":570,"column":9}},"273":{"start":{"line":568,"column":12},"end":{"line":568,"column":82}},"274":{"start":{"line":569,"column":12},"end":{"line":569,"column":84}},"275":{"start":{"line":572,"column":31},"end":{"line":572,"column":40}},"276":{"start":{"line":574,"column":8},"end":{"line":577,"column":11}},"277":{"start":{"line":575,"column":12},"end":{"line":575,"column":61}},"278":{"start":{"line":576,"column":12},"end":{"line":576,"column":58}},"279":{"start":{"line":579,"column":8},"end":{"line":588,"column":11}},"280":{"start":{"line":580,"column":32},"end":{"line":580,"column":49}},"281":{"start":{"line":582,"column":12},"end":{"line":584,"column":13}},"282":{"start":{"line":583,"column":16},"end":{"line":583,"column":23}},"283":{"start":{"line":586,"column":12},"end":{"line":586,"column":74}},"284":{"start":{"line":587,"column":12},"end":{"line":587,"column":60}},"285":{"start":{"line":590,"column":8},"end":{"line":590,"column":46}},"286":{"start":{"line":591,"column":8},"end":{"line":591,"column":51}},"287":{"start":{"line":592,"column":8},"end":{"line":592,"column":57}},"288":{"start":{"line":593,"column":8},"end":{"line":593,"column":63}},"289":{"start":{"line":595,"column":8},"end":{"line":597,"column":11}},"290":{"start":{"line":596,"column":12},"end":{"line":596,"column":70}},"291":{"start":{"line":599,"column":8},"end":{"line":599,"column":40}},"292":{"start":{"line":603,"column":8},"end":{"line":609,"column":11}},"293":{"start":{"line":613,"column":8},"end":{"line":613,"column":52}},"294":{"start":{"line":617,"column":8},"end":{"line":617,"column":51}},"295":{"start":{"line":622,"column":28},"end":{"line":622,"column":70}},"296":{"start":{"line":623,"column":8},"end":{"line":623,"column":46}},"297":{"start":{"line":623,"column":34},"end":{"line":623,"column":46}},"298":{"start":{"line":625,"column":8},"end":{"line":665,"column":9}},"299":{"start":{"line":627,"column":33},"end":{"line":627,"column":108}},"300":{"start":{"line":628,"column":12},"end":{"line":628,"column":55}},"301":{"start":{"line":628,"column":43},"end":{"line":628,"column":55}},"302":{"start":{"line":632,"column":12},"end":{"line":660,"column":13}},"303":{"start":{"line":634,"column":31},"end":{"line":643,"column":18}},"304":{"start":{"line":638,"column":52},"end":{"line":641,"column":21}},"305":{"start":{"line":642,"column":40},"end":{"line":642,"column":66}},"306":{"start":{"line":645,"column":16},"end":{"line":645,"column":49}},"307":{"start":{"line":645,"column":37},"end":{"line":645,"column":49}},"308":{"start":{"line":647,"column":59},"end":{"line":647,"column":65}},"309":{"start":{"line":648,"column":16},"end":{"line":652,"column":18}},"310":{"start":{"line":655,"column":31},"end":{"line":655,"column":92}},"311":{"start":{"line":656,"column":16},"end":{"line":659,"column":18}},"312":{"start":{"line":662,"column":12},"end":{"line":664,"column":87}},"313":{"start":{"line":668,"column":28},"end":{"line":668,"column":58}},"314":{"start":{"line":669,"column":31},"end":{"line":671,"column":18}},"315":{"start":{"line":673,"column":8},"end":{"line":675,"column":9}},"316":{"start":{"line":674,"column":12},"end":{"line":674,"column":24}},"317":{"start":{"line":677,"column":24},"end":{"line":679,"column":25}},"318":{"start":{"line":681,"column":8},"end":{"line":683,"column":9}},"319":{"start":{"line":682,"column":12},"end":{"line":682,"column":24}},"320":{"start":{"line":685,"column":8},"end":{"line":687,"column":77}},"321":{"start":{"line":691,"column":24},"end":{"line":720,"column":10}},"322":{"start":{"line":692,"column":32},"end":{"line":692,"column":50}},"323":{"start":{"line":694,"column":12},"end":{"line":696,"column":13}},"324":{"start":{"line":695,"column":16},"end":{"line":695,"column":26}},"325":{"start":{"line":698,"column":25},"end":{"line":698,"column":34}},"326":{"start":{"line":699,"column":28},"end":{"line":713,"column":14}},"327":{"start":{"line":700,"column":29},"end":{"line":700,"column":55}},"328":{"start":{"line":701,"column":30},"end":{"line":701,"column":58}},"329":{"start":{"line":703,"column":16},"end":{"line":705,"column":17}},"330":{"start":{"line":704,"column":20},"end":{"line":704,"column":30}},"331":{"start":{"line":707,"column":16},"end":{"line":707,"column":32}},"332":{"start":{"line":709,"column":16},"end":{"line":712,"column":19}},"333":{"start":{"line":711,"column":52},"end":{"line":711,"column":82}},"334":{"start":{"line":715,"column":12},"end":{"line":719,"column":15}},"335":{"start":{"line":722,"column":8},"end":{"line":724,"column":9}},"336":{"start":{"line":723,"column":12},"end":{"line":723,"column":22}},"337":{"start":{"line":726,"column":22},"end":{"line":741,"column":10}},"338":{"start":{"line":729,"column":43},"end":{"line":733,"column":13}},"339":{"start":{"line":735,"column":37},"end":{"line":735,"column":105}},"340":{"start":{"line":737,"column":16},"end":{"line":739,"column":17}},"341":{"start":{"line":738,"column":20},"end":{"line":738,"column":97}},"342":{"start":{"line":743,"column":8},"end":{"line":745,"column":9}},"343":{"start":{"line":744,"column":12},"end":{"line":744,"column":24}},"344":{"start":{"line":747,"column":29},"end":{"line":747,"column":96}},"345":{"start":{"line":749,"column":8},"end":{"line":749,"column":65}},"346":{"start":{"line":753,"column":31},"end":{"line":753,"column":93}},"347":{"start":{"line":755,"column":8},"end":{"line":757,"column":9}},"348":{"start":{"line":756,"column":12},"end":{"line":756,"column":24}},"349":{"start":{"line":759,"column":24},"end":{"line":759,"column":26}},"350":{"start":{"line":760,"column":33},"end":{"line":760,"column":35}},"351":{"start":{"line":761,"column":25},"end":{"line":761,"column":34}},"352":{"start":{"line":762,"column":33},"end":{"line":762,"column":42}},"353":{"start":{"line":764,"column":8},"end":{"line":820,"column":9}},"354":{"start":{"line":765,"column":32},"end":{"line":765,"column":50}},"355":{"start":{"line":767,"column":12},"end":{"line":769,"column":13}},"356":{"start":{"line":768,"column":16},"end":{"line":768,"column":25}},"357":{"start":{"line":771,"column":27},"end":{"line":771,"column":71}},"358":{"start":{"line":772,"column":25},"end":{"line":772,"column":42}},"359":{"start":{"line":773,"column":30},"end":{"line":773,"column":63}},"360":{"start":{"line":774,"column":36},"end":{"line":774,"column":101}},"361":{"start":{"line":776,"column":12},"end":{"line":779,"column":13}},"362":{"start":{"line":777,"column":16},"end":{"line":777,"column":54}},"363":{"start":{"line":778,"column":16},"end":{"line":778,"column":55}},"364":{"start":{"line":781,"column":12},"end":{"line":819,"column":13}},"365":{"start":{"line":781,"column":25},"end":{"line":781,"column":26}},"366":{"start":{"line":782,"column":32},"end":{"line":782,"column":39}},"367":{"start":{"line":784,"column":16},"end":{"line":786,"column":17}},"368":{"start":{"line":785,"column":20},"end":{"line":785,"column":29}},"369":{"start":{"line":788,"column":16},"end":{"line":788,"column":38}},"370":{"start":{"line":790,"column":33},"end":{"line":790,"column":35}},"371":{"start":{"line":791,"column":35},"end":{"line":791,"column":44}},"372":{"start":{"line":793,"column":16},"end":{"line":810,"column":17}},"373":{"start":{"line":794,"column":20},"end":{"line":796,"column":21}},"374":{"start":{"line":795,"column":24},"end":{"line":795,"column":33}},"375":{"start":{"line":798,"column":36},"end":{"line":798,"column":82}},"376":{"start":{"line":800,"column":20},"end":{"line":802,"column":21}},"377":{"start":{"line":801,"column":24},"end":{"line":801,"column":33}},"378":{"start":{"line":804,"column":20},"end":{"line":804,"column":44}},"379":{"start":{"line":805,"column":20},"end":{"line":805,"column":43}},"380":{"start":{"line":807,"column":20},"end":{"line":809,"column":21}},"381":{"start":{"line":808,"column":24},"end":{"line":808,"column":30}},"382":{"start":{"line":812,"column":16},"end":{"line":818,"column":19}},"383":{"start":{"line":822,"column":8},"end":{"line":824,"column":9}},"384":{"start":{"line":823,"column":12},"end":{"line":823,"column":89}},"385":{"start":{"line":826,"column":29},"end":{"line":826,"column":89}},"386":{"start":{"line":828,"column":8},"end":{"line":832,"column":9}},"387":{"start":{"line":829,"column":12},"end":{"line":831,"column":31}},"388":{"start":{"line":830,"column":39},"end":{"line":830,"column":81}},"389":{"start":{"line":834,"column":8},"end":{"line":836,"column":9}},"390":{"start":{"line":835,"column":12},"end":{"line":835,"column":76}},"391":{"start":{"line":838,"column":8},"end":{"line":838,"column":108}},"392":{"start":{"line":838,"column":69},"end":{"line":838,"column":105}},"393":{"start":{"line":840,"column":22},"end":{"line":870,"column":10}},"394":{"start":{"line":843,"column":43},"end":{"line":847,"column":13}},"395":{"start":{"line":849,"column":37},"end":{"line":851,"column":17}},"396":{"start":{"line":850,"column":42},"end":{"line":850,"column":115}},"397":{"start":{"line":852,"column":40},"end":{"line":855,"column":17}},"398":{"start":{"line":857,"column":16},"end":{"line":864,"column":17}},"399":{"start":{"line":858,"column":37},"end":{"line":858,"column":59}},"400":{"start":{"line":859,"column":34},"end":{"line":859,"column":108}},"401":{"start":{"line":861,"column":20},"end":{"line":863,"column":21}},"402":{"start":{"line":862,"column":24},"end":{"line":862,"column":67}},"403":{"start":{"line":866,"column":16},"end":{"line":868,"column":17}},"404":{"start":{"line":867,"column":20},"end":{"line":867,"column":88}},"405":{"start":{"line":872,"column":8},"end":{"line":872,"column":40}},"406":{"start":{"line":872,"column":28},"end":{"line":872,"column":40}},"407":{"start":{"line":874,"column":29},"end":{"line":876,"column":9}},"408":{"start":{"line":875,"column":34},"end":{"line":875,"column":106}},"409":{"start":{"line":878,"column":8},"end":{"line":881,"column":11}},"410":{"start":{"line":885,"column":8},"end":{"line":894,"column":20}},"411":{"start":{"line":885,"column":43},"end":{"line":894,"column":10}},"412":{"start":{"line":886,"column":29},"end":{"line":886,"column":72}},"413":{"start":{"line":887,"column":25},"end":{"line":887,"column":54}},"414":{"start":{"line":889,"column":12},"end":{"line":891,"column":13}},"415":{"start":{"line":890,"column":16},"end":{"line":890,"column":29}},"416":{"start":{"line":893,"column":12},"end":{"line":893,"column":78}},"417":{"start":{"line":898,"column":8},"end":{"line":900,"column":9}},"418":{"start":{"line":899,"column":12},"end":{"line":899,"column":33}},"419":{"start":{"line":902,"column":8},"end":{"line":904,"column":9}},"420":{"start":{"line":903,"column":12},"end":{"line":903,"column":77}},"421":{"start":{"line":906,"column":8},"end":{"line":908,"column":9}},"422":{"start":{"line":907,"column":12},"end":{"line":907,"column":32}},"423":{"start":{"line":910,"column":8},"end":{"line":912,"column":9}},"424":{"start":{"line":911,"column":12},"end":{"line":911,"column":86}},"425":{"start":{"line":911,"column":41},"end":{"line":911,"column":70}},"426":{"start":{"line":914,"column":8},"end":{"line":914,"column":29}},"427":{"start":{"line":921,"column":8},"end":{"line":923,"column":9}},"428":{"start":{"line":922,"column":12},"end":{"line":922,"column":25}},"429":{"start":{"line":925,"column":8},"end":{"line":929,"column":9}},"430":{"start":{"line":926,"column":12},"end":{"line":928,"column":13}},"431":{"start":{"line":927,"column":16},"end":{"line":927,"column":29}},"432":{"start":{"line":931,"column":28},"end":{"line":931,"column":42}},"433":{"start":{"line":932,"column":8},"end":{"line":934,"column":9}},"434":{"start":{"line":933,"column":12},"end":{"line":933,"column":41}},"435":{"start":{"line":936,"column":27},"end":{"line":936,"column":94}},"436":{"start":{"line":937,"column":8},"end":{"line":937,"column":36}},"437":{"start":{"line":943,"column":28},"end":{"line":943,"column":70}},"438":{"start":{"line":944,"column":8},"end":{"line":944,"column":46}},"439":{"start":{"line":944,"column":34},"end":{"line":944,"column":46}},"440":{"start":{"line":946,"column":8},"end":{"line":948,"column":9}},"441":{"start":{"line":947,"column":12},"end":{"line":947,"column":99}},"442":{"start":{"line":950,"column":8},"end":{"line":956,"column":9}},"443":{"start":{"line":951,"column":25},"end":{"line":954,"column":14}},"444":{"start":{"line":955,"column":12},"end":{"line":955,"column":34}},"445":{"start":{"line":955,"column":22},"end":{"line":955,"column":34}},"446":{"start":{"line":958,"column":8},"end":{"line":958,"column":20}},"447":{"start":{"line":964,"column":29},"end":{"line":964,"column":90}},"448":{"start":{"line":965,"column":29},"end":{"line":965,"column":90}},"449":{"start":{"line":966,"column":32},"end":{"line":966,"column":41}},"450":{"start":{"line":968,"column":8},"end":{"line":974,"column":9}},"451":{"start":{"line":969,"column":32},"end":{"line":969,"column":50}},"452":{"start":{"line":970,"column":12},"end":{"line":970,"column":64}},"453":{"start":{"line":970,"column":52},"end":{"line":970,"column":64}},"454":{"start":{"line":971,"column":12},"end":{"line":973,"column":13}},"455":{"start":{"line":972,"column":16},"end":{"line":972,"column":106}},"456":{"start":{"line":976,"column":8},"end":{"line":979,"column":10}},"457":{"start":{"line":985,"column":29},"end":{"line":985,"column":90}},"458":{"start":{"line":986,"column":29},"end":{"line":986,"column":90}},"459":{"start":{"line":987,"column":32},"end":{"line":987,"column":41}},"460":{"start":{"line":989,"column":8},"end":{"line":995,"column":9}},"461":{"start":{"line":990,"column":32},"end":{"line":990,"column":50}},"462":{"start":{"line":991,"column":12},"end":{"line":991,"column":62}},"463":{"start":{"line":991,"column":52},"end":{"line":991,"column":62}},"464":{"start":{"line":992,"column":12},"end":{"line":994,"column":13}},"465":{"start":{"line":993,"column":16},"end":{"line":993,"column":106}},"466":{"start":{"line":997,"column":8},"end":{"line":1000,"column":10}},"467":{"start":{"line":1009,"column":26},"end":{"line":1009,"column":86}},"468":{"start":{"line":1011,"column":8},"end":{"line":1017,"column":9}},"469":{"start":{"line":1012,"column":12},"end":{"line":1015,"column":15}},"470":{"start":{"line":1016,"column":12},"end":{"line":1016,"column":24}},"471":{"start":{"line":1019,"column":8},"end":{"line":1025,"column":9}},"472":{"start":{"line":1020,"column":12},"end":{"line":1023,"column":15}},"473":{"start":{"line":1024,"column":12},"end":{"line":1024,"column":65}},"474":{"start":{"line":1027,"column":8},"end":{"line":1033,"column":9}},"475":{"start":{"line":1028,"column":12},"end":{"line":1031,"column":15}},"476":{"start":{"line":1032,"column":12},"end":{"line":1032,"column":24}},"477":{"start":{"line":1035,"column":24},"end":{"line":1035,"column":41}},"478":{"start":{"line":1036,"column":26},"end":{"line":1036,"column":66}},"479":{"start":{"line":1037,"column":26},"end":{"line":1037,"column":77}},"480":{"start":{"line":1039,"column":8},"end":{"line":1060,"column":9}},"481":{"start":{"line":1040,"column":31},"end":{"line":1040,"column":78}},"482":{"start":{"line":1042,"column":12},"end":{"line":1048,"column":13}},"483":{"start":{"line":1043,"column":16},"end":{"line":1046,"column":19}},"484":{"start":{"line":1047,"column":16},"end":{"line":1047,"column":28}},"485":{"start":{"line":1050,"column":12},"end":{"line":1053,"column":15}},"486":{"start":{"line":1055,"column":12},"end":{"line":1059,"column":14}},"487":{"start":{"line":1062,"column":8},"end":{"line":1065,"column":11}},"488":{"start":{"line":1067,"column":8},"end":{"line":1071,"column":10}},"489":{"start":{"line":1075,"column":8},"end":{"line":1075,"column":72}},"490":{"start":{"line":1079,"column":8},"end":{"line":1081,"column":9}},"491":{"start":{"line":1080,"column":12},"end":{"line":1080,"column":24}},"492":{"start":{"line":1083,"column":20},"end":{"line":1083,"column":27}},"493":{"start":{"line":1084,"column":8},"end":{"line":1086,"column":9}},"494":{"start":{"line":1085,"column":12},"end":{"line":1085,"column":24}},"495":{"start":{"line":1088,"column":24},"end":{"line":1088,"column":40}},"496":{"start":{"line":1089,"column":8},"end":{"line":1091,"column":9}},"497":{"start":{"line":1090,"column":12},"end":{"line":1090,"column":24}},"498":{"start":{"line":1093,"column":22},"end":{"line":1093,"column":37}},"499":{"start":{"line":1094,"column":24},"end":{"line":1094,"column":73}},"500":{"start":{"line":1096,"column":8},"end":{"line":1096,"column":57}},"501":{"start":{"line":1101,"column":8},"end":{"line":1103,"column":9}},"502":{"start":{"line":1102,"column":12},"end":{"line":1102,"column":22}},"503":{"start":{"line":1104,"column":8},"end":{"line":1104,"column":26}},"504":{"start":{"line":1110,"column":25},"end":{"line":1110,"column":27}},"505":{"start":{"line":1111,"column":8},"end":{"line":1117,"column":9}},"506":{"start":{"line":1112,"column":31},"end":{"line":1112,"column":80}},"507":{"start":{"line":1113,"column":25},"end":{"line":1113,"column":84}},"508":{"start":{"line":1114,"column":12},"end":{"line":1116,"column":13}},"509":{"start":{"line":1115,"column":16},"end":{"line":1115,"column":51}},"510":{"start":{"line":1118,"column":8},"end":{"line":1118,"column":24}},"511":{"start":{"line":1123,"column":29},"end":{"line":1123,"column":90}},"512":{"start":{"line":1124,"column":29},"end":{"line":1124,"column":90}},"513":{"start":{"line":1125,"column":32},"end":{"line":1125,"column":41}},"514":{"start":{"line":1127,"column":8},"end":{"line":1133,"column":9}},"515":{"start":{"line":1128,"column":32},"end":{"line":1128,"column":50}},"516":{"start":{"line":1129,"column":12},"end":{"line":1129,"column":64}},"517":{"start":{"line":1129,"column":52},"end":{"line":1129,"column":64}},"518":{"start":{"line":1130,"column":12},"end":{"line":1132,"column":13}},"519":{"start":{"line":1131,"column":16},"end":{"line":1131,"column":106}},"520":{"start":{"line":1135,"column":8},"end":{"line":1138,"column":10}},"521":{"start":{"line":1142,"column":8},"end":{"line":1144,"column":9}},"522":{"start":{"line":1143,"column":12},"end":{"line":1143,"column":19}},"523":{"start":{"line":1146,"column":25},"end":{"line":1146,"column":70}},"524":{"start":{"line":1147,"column":24},"end":{"line":1149,"column":54}},"525":{"start":{"line":1151,"column":8},"end":{"line":1153,"column":9}},"526":{"start":{"line":1152,"column":12},"end":{"line":1152,"column":19}},"527":{"start":{"line":1155,"column":8},"end":{"line":1155,"column":66}},"528":{"start":{"line":1156,"column":8},"end":{"line":1159,"column":11}},"529":{"start":{"line":1160,"column":8},"end":{"line":1162,"column":9}},"530":{"start":{"line":1161,"column":12},"end":{"line":1161,"column":81}},"531":{"start":{"line":1168,"column":8},"end":{"line":1185,"column":9}},"532":{"start":{"line":1170,"column":31},"end":{"line":1170,"column":94}},"533":{"start":{"line":1171,"column":12},"end":{"line":1173,"column":13}},"534":{"start":{"line":1172,"column":16},"end":{"line":1172,"column":28}},"535":{"start":{"line":1175,"column":34},"end":{"line":1175,"column":95}},"536":{"start":{"line":1176,"column":12},"end":{"line":1178,"column":13}},"537":{"start":{"line":1177,"column":16},"end":{"line":1177,"column":28}},"538":{"start":{"line":1180,"column":12},"end":{"line":1184,"column":14}},"539":{"start":{"line":1188,"column":27},"end":{"line":1188,"column":49}},"540":{"start":{"line":1189,"column":28},"end":{"line":1189,"column":46}},"541":{"start":{"line":1191,"column":8},"end":{"line":1193,"column":9}},"542":{"start":{"line":1192,"column":12},"end":{"line":1192,"column":24}},"543":{"start":{"line":1195,"column":31},"end":{"line":1195,"column":66}},"544":{"start":{"line":1196,"column":26},"end":{"line":1196,"column":59}},"545":{"start":{"line":1197,"column":34},"end":{"line":1197,"column":78}},"546":{"start":{"line":1200,"column":27},"end":{"line":1205,"column":9}},"547":{"start":{"line":1207,"column":8},"end":{"line":1241,"column":9}},"548":{"start":{"line":1208,"column":33},"end":{"line":1208,"column":57}},"549":{"start":{"line":1209,"column":39},"end":{"line":1209,"column":69}},"550":{"start":{"line":1212,"column":12},"end":{"line":1217,"column":19}},"551":{"start":{"line":1214,"column":32},"end":{"line":1214,"column":37}},"552":{"start":{"line":1216,"column":20},"end":{"line":1216,"column":56}},"553":{"start":{"line":1219,"column":12},"end":{"line":1219,"column":65}},"554":{"start":{"line":1222,"column":27},"end":{"line":1236,"column":13}},"555":{"start":{"line":1238,"column":12},"end":{"line":1240,"column":13}},"556":{"start":{"line":1239,"column":16},"end":{"line":1239,"column":30}},"557":{"start":{"line":1243,"column":8},"end":{"line":1243,"column":20}},"558":{"start":{"line":1248,"column":8},"end":{"line":1259,"column":9}},"559":{"start":{"line":1249,"column":31},"end":{"line":1249,"column":94}},"560":{"start":{"line":1250,"column":12},"end":{"line":1252,"column":13}},"561":{"start":{"line":1251,"column":16},"end":{"line":1251,"column":26}},"562":{"start":{"line":1254,"column":12},"end":{"line":1258,"column":15}},"563":{"start":{"line":1261,"column":27},"end":{"line":1261,"column":49}},"564":{"start":{"line":1262,"column":28},"end":{"line":1262,"column":46}},"565":{"start":{"line":1264,"column":8},"end":{"line":1266,"column":9}},"566":{"start":{"line":1265,"column":12},"end":{"line":1265,"column":22}},"567":{"start":{"line":1268,"column":31},"end":{"line":1268,"column":66}},"568":{"start":{"line":1269,"column":26},"end":{"line":1269,"column":59}},"569":{"start":{"line":1270,"column":34},"end":{"line":1270,"column":78}},"570":{"start":{"line":1271,"column":27},"end":{"line":1276,"column":9}},"571":{"start":{"line":1277,"column":24},"end":{"line":1277,"column":26}},"572":{"start":{"line":1279,"column":8},"end":{"line":1309,"column":9}},"573":{"start":{"line":1280,"column":33},"end":{"line":1280,"column":57}},"574":{"start":{"line":1281,"column":39},"end":{"line":1281,"column":69}},"575":{"start":{"line":1283,"column":12},"end":{"line":1288,"column":19}},"576":{"start":{"line":1285,"column":32},"end":{"line":1285,"column":37}},"577":{"start":{"line":1287,"column":20},"end":{"line":1287,"column":56}},"578":{"start":{"line":1290,"column":12},"end":{"line":1290,"column":65}},"579":{"start":{"line":1292,"column":32},"end":{"line":1306,"column":13}},"580":{"start":{"line":1308,"column":12},"end":{"line":1308,"column":41}},"581":{"start":{"line":1311,"column":8},"end":{"line":1311,"column":23}},"582":{"start":{"line":1316,"column":24},"end":{"line":1316,"column":26}},"583":{"start":{"line":1318,"column":23},"end":{"line":1355,"column":9}},"584":{"start":{"line":1319,"column":12},"end":{"line":1326,"column":13}},"585":{"start":{"line":1320,"column":16},"end":{"line":1324,"column":19}},"586":{"start":{"line":1325,"column":16},"end":{"line":1325,"column":23}},"587":{"start":{"line":1328,"column":12},"end":{"line":1354,"column":13}},"588":{"start":{"line":1328,"column":29},"end":{"line":1328,"column":39}},"589":{"start":{"line":1329,"column":36},"end":{"line":1329,"column":50}},"590":{"start":{"line":1330,"column":36},"end":{"line":1330,"column":74}},"591":{"start":{"line":1332,"column":16},"end":{"line":1334,"column":17}},"592":{"start":{"line":1333,"column":20},"end":{"line":1333,"column":29}},"593":{"start":{"line":1336,"column":16},"end":{"line":1338,"column":17}},"594":{"start":{"line":1337,"column":20},"end":{"line":1337,"column":29}},"595":{"start":{"line":1340,"column":16},"end":{"line":1342,"column":17}},"596":{"start":{"line":1341,"column":20},"end":{"line":1341,"column":29}},"597":{"start":{"line":1344,"column":36},"end":{"line":1344,"column":57}},"598":{"start":{"line":1345,"column":16},"end":{"line":1345,"column":93}},"599":{"start":{"line":1347,"column":16},"end":{"line":1347,"column":42}},"600":{"start":{"line":1348,"column":16},"end":{"line":1348,"column":63}},"601":{"start":{"line":1350,"column":16},"end":{"line":1350,"column":76}},"602":{"start":{"line":1352,"column":16},"end":{"line":1352,"column":36}},"603":{"start":{"line":1353,"column":16},"end":{"line":1353,"column":35}},"604":{"start":{"line":1357,"column":8},"end":{"line":1357,"column":42}},"605":{"start":{"line":1360,"column":8},"end":{"line":1360,"column":42}},"606":{"start":{"line":1365,"column":8},"end":{"line":1365,"column":73}},"607":{"start":{"line":1373,"column":8},"end":{"line":1378,"column":9}},"608":{"start":{"line":1374,"column":24},"end":{"line":1374,"column":56}},"609":{"start":{"line":1375,"column":12},"end":{"line":1375,"column":59}},"610":{"start":{"line":1377,"column":12},"end":{"line":1377,"column":25}},"611":{"start":{"line":1382,"column":21},"end":{"line":1382,"column":45}},"612":{"start":{"line":1384,"column":8},"end":{"line":1386,"column":9}},"613":{"start":{"line":1385,"column":12},"end":{"line":1385,"column":29}},"614":{"start":{"line":1388,"column":24},"end":{"line":1388,"column":52}},"615":{"start":{"line":1389,"column":8},"end":{"line":1391,"column":9}},"616":{"start":{"line":1390,"column":12},"end":{"line":1390,"column":27}},"617":{"start":{"line":1394,"column":8},"end":{"line":1396,"column":9}},"618":{"start":{"line":1395,"column":12},"end":{"line":1395,"column":29}},"619":{"start":{"line":1398,"column":28},"end":{"line":1399,"column":35}},"620":{"start":{"line":1399,"column":26},"end":{"line":1399,"column":34}},"621":{"start":{"line":1401,"column":25},"end":{"line":1401,"column":51}},"622":{"start":{"line":1402,"column":34},"end":{"line":1402,"column":95}},"623":{"start":{"line":1402,"column":75},"end":{"line":1402,"column":94}},"624":{"start":{"line":1404,"column":8},"end":{"line":1408,"column":9}},"625":{"start":{"line":1405,"column":12},"end":{"line":1407,"column":13}},"626":{"start":{"line":1406,"column":16},"end":{"line":1406,"column":33}},"627":{"start":{"line":1410,"column":8},"end":{"line":1419,"column":9}},"628":{"start":{"line":1411,"column":23},"end":{"line":1414,"column":13}},"629":{"start":{"line":1416,"column":12},"end":{"line":1416,"column":71}},"630":{"start":{"line":1416,"column":55},"end":{"line":1416,"column":68}},"631":{"start":{"line":1418,"column":12},"end":{"line":1418,"column":29}},"632":{"start":{"line":1424,"column":8},"end":{"line":1426,"column":9}},"633":{"start":{"line":1425,"column":12},"end":{"line":1425,"column":38}},"634":{"start":{"line":1428,"column":8},"end":{"line":1430,"column":9}},"635":{"start":{"line":1429,"column":12},"end":{"line":1429,"column":50}},"636":{"start":{"line":1432,"column":8},"end":{"line":1434,"column":9}},"637":{"start":{"line":1433,"column":12},"end":{"line":1433,"column":33}},"638":{"start":{"line":1436,"column":8},"end":{"line":1438,"column":9}},"639":{"start":{"line":1437,"column":12},"end":{"line":1437,"column":33}},"640":{"start":{"line":1440,"column":8},"end":{"line":1440,"column":25}},"641":{"start":{"line":1445,"column":8},"end":{"line":1447,"column":9}},"642":{"start":{"line":1446,"column":12},"end":{"line":1446,"column":24}},"643":{"start":{"line":1451,"column":29},"end":{"line":1451,"column":31}},"644":{"start":{"line":1452,"column":8},"end":{"line":1454,"column":9}},"645":{"start":{"line":1453,"column":12},"end":{"line":1453,"column":46}},"646":{"start":{"line":1456,"column":29},"end":{"line":1456,"column":43}},"647":{"start":{"line":1458,"column":8},"end":{"line":1474,"column":9}},"648":{"start":{"line":1458,"column":21},"end":{"line":1458,"column":22}},"649":{"start":{"line":1459,"column":28},"end":{"line":1459,"column":35}},"650":{"start":{"line":1460,"column":26},"end":{"line":1460,"column":40}},"651":{"start":{"line":1463,"column":31},"end":{"line":1463,"column":90}},"652":{"start":{"line":1464,"column":31},"end":{"line":1466,"column":53}},"653":{"start":{"line":1467,"column":28},"end":{"line":1467,"column":115}},"654":{"start":{"line":1469,"column":12},"end":{"line":1471,"column":13}},"655":{"start":{"line":1470,"column":16},"end":{"line":1470,"column":29}},"656":{"start":{"line":1473,"column":12},"end":{"line":1473,"column":42}},"657":{"start":{"line":1476,"column":8},"end":{"line":1476,"column":20}},"658":{"start":{"line":1481,"column":8},"end":{"line":1487,"column":9}},"659":{"start":{"line":1481,"column":21},"end":{"line":1481,"column":22}},"660":{"start":{"line":1482,"column":28},"end":{"line":1482,"column":35}},"661":{"start":{"line":1484,"column":12},"end":{"line":1486,"column":13}},"662":{"start":{"line":1485,"column":16},"end":{"line":1485,"column":50}},"663":{"start":{"line":1492,"column":24},"end":{"line":1492,"column":54}},"664":{"start":{"line":1494,"column":8},"end":{"line":1500,"column":9}},"665":{"start":{"line":1495,"column":26},"end":{"line":1495,"column":90}},"666":{"start":{"line":1495,"column":53},"end":{"line":1495,"column":89}},"667":{"start":{"line":1497,"column":12},"end":{"line":1499,"column":13}},"668":{"start":{"line":1498,"column":16},"end":{"line":1498,"column":41}},"669":{"start":{"line":1502,"column":8},"end":{"line":1502,"column":35}},"670":{"start":{"line":1507,"column":24},"end":{"line":1507,"column":54}},"671":{"start":{"line":1508,"column":34},"end":{"line":1508,"column":78}},"672":{"start":{"line":1510,"column":30},"end":{"line":1510,"column":81}},"673":{"start":{"line":1512,"column":8},"end":{"line":1514,"column":9}},"674":{"start":{"line":1512,"column":21},"end":{"line":1512,"column":22}},"675":{"start":{"line":1513,"column":12},"end":{"line":1513,"column":56}},"676":{"start":{"line":1517,"column":8},"end":{"line":1517,"column":35}},"677":{"start":{"line":1522,"column":24},"end":{"line":1522,"column":72}},"678":{"start":{"line":1523,"column":8},"end":{"line":1525,"column":9}},"679":{"start":{"line":1524,"column":12},"end":{"line":1524,"column":60}},"680":{"start":{"line":1527,"column":26},"end":{"line":1527,"column":43}},"681":{"start":{"line":1528,"column":34},"end":{"line":1528,"column":56}},"682":{"start":{"line":1529,"column":23},"end":{"line":1529,"column":25}},"683":{"start":{"line":1530,"column":28},"end":{"line":1530,"column":42}},"684":{"start":{"line":1531,"column":22},"end":{"line":1531,"column":75}},"685":{"start":{"line":1533,"column":8},"end":{"line":1548,"column":9}},"686":{"start":{"line":1533,"column":21},"end":{"line":1533,"column":22}},"687":{"start":{"line":1534,"column":28},"end":{"line":1534,"column":53}},"688":{"start":{"line":1536,"column":12},"end":{"line":1539,"column":13}},"689":{"start":{"line":1537,"column":16},"end":{"line":1537,"column":50}},"690":{"start":{"line":1538,"column":16},"end":{"line":1538,"column":25}},"691":{"start":{"line":1541,"column":34},"end":{"line":1541,"column":110}},"692":{"start":{"line":1543,"column":12},"end":{"line":1543,"column":39}},"693":{"start":{"line":1545,"column":12},"end":{"line":1547,"column":13}},"694":{"start":{"line":1546,"column":16},"end":{"line":1546,"column":53}},"695":{"start":{"line":1550,"column":8},"end":{"line":1550,"column":67}},"696":{"start":{"line":1555,"column":8},"end":{"line":1557,"column":9}},"697":{"start":{"line":1556,"column":12},"end":{"line":1556,"column":44}},"698":{"start":{"line":1559,"column":8},"end":{"line":1561,"column":9}},"699":{"start":{"line":1560,"column":12},"end":{"line":1560,"column":25}},"700":{"start":{"line":1563,"column":8},"end":{"line":1563,"column":100}},"701":{"start":{"line":1563,"column":51},"end":{"line":1563,"column":98}},"702":{"start":{"line":1568,"column":24},"end":{"line":1568,"column":54}},"703":{"start":{"line":1569,"column":8},"end":{"line":1569,"column":53}},"704":{"start":{"line":1574,"column":8},"end":{"line":1576,"column":9}},"705":{"start":{"line":1575,"column":12},"end":{"line":1575,"column":25}},"706":{"start":{"line":1578,"column":8},"end":{"line":1581,"column":9}},"707":{"start":{"line":1579,"column":26},"end":{"line":1579,"column":37}},"708":{"start":{"line":1580,"column":12},"end":{"line":1580,"column":58}},"709":{"start":{"line":1583,"column":8},"end":{"line":1585,"column":9}},"710":{"start":{"line":1584,"column":12},"end":{"line":1584,"column":22}},"711":{"start":{"line":1587,"column":8},"end":{"line":1587,"column":23}},"712":{"start":{"line":1592,"column":8},"end":{"line":1594,"column":9}},"713":{"start":{"line":1593,"column":12},"end":{"line":1593,"column":22}},"714":{"start":{"line":1596,"column":8},"end":{"line":1598,"column":9}},"715":{"start":{"line":1597,"column":12},"end":{"line":1597,"column":29}},"716":{"start":{"line":1600,"column":8},"end":{"line":1600,"column":22}},"717":{"start":{"line":1605,"column":8},"end":{"line":1605,"column":49}},"718":{"start":{"line":1610,"column":8},"end":{"line":1610,"column":55}},"719":{"start":{"line":1615,"column":8},"end":{"line":1618,"column":9}},"720":{"start":{"line":1615,"column":21},"end":{"line":1615,"column":37}},"721":{"start":{"line":1616,"column":22},"end":{"line":1616,"column":57}},"722":{"start":{"line":1617,"column":12},"end":{"line":1617,"column":56}},"723":{"start":{"line":1619,"column":8},"end":{"line":1619,"column":21}},"724":{"start":{"line":1624,"column":8},"end":{"line":1635,"column":9}},"725":{"start":{"line":1625,"column":28},"end":{"line":1625,"column":116}},"726":{"start":{"line":1626,"column":28},"end":{"line":1626,"column":115}},"727":{"start":{"line":1627,"column":24},"end":{"line":1627,"column":61}},"728":{"start":{"line":1628,"column":24},"end":{"line":1628,"column":62}},"729":{"start":{"line":1630,"column":12},"end":{"line":1632,"column":13}},"730":{"start":{"line":1631,"column":16},"end":{"line":1631,"column":25}},"731":{"start":{"line":1634,"column":12},"end":{"line":1634,"column":63}},"732":{"start":{"line":1637,"column":8},"end":{"line":1650,"column":9}},"733":{"start":{"line":1638,"column":28},"end":{"line":1638,"column":110}},"734":{"start":{"line":1639,"column":28},"end":{"line":1639,"column":109}},"735":{"start":{"line":1640,"column":24},"end":{"line":1640,"column":50}},"736":{"start":{"line":1641,"column":24},"end":{"line":1641,"column":50}},"737":{"start":{"line":1642,"column":29},"end":{"line":1642,"column":60}},"738":{"start":{"line":1644,"column":12},"end":{"line":1646,"column":13}},"739":{"start":{"line":1645,"column":16},"end":{"line":1645,"column":25}},"740":{"start":{"line":1648,"column":26},"end":{"line":1648,"column":59}},"741":{"start":{"line":1649,"column":12},"end":{"line":1649,"column":51}},"742":{"start":{"line":1652,"column":8},"end":{"line":1654,"column":9}},"743":{"start":{"line":1653,"column":12},"end":{"line":1653,"column":39}},"744":{"start":{"line":1656,"column":8},"end":{"line":1658,"column":9}},"745":{"start":{"line":1657,"column":12},"end":{"line":1657,"column":58}},"746":{"start":{"line":1660,"column":8},"end":{"line":1660,"column":20}},"747":{"start":{"line":1664,"column":8},"end":{"line":1666,"column":9}},"748":{"start":{"line":1665,"column":12},"end":{"line":1665,"column":51}},"749":{"start":{"line":1668,"column":20},"end":{"line":1668,"column":46}},"750":{"start":{"line":1669,"column":28},"end":{"line":1669,"column":80}},"751":{"start":{"line":1671,"column":8},"end":{"line":1699,"column":9}},"752":{"start":{"line":1671,"column":21},"end":{"line":1671,"column":22}},"753":{"start":{"line":1674,"column":12},"end":{"line":1688,"column":13}},"754":{"start":{"line":1675,"column":16},"end":{"line":1681,"column":17}},"755":{"start":{"line":1676,"column":20},"end":{"line":1676,"column":37}},"756":{"start":{"line":1677,"column":23},"end":{"line":1681,"column":17}},"757":{"start":{"line":1678,"column":20},"end":{"line":1678,"column":38}},"758":{"start":{"line":1680,"column":20},"end":{"line":1680,"column":52}},"759":{"start":{"line":1682,"column":19},"end":{"line":1688,"column":13}},"760":{"start":{"line":1683,"column":16},"end":{"line":1683,"column":76}},"761":{"start":{"line":1684,"column":19},"end":{"line":1688,"column":13}},"762":{"start":{"line":1685,"column":16},"end":{"line":1685,"column":83}},"763":{"start":{"line":1687,"column":16},"end":{"line":1687,"column":60}},"764":{"start":{"line":1690,"column":32},"end":{"line":1690,"column":46}},"765":{"start":{"line":1691,"column":12},"end":{"line":1693,"column":13}},"766":{"start":{"line":1692,"column":16},"end":{"line":1692,"column":49}},"767":{"start":{"line":1696,"column":12},"end":{"line":1698,"column":13}},"768":{"start":{"line":1697,"column":16},"end":{"line":1697,"column":33}},"769":{"start":{"line":1701,"column":8},"end":{"line":1720,"column":9}},"770":{"start":{"line":1702,"column":28},"end":{"line":1702,"column":116}},"771":{"start":{"line":1703,"column":28},"end":{"line":1703,"column":115}},"772":{"start":{"line":1704,"column":24},"end":{"line":1704,"column":61}},"773":{"start":{"line":1705,"column":24},"end":{"line":1705,"column":62}},"774":{"start":{"line":1708,"column":12},"end":{"line":1719,"column":13}},"775":{"start":{"line":1709,"column":16},"end":{"line":1718,"column":17}},"776":{"start":{"line":1709,"column":37},"end":{"line":1709,"column":40}},"777":{"start":{"line":1710,"column":40},"end":{"line":1713,"column":21}},"778":{"start":{"line":1715,"column":20},"end":{"line":1717,"column":21}},"779":{"start":{"line":1716,"column":24},"end":{"line":1716,"column":41}},"780":{"start":{"line":1722,"column":8},"end":{"line":1722,"column":25}},"781":{"start":{"line":1726,"column":20},"end":{"line":1726,"column":50}},"782":{"start":{"line":1728,"column":8},"end":{"line":1730,"column":9}},"783":{"start":{"line":1729,"column":12},"end":{"line":1729,"column":58}},"784":{"start":{"line":1732,"column":22},"end":{"line":1732,"column":74}},"785":{"start":{"line":1734,"column":8},"end":{"line":1736,"column":9}},"786":{"start":{"line":1735,"column":12},"end":{"line":1735,"column":69}},"787":{"start":{"line":1738,"column":46},"end":{"line":1738,"column":51}},"788":{"start":{"line":1740,"column":32},"end":{"line":1767,"column":9}},"789":{"start":{"line":1741,"column":24},"end":{"line":1741,"column":26}},"790":{"start":{"line":1742,"column":20},"end":{"line":1742,"column":21}},"791":{"start":{"line":1744,"column":12},"end":{"line":1764,"column":13}},"792":{"start":{"line":1745,"column":30},"end":{"line":1745,"column":37}},"793":{"start":{"line":1746,"column":29},"end":{"line":1746,"column":40}},"794":{"start":{"line":1747,"column":28},"end":{"line":1747,"column":39}},"795":{"start":{"line":1749,"column":16},"end":{"line":1760,"column":17}},"796":{"start":{"line":1750,"column":38},"end":{"line":1750,"column":57}},"797":{"start":{"line":1751,"column":36},"end":{"line":1751,"column":53}},"798":{"start":{"line":1753,"column":20},"end":{"line":1759,"column":21}},"799":{"start":{"line":1754,"column":24},"end":{"line":1756,"column":25}},"800":{"start":{"line":1754,"column":40},"end":{"line":1754,"column":49}},"801":{"start":{"line":1755,"column":28},"end":{"line":1755,"column":63}},"802":{"start":{"line":1757,"column":24},"end":{"line":1757,"column":31}},"803":{"start":{"line":1758,"column":24},"end":{"line":1758,"column":33}},"804":{"start":{"line":1762,"column":16},"end":{"line":1762,"column":31}},"805":{"start":{"line":1763,"column":16},"end":{"line":1763,"column":23}},"806":{"start":{"line":1766,"column":12},"end":{"line":1766,"column":48}},"807":{"start":{"line":1769,"column":22},"end":{"line":1769,"column":48}},"808":{"start":{"line":1771,"column":8},"end":{"line":1773,"column":9}},"809":{"start":{"line":1772,"column":12},"end":{"line":1772,"column":82}},"810":{"start":{"line":1775,"column":24},"end":{"line":1775,"column":25}},"811":{"start":{"line":1776,"column":24},"end":{"line":1776,"column":25}},"812":{"start":{"line":1778,"column":8},"end":{"line":1787,"column":9}},"813":{"start":{"line":1779,"column":12},"end":{"line":1779,"column":26}},"814":{"start":{"line":1780,"column":12},"end":{"line":1780,"column":26}},"815":{"start":{"line":1781,"column":15},"end":{"line":1787,"column":9}},"816":{"start":{"line":1782,"column":12},"end":{"line":1782,"column":39}},"817":{"start":{"line":1783,"column":12},"end":{"line":1783,"column":39}},"818":{"start":{"line":1785,"column":12},"end":{"line":1785,"column":39}},"819":{"start":{"line":1786,"column":12},"end":{"line":1786,"column":39}},"820":{"start":{"line":1789,"column":8},"end":{"line":1791,"column":9}},"821":{"start":{"line":1790,"column":12},"end":{"line":1790,"column":71}},"822":{"start":{"line":1793,"column":8},"end":{"line":1793,"column":47}},"823":{"start":{"line":1798,"column":24},"end":{"line":1798,"column":54}},"824":{"start":{"line":1800,"column":8},"end":{"line":1802,"column":9}},"825":{"start":{"line":1801,"column":12},"end":{"line":1801,"column":58}},"826":{"start":{"line":1804,"column":22},"end":{"line":1804,"column":48}},"827":{"start":{"line":1805,"column":8},"end":{"line":1805,"column":41}},"828":{"start":{"line":1811,"column":31},"end":{"line":1811,"column":40}},"829":{"start":{"line":1813,"column":8},"end":{"line":1840,"column":9}},"830":{"start":{"line":1814,"column":32},"end":{"line":1814,"column":50}},"831":{"start":{"line":1816,"column":12},"end":{"line":1818,"column":13}},"832":{"start":{"line":1817,"column":16},"end":{"line":1817,"column":28}},"833":{"start":{"line":1820,"column":30},"end":{"line":1820,"column":63}},"834":{"start":{"line":1821,"column":38},"end":{"line":1821,"column":82}},"835":{"start":{"line":1822,"column":25},"end":{"line":1822,"column":53}},"836":{"start":{"line":1824,"column":12},"end":{"line":1839,"column":13}},"837":{"start":{"line":1824,"column":25},"end":{"line":1824,"column":26}},"838":{"start":{"line":1825,"column":32},"end":{"line":1825,"column":39}},"839":{"start":{"line":1826,"column":16},"end":{"line":1828,"column":17}},"840":{"start":{"line":1827,"column":20},"end":{"line":1827,"column":29}},"841":{"start":{"line":1830,"column":29},"end":{"line":1830,"column":41}},"842":{"start":{"line":1831,"column":16},"end":{"line":1834,"column":17}},"843":{"start":{"line":1832,"column":20},"end":{"line":1832,"column":54}},"844":{"start":{"line":1833,"column":20},"end":{"line":1833,"column":29}},"845":{"start":{"line":1836,"column":16},"end":{"line":1838,"column":17}},"846":{"start":{"line":1837,"column":20},"end":{"line":1837,"column":32}},"847":{"start":{"line":1842,"column":8},"end":{"line":1842,"column":30}},"848":{"start":{"line":1847,"column":20},"end":{"line":1847,"column":45}},"849":{"start":{"line":1848,"column":8},"end":{"line":1850,"column":9}},"850":{"start":{"line":1849,"column":12},"end":{"line":1849,"column":25}},"851":{"start":{"line":1852,"column":26},"end":{"line":1869,"column":9}},"852":{"start":{"line":1853,"column":12},"end":{"line":1855,"column":13}},"853":{"start":{"line":1854,"column":16},"end":{"line":1854,"column":29}},"854":{"start":{"line":1857,"column":24},"end":{"line":1857,"column":25}},"855":{"start":{"line":1858,"column":12},"end":{"line":1866,"column":13}},"856":{"start":{"line":1858,"column":25},"end":{"line":1858,"column":26}},"857":{"start":{"line":1859,"column":29},"end":{"line":1859,"column":36}},"858":{"start":{"line":1860,"column":16},"end":{"line":1860,"column":45}},"859":{"start":{"line":1860,"column":34},"end":{"line":1860,"column":45}},"860":{"start":{"line":1861,"column":16},"end":{"line":1861,"column":45}},"861":{"start":{"line":1861,"column":34},"end":{"line":1861,"column":45}},"862":{"start":{"line":1863,"column":16},"end":{"line":1865,"column":17}},"863":{"start":{"line":1864,"column":20},"end":{"line":1864,"column":33}},"864":{"start":{"line":1868,"column":12},"end":{"line":1868,"column":31}},"865":{"start":{"line":1871,"column":8},"end":{"line":1873,"column":9}},"866":{"start":{"line":1872,"column":12},"end":{"line":1872,"column":46}},"867":{"start":{"line":1875,"column":8},"end":{"line":1875,"column":21}},"868":{"start":{"line":1879,"column":24},"end":{"line":1879,"column":26}},"869":{"start":{"line":1880,"column":20},"end":{"line":1880,"column":21}},"870":{"start":{"line":1881,"column":22},"end":{"line":1881,"column":24}},"871":{"start":{"line":1883,"column":8},"end":{"line":1904,"column":9}},"872":{"start":{"line":1883,"column":21},"end":{"line":1883,"column":22}},"873":{"start":{"line":1884,"column":25},"end":{"line":1884,"column":33}},"874":{"start":{"line":1885,"column":25},"end":{"line":1885,"column":37}},"875":{"start":{"line":1887,"column":12},"end":{"line":1889,"column":13}},"876":{"start":{"line":1888,"column":16},"end":{"line":1888,"column":27}},"877":{"start":{"line":1890,"column":12},"end":{"line":1892,"column":13}},"878":{"start":{"line":1891,"column":16},"end":{"line":1891,"column":27}},"879":{"start":{"line":1894,"column":12},"end":{"line":1901,"column":13}},"880":{"start":{"line":1895,"column":16},"end":{"line":1897,"column":17}},"881":{"start":{"line":1896,"column":20},"end":{"line":1896,"column":49}},"882":{"start":{"line":1898,"column":16},"end":{"line":1898,"column":29}},"883":{"start":{"line":1899,"column":16},"end":{"line":1899,"column":23}},"884":{"start":{"line":1900,"column":16},"end":{"line":1900,"column":25}},"885":{"start":{"line":1903,"column":12},"end":{"line":1903,"column":28}},"886":{"start":{"line":1906,"column":8},"end":{"line":1908,"column":9}},"887":{"start":{"line":1907,"column":12},"end":{"line":1907,"column":41}},"888":{"start":{"line":1910,"column":8},"end":{"line":1910,"column":23}},"889":{"start":{"line":1915,"column":24},"end":{"line":1915,"column":26}},"890":{"start":{"line":1916,"column":24},"end":{"line":1916,"column":26}},"891":{"start":{"line":1917,"column":22},"end":{"line":1917,"column":24}},"892":{"start":{"line":1918,"column":24},"end":{"line":1918,"column":53}},"893":{"start":{"line":1920,"column":8},"end":{"line":1948,"column":9}},"894":{"start":{"line":1921,"column":26},"end":{"line":1921,"column":79}},"895":{"start":{"line":1922,"column":12},"end":{"line":1924,"column":13}},"896":{"start":{"line":1923,"column":16},"end":{"line":1923,"column":25}},"897":{"start":{"line":1926,"column":46},"end":{"line":1926,"column":51}},"898":{"start":{"line":1927,"column":29},"end":{"line":1927,"column":62}},"899":{"start":{"line":1928,"column":30},"end":{"line":1928,"column":64}},"900":{"start":{"line":1930,"column":12},"end":{"line":1932,"column":13}},"901":{"start":{"line":1931,"column":16},"end":{"line":1931,"column":25}},"902":{"start":{"line":1934,"column":30},"end":{"line":1934,"column":73}},"903":{"start":{"line":1935,"column":29},"end":{"line":1935,"column":82}},"904":{"start":{"line":1937,"column":12},"end":{"line":1939,"column":13}},"905":{"start":{"line":1938,"column":16},"end":{"line":1938,"column":39}},"906":{"start":{"line":1941,"column":12},"end":{"line":1943,"column":13}},"907":{"start":{"line":1942,"column":16},"end":{"line":1942,"column":39}},"908":{"start":{"line":1945,"column":12},"end":{"line":1947,"column":13}},"909":{"start":{"line":1946,"column":16},"end":{"line":1946,"column":37}},"910":{"start":{"line":1950,"column":8},"end":{"line":1950,"column":43}},"911":{"start":{"line":1955,"column":23},"end":{"line":1955,"column":25}},"912":{"start":{"line":1956,"column":21},"end":{"line":1956,"column":30}},"913":{"start":{"line":1957,"column":20},"end":{"line":1963,"column":9}},"914":{"start":{"line":1958,"column":24},"end":{"line":1958,"column":45}},"915":{"start":{"line":1959,"column":12},"end":{"line":1962,"column":13}},"916":{"start":{"line":1960,"column":16},"end":{"line":1960,"column":30}},"917":{"start":{"line":1961,"column":16},"end":{"line":1961,"column":35}},"918":{"start":{"line":1965,"column":44},"end":{"line":1965,"column":99}},"919":{"start":{"line":1967,"column":8},"end":{"line":1974,"column":9}},"920":{"start":{"line":1968,"column":12},"end":{"line":1970,"column":13}},"921":{"start":{"line":1969,"column":16},"end":{"line":1969,"column":28}},"922":{"start":{"line":1971,"column":12},"end":{"line":1971,"column":22}},"923":{"start":{"line":1972,"column":12},"end":{"line":1972,"column":23}},"924":{"start":{"line":1973,"column":12},"end":{"line":1973,"column":26}},"925":{"start":{"line":1976,"column":8},"end":{"line":1995,"column":9}},"926":{"start":{"line":1977,"column":12},"end":{"line":1979,"column":13}},"927":{"start":{"line":1978,"column":16},"end":{"line":1978,"column":40}},"928":{"start":{"line":1981,"column":28},"end":{"line":1981,"column":116}},"929":{"start":{"line":1982,"column":28},"end":{"line":1982,"column":115}},"930":{"start":{"line":1983,"column":24},"end":{"line":1983,"column":50}},"931":{"start":{"line":1984,"column":24},"end":{"line":1984,"column":50}},"932":{"start":{"line":1986,"column":12},"end":{"line":1986,"column":21}},"933":{"start":{"line":1987,"column":12},"end":{"line":1987,"column":21}},"934":{"start":{"line":1988,"column":12},"end":{"line":1988,"column":19}},"935":{"start":{"line":1990,"column":12},"end":{"line":1992,"column":13}},"936":{"start":{"line":1990,"column":25},"end":{"line":1990,"column":26}},"937":{"start":{"line":1991,"column":16},"end":{"line":1991,"column":65}},"938":{"start":{"line":1994,"column":12},"end":{"line":1994,"column":26}},"939":{"start":{"line":1997,"column":8},"end":{"line":2017,"column":9}},"940":{"start":{"line":1998,"column":12},"end":{"line":2000,"column":13}},"941":{"start":{"line":1999,"column":16},"end":{"line":1999,"column":36}},"942":{"start":{"line":2002,"column":28},"end":{"line":2002,"column":110}},"943":{"start":{"line":2003,"column":28},"end":{"line":2003,"column":109}},"944":{"start":{"line":2004,"column":24},"end":{"line":2004,"column":50}},"945":{"start":{"line":2005,"column":24},"end":{"line":2005,"column":50}},"946":{"start":{"line":2006,"column":29},"end":{"line":2006,"column":60}},"947":{"start":{"line":2008,"column":12},"end":{"line":2008,"column":47}},"948":{"start":{"line":2009,"column":12},"end":{"line":2009,"column":47}},"949":{"start":{"line":2010,"column":12},"end":{"line":2010,"column":19}},"950":{"start":{"line":2012,"column":12},"end":{"line":2014,"column":13}},"951":{"start":{"line":2012,"column":25},"end":{"line":2012,"column":26}},"952":{"start":{"line":2013,"column":16},"end":{"line":2013,"column":83}},"953":{"start":{"line":2016,"column":12},"end":{"line":2016,"column":26}},"954":{"start":{"line":2019,"column":8},"end":{"line":2033,"column":9}},"955":{"start":{"line":2020,"column":12},"end":{"line":2022,"column":13}},"956":{"start":{"line":2021,"column":16},"end":{"line":2021,"column":28}},"957":{"start":{"line":2024,"column":12},"end":{"line":2030,"column":13}},"958":{"start":{"line":2024,"column":25},"end":{"line":2024,"column":26}},"959":{"start":{"line":2025,"column":16},"end":{"line":2029,"column":17}},"960":{"start":{"line":2026,"column":20},"end":{"line":2026,"column":68}},"961":{"start":{"line":2028,"column":20},"end":{"line":2028,"column":26}},"962":{"start":{"line":2032,"column":12},"end":{"line":2032,"column":26}},"963":{"start":{"line":2035,"column":8},"end":{"line":2035,"column":45}},"964":{"start":{"line":2036,"column":8},"end":{"line":2036,"column":22}},"965":{"start":{"line":2041,"column":8},"end":{"line":2043,"column":9}},"966":{"start":{"line":2042,"column":12},"end":{"line":2042,"column":95}},"967":{"start":{"line":2045,"column":33},"end":{"line":2045,"column":50}},"968":{"start":{"line":2046,"column":27},"end":{"line":2046,"column":95}},"969":{"start":{"line":2048,"column":8},"end":{"line":2068,"column":9}},"970":{"start":{"line":2049,"column":12},"end":{"line":2051,"column":13}},"971":{"start":{"line":2050,"column":16},"end":{"line":2050,"column":25}},"972":{"start":{"line":2053,"column":32},"end":{"line":2056,"column":13}},"973":{"start":{"line":2059,"column":31},"end":{"line":2059,"column":98}},"974":{"start":{"line":2060,"column":12},"end":{"line":2062,"column":13}},"975":{"start":{"line":2061,"column":16},"end":{"line":2061,"column":25}},"976":{"start":{"line":2064,"column":29},"end":{"line":2064,"column":100}},"977":{"start":{"line":2065,"column":12},"end":{"line":2067,"column":13}},"978":{"start":{"line":2066,"column":16},"end":{"line":2066,"column":32}},"979":{"start":{"line":2070,"column":8},"end":{"line":2070,"column":20}},"980":{"start":{"line":2075,"column":28},"end":{"line":2075,"column":42}},"981":{"start":{"line":2077,"column":8},"end":{"line":2132,"column":9}},"982":{"start":{"line":2078,"column":32},"end":{"line":2078,"column":50}},"983":{"start":{"line":2080,"column":12},"end":{"line":2082,"column":13}},"984":{"start":{"line":2081,"column":16},"end":{"line":2081,"column":28}},"985":{"start":{"line":2084,"column":30},"end":{"line":2084,"column":63}},"986":{"start":{"line":2085,"column":38},"end":{"line":2085,"column":82}},"987":{"start":{"line":2087,"column":12},"end":{"line":2089,"column":13}},"988":{"start":{"line":2088,"column":16},"end":{"line":2088,"column":28}},"989":{"start":{"line":2091,"column":12},"end":{"line":2131,"column":13}},"990":{"start":{"line":2091,"column":25},"end":{"line":2091,"column":26}},"991":{"start":{"line":2092,"column":32},"end":{"line":2092,"column":57}},"992":{"start":{"line":2093,"column":30},"end":{"line":2093,"column":42}},"993":{"start":{"line":2095,"column":16},"end":{"line":2100,"column":17}},"994":{"start":{"line":2096,"column":20},"end":{"line":2098,"column":21}},"995":{"start":{"line":2097,"column":24},"end":{"line":2097,"column":36}},"996":{"start":{"line":2099,"column":20},"end":{"line":2099,"column":29}},"997":{"start":{"line":2104,"column":16},"end":{"line":2106,"column":17}},"998":{"start":{"line":2105,"column":20},"end":{"line":2105,"column":29}},"999":{"start":{"line":2108,"column":16},"end":{"line":2130,"column":17}},"1000":{"start":{"line":2109,"column":42},"end":{"line":2114,"column":21}},"1001":{"start":{"line":2116,"column":20},"end":{"line":2118,"column":21}},"1002":{"start":{"line":2117,"column":24},"end":{"line":2117,"column":36}},"1003":{"start":{"line":2120,"column":20},"end":{"line":2122,"column":21}},"1004":{"start":{"line":2121,"column":24},"end":{"line":2121,"column":61}},"1005":{"start":{"line":2124,"column":41},"end":{"line":2124,"column":76}},"1006":{"start":{"line":2125,"column":20},"end":{"line":2128,"column":23}},"1007":{"start":{"line":2129,"column":20},"end":{"line":2129,"column":32}},"1008":{"start":{"line":2134,"column":8},"end":{"line":2136,"column":9}},"1009":{"start":{"line":2135,"column":12},"end":{"line":2135,"column":34}},"1010":{"start":{"line":2138,"column":8},"end":{"line":2140,"column":19}},"1011":{"start":{"line":2144,"column":8},"end":{"line":2148,"column":9}},"1012":{"start":{"line":2145,"column":12},"end":{"line":2145,"column":47}},"1013":{"start":{"line":2147,"column":12},"end":{"line":2147,"column":24}},"1014":{"start":{"line":2152,"column":8},"end":{"line":2152,"column":28}},"1015":{"start":{"line":2152,"column":18},"end":{"line":2152,"column":28}},"1016":{"start":{"line":2154,"column":21},"end":{"line":2172,"column":9}},"1017":{"start":{"line":2155,"column":12},"end":{"line":2155,"column":33}},"1018":{"start":{"line":2155,"column":23},"end":{"line":2155,"column":33}},"1019":{"start":{"line":2157,"column":12},"end":{"line":2169,"column":13}},"1020":{"start":{"line":2158,"column":16},"end":{"line":2160,"column":17}},"1021":{"start":{"line":2159,"column":20},"end":{"line":2159,"column":69}},"1022":{"start":{"line":2162,"column":16},"end":{"line":2166,"column":17}},"1023":{"start":{"line":2163,"column":20},"end":{"line":2165,"column":43}},"1024":{"start":{"line":2168,"column":16},"end":{"line":2168,"column":30}},"1025":{"start":{"line":2171,"column":12},"end":{"line":2171,"column":26}},"1026":{"start":{"line":2174,"column":24},"end":{"line":2174,"column":33}},"1027":{"start":{"line":2176,"column":28},"end":{"line":2183,"column":9}},"1028":{"start":{"line":2185,"column":8},"end":{"line":2217,"column":9}},"1029":{"start":{"line":2186,"column":12},"end":{"line":2186,"column":59}},"1030":{"start":{"line":2186,"column":50},"end":{"line":2186,"column":59}},"1031":{"start":{"line":2188,"column":46},"end":{"line":2188,"column":50}},"1032":{"start":{"line":2190,"column":28},"end":{"line":2190,"column":59}},"1033":{"start":{"line":2191,"column":29},"end":{"line":2191,"column":61}},"1034":{"start":{"line":2193,"column":30},"end":{"line":2193,"column":81}},"1035":{"start":{"line":2194,"column":31},"end":{"line":2194,"column":84}},"1036":{"start":{"line":2196,"column":12},"end":{"line":2196,"column":52}},"1037":{"start":{"line":2196,"column":43},"end":{"line":2196,"column":52}},"1038":{"start":{"line":2198,"column":26},"end":{"line":2198,"column":56}},"1039":{"start":{"line":2200,"column":12},"end":{"line":2200,"column":46}},"1040":{"start":{"line":2200,"column":37},"end":{"line":2200,"column":46}},"1041":{"start":{"line":2202,"column":12},"end":{"line":2208,"column":13}},"1042":{"start":{"line":2203,"column":16},"end":{"line":2203,"column":93}},"1043":{"start":{"line":2203,"column":38},"end":{"line":2203,"column":93}},"1044":{"start":{"line":2204,"column":16},"end":{"line":2204,"column":90}},"1045":{"start":{"line":2204,"column":39},"end":{"line":2204,"column":90}},"1046":{"start":{"line":2205,"column":16},"end":{"line":2205,"column":93}},"1047":{"start":{"line":2205,"column":38},"end":{"line":2205,"column":93}},"1048":{"start":{"line":2206,"column":16},"end":{"line":2206,"column":90}},"1049":{"start":{"line":2206,"column":39},"end":{"line":2206,"column":90}},"1050":{"start":{"line":2207,"column":16},"end":{"line":2207,"column":86}},"1051":{"start":{"line":2207,"column":59},"end":{"line":2207,"column":86}},"1052":{"start":{"line":2210,"column":12},"end":{"line":2212,"column":13}},"1053":{"start":{"line":2211,"column":16},"end":{"line":2211,"column":84}},"1054":{"start":{"line":2211,"column":59},"end":{"line":2211,"column":84}},"1055":{"start":{"line":2214,"column":12},"end":{"line":2216,"column":13}},"1056":{"start":{"line":2215,"column":16},"end":{"line":2215,"column":92}},"1057":{"start":{"line":2215,"column":59},"end":{"line":2215,"column":92}},"1058":{"start":{"line":2219,"column":8},"end":{"line":2219,"column":27}},"1059":{"start":{"line":2223,"column":8},"end":{"line":2228,"column":9}},"1060":{"start":{"line":2225,"column":12},"end":{"line":2225,"column":75}},"1061":{"start":{"line":2227,"column":12},"end":{"line":2227,"column":29}},"1062":{"start":{"line":2232,"column":18},"end":{"line":2234,"column":38}},"1063":{"start":{"line":2236,"column":18},"end":{"line":2238,"column":38}},"1064":{"start":{"line":2240,"column":8},"end":{"line":2242,"column":9}},"1065":{"start":{"line":2241,"column":12},"end":{"line":2241,"column":38}},"1066":{"start":{"line":2244,"column":8},"end":{"line":2265,"column":9}},"1067":{"start":{"line":2245,"column":12},"end":{"line":2245,"column":64}},"1068":{"start":{"line":2246,"column":12},"end":{"line":2246,"column":64}},"1069":{"start":{"line":2248,"column":12},"end":{"line":2248,"column":33}},"1070":{"start":{"line":2249,"column":12},"end":{"line":2249,"column":34}},"1071":{"start":{"line":2251,"column":12},"end":{"line":2253,"column":13}},"1072":{"start":{"line":2252,"column":16},"end":{"line":2252,"column":55}},"1073":{"start":{"line":2255,"column":12},"end":{"line":2263,"column":13}},"1074":{"start":{"line":2256,"column":28},"end":{"line":2261,"column":17}},"1075":{"start":{"line":2262,"column":16},"end":{"line":2262,"column":57}},"1076":{"start":{"line":2264,"column":12},"end":{"line":2264,"column":63}},"1077":{"start":{"line":2267,"column":8},"end":{"line":2286,"column":9}},"1078":{"start":{"line":2268,"column":12},"end":{"line":2268,"column":61}},"1079":{"start":{"line":2269,"column":12},"end":{"line":2269,"column":61}},"1080":{"start":{"line":2271,"column":12},"end":{"line":2273,"column":13}},"1081":{"start":{"line":2272,"column":16},"end":{"line":2272,"column":56}},"1082":{"start":{"line":2275,"column":29},"end":{"line":2275,"column":60}},"1083":{"start":{"line":2277,"column":12},"end":{"line":2283,"column":13}},"1084":{"start":{"line":2278,"column":28},"end":{"line":2281,"column":17}},"1085":{"start":{"line":2282,"column":16},"end":{"line":2282,"column":83}},"1086":{"start":{"line":2285,"column":12},"end":{"line":2285,"column":81}},"1087":{"start":{"line":2288,"column":8},"end":{"line":2288,"column":47}},"1088":{"start":{"line":2292,"column":8},"end":{"line":2294,"column":9}},"1089":{"start":{"line":2293,"column":12},"end":{"line":2293,"column":44}},"1090":{"start":{"line":2296,"column":48},"end":{"line":2296,"column":92}},"1091":{"start":{"line":2298,"column":23},"end":{"line":2298,"column":90}},"1092":{"start":{"line":2300,"column":21},"end":{"line":2300,"column":23}},"1093":{"start":{"line":2301,"column":8},"end":{"line":2303,"column":9}},"1094":{"start":{"line":2301,"column":21},"end":{"line":2301,"column":22}},"1095":{"start":{"line":2302,"column":12},"end":{"line":2302,"column":70}},"1096":{"start":{"line":2304,"column":8},"end":{"line":2304,"column":22}}},"fnMap":{"0":{"name":"(anonymous_0)",
[...]
"586":0,"587":0,"588":0,"589":0,"590":0,"591":0,"592":0,"593":0,"594":0,"595":0,"596":0,"597":0,"598":0,"599":0,"600":0,"601":0,"602":0,"603":0,"604":0,"605":0,"606":0,"607":0,"608":0,"609":0,"610":0,"611":0,"612":0,"613":0,"614":0,"615":0,"616":0,"617":0,"618":0,"619":0,"620":0,"621":0,"622":0,"623":0,"624":0,"625":0,"626":0,"627":0,"628":0,"629":0,"630":0,"631":0,"632":0,"633":0,"634":0,"635":0,"636":0,"637":0,"638":0,"639":0,"640":0,"641":0,"642":0,"643":0,"644":0,"645":0,"646":0,"647":0,"648":0,"649":0,"650":0,"651":0,"652":0,"653":0,"654":0,"655":0,"656":0,"657":0,"658":0,"659":0,"660":0,"661":0,"662":0,"663":0,"664":0,"665":0,"666":0,"667":0,"668":0,"669":0,"670":0,"671":0,"672":0,"673":0,"674":0,"675":0,"676":0,"677":0,"678":0,"679":0,"680":0,"681":0,"682":0,"683":0,"684":0,"685":0,"686":0,"687":0,"688":0,"689":0,"690":0,"691":0,"692":0,"693":0,"694":0,"695":0,"696":0,"697":0,"698":0,"699":0,"700":0,"701":0,"702":0,"703":0,"704":0,"705":0,"706":0,"707":0,"708":0,"709":0,"710":0,"711":0,"712":0,"713":0,"714":0,"715":0,"716":0,"717":0,"718":0,"719":0,"720":0,"721":0,"722":0,"723":0,"724":0,"725":0,"726":0,"727":0,"728":0,"729":0,"730":0,"731":0,"732":0,"733":0,"734":0,"735":0,"736":0,"737":0,"738":0,"739":0,"740":0,"741":0,"742":0,"743":0,"744":0,"745":0,"746":0,"747":0,"748":0,"749":0,"750":0,"751":0,"752":0,"753":0,"754":0,"755":0,"756":0,"757":0,"758":0,"759":0,"760":0,"761":0,"762":0,"763":0,"764":0,"765":0,"766":0,"767":0,"768":0,"769":0,"770":0,"771":0,"772":0,"773":0,"774":0,"775":0,"776":0,"777":0,"778":0,"779":0,"780":0,"781":0,"782":0,"783":0,"784":0,"785":0,"786":0,"787":0,"788":0,"789":0,"790":0,"791":0,"792":0,"793":0,"794":0,"795":0,"796":0,"797":0,"798":0,"799":0,"800":0,"801":0,"802":0,"803":0,"804":0,"805":0,"806":0,"807":0,"808":0,"809":0,"810":0,"811":0,"812":0,"813":0,"814":0,"815":0,"816":0,"817":0,"818":0,"819":0,"820":0,"821":0,"822":0,"823":0,"824":0,"825":0,"826":0,"827":0,"828":0,"829":0,"830":0,"831":0,"832":0,"833":0,"834":0,"835":0,"836":0,"837":0,"838":0,"839":0,"840":0,"841":0,"842":0,"843":0,"844":0,"845":0,"846":0,"847":0,"848":0,"849":0,"850":0,"851":0,"852":0,"853":0,"854":0,"855":0,"856":0,"857":0,"858":0,"859":0,"860":0,"861":0,"862":0,"863":0,"864":0,"865":0,"866":0,"867":0,"868":0,"869":0,"870":0,"871":0,"872":0,"873":0,"874":0,"875":0,"876":0,"877":0,"878":0,"879":0,"880":0,"881":0,"882":0,"883":0,"884":0,"885":0,"886":0,"887":0,"888":0,"889":0,"890":0,"891":0,"892":0,"893":0,"894":0,"895":0,"896":0,"897":0,"898":0,"899":0,"900":0,"901":0,"902":0,"903":0,"904":0,"905":0,"906":0,"907":0,"908":0,"909":0,"910":0,"911":0,"912":0,"913":0,"914":0,"915":0,"916":0,"917":0,"918":0,"919":0,"920":0,"921":0,"922":0,"923":0,"924":0,"925":0,"926":0,"927":0,"928":0,"929":0,"930":0,"931":0,"932":0,"933":0,"934":0,"935":0,"936":0,"937":0,"938":0,"939":0,"940":0,"941":0,"942":0,"943":0,"944":0,"945":0,"946":0,"947":0,"948":0,"949":0,"950":0,"951":0,"952":0,"953":0,"954":0,"955":0,"956":0,"957":0,"958":0,"959":0,"960":0,"961":0,"962":0,"963":0,"964":0,"965":0,"966":0,"967":0,"968":0,"969":0,"970":0,"971":0,"972":0,"973":0,"974":0,"975":0,"976":0,"977":0,"978":0,"979":0,"980":0,"981":0,"982":0,"983":0,"984":0,"985":0,"986":0,"987":0,"988":0,"989":0,"990":0,"991":0,"992":0,"993":0,"994":0,"995":0,"996":0,"997":0,"998":0,"999":0,"1000":0,"1001":0,"1002":0,"1003":0,"1004":0,"1005":0,"1006":0,"1007":0,"1008":0,"1009":0,"1010":0,"1011":0,"1012":0,"1013":0,"1014":0,"1015":0,"1016":0,"1017":0,"1018":0,"1019":0,"1020":0,"1021":0,"1022":0,"1023":0,"1024":0,"1025":0,"1026":0,"1027":0,"1028":0,"1029":0,"1030":0,"1031":0,"1032":0,"1033":0,"1034":0,"1035":0,"1036":0,"1037":0,"1038":0,"1039":0,"1040":0,"1041":0,"1042":0,"1043":0,"1044":0,"1045":0,"1046":0,"1047":0,"1048":0,"1049":0,"1050":0,"1051":0,"1052":0,"1053":0,"1054":0,"1055":0,"1056":0,"1057":0,"1058":0,"1059":0,"1060":0,"1061":0,"1062":0,"1063":0,"1064":0,"1065":0,"1066":0,"1067":0,"1068":0,"1069":0,"1070":0,"1071":0,"1072":0,"1073":0,"1074":0,"1075":0,"1076":0,"1077":0,"1078":0,"1079":0,"1080":0,"1081":0,"1082":0,"1083":0,"1084":0,"1085":0,"1086":0,"1087":0,"1088":0,"1089":0,"1090":0,"1091":0,"1092":0,"1093":0,"1094":0,"1095":0,"1096":0,"1097":0,"1098":0,"1099":0,"1100":0,"1101":0,"1102":0,"1103":0,"1104":0,"1105":0,"1106":0,"1107":0,"1108":0,"1109":0,"1110":0,"1111":0,"1112":0,"1113":0,"1114":0,"1115":0,"1116":0,"1117":0,"1118":0,"1119":0,"1120":0,"1121":0,"1122":0,"1123":0,"1124":0,"1125":0,"1126":0,"1127":0,"1128":0,"1129":0,"1130":0,"1131":0,"1132":0,"1133":0,"1134":0,"1135":0,"1136":0,"1137":0,"1138":0,"1139":0,"1140":0,"1141":0,"1142":0,"1143":0,"1144":0,"1145":0,"1146":0,"1147":0,"1148":0,"1149":0,"1150":0,"1151":0,"1152":0,"1153":0,"1154":0,"1155":0,"1156":0,"1157":0,"1158":0,"1159":0,"1160":0,"1161":0,"1162":0,"1163":0,"1164":0,"1165":0,"1166":0,"1167":0,"1168":0,"1169":0,"1170":0,"1171":0,"1172":0,"1173":0,"1174":0,"1175":0,"1176":0,"1177":0,"1178":0,"1179":0,"1180":0,"1181":0,"1182":0,"1183":0,"1184":0,"1185":0,"1186":0,"1187":0,"1188":0,"1189":0,"1190":0,"1191":0,"1192":0,"1193":0,"1194":0,"1195":0,"1196":0,"1197":0,"1198":0,"1199":0,"1200":0,"1201":0,"1202":0,"1203":0,"1204":0,"1205":0,"1206":0,"1207":0,"1208":0,"1209":0,"1210":0,"1211":0,"1212":0,"1213":0,"1214":0,"1215":0,"1216":0,"1217":0,"1218":0,"1219":0,"1220":0,"1221":0,"1222":0,"1223":0,"1224":0,"1225":0,"1226":0,"1227":0,"1228":0,"1229":0,"1230":0,"1231":0,"1232":0,"1233":0,"1234":0,"1235":0,"1236":0,"1237":0,"1238":0,"1239":0,"1240":0,"1241":0,"1242":0,"1243":0,"1244":0,"1245":0,"1246":0,"1247":0,"1248":0,"1249":0,"1250":0,"1251":0,"1252":0,"1253":0,"1254":0,"1255":0,"1256":0,"1257":0,"1258":0,"1259":0,"1260":0,"1261":0,"1262":0,"1263":0,"1264":0,"1265":0,"1266":0,"1267":0,"1268":0,"1269":0,"1270":0,"1271":0,"1272":0,"1273":0,"1274":0,"1275":0,"1276":0,"1277":0,"1278":0,"1279":0,"1280":0,"1281":0,"1282":0,"1283":0,"1284":0,"1285":0,"1286":0,"1287":0,"1288":0,"1289":0,"1290":0,"1291":0,"1292":0,"1293":0,"1294":0,"1295":0,"1296":0,"1297":0,"1298":0,"1299":0,"1300":0,"1301":0,"1302":0,"1303":0,"1304":0,"1305":0,"1306":0,"1307":0,"1308":0,"1309":0,"1310":0,"1311":0,"1312":0,"1313":0,"1314":0,"1315":0},"f":{"0":1,"1":1,"2":0,"3":1,"4":1,"5":1,"6":1,"7":0,"8":0,"9":0,"10":0,"11":0,"12":0,"13":0,"14":0,"15":0,"16":0,"17":0,"18":0,"19":0,"20":0,"21":0,"22":0,"23":0,"24":0,"25":0,"26":0,"27":0,"28":0,"29":0,"30":0,"31":0,"32":0,"33":0,"34":0,"35":0,"36":0,"37":0,"38":0,"39":0,"40":0,"41":0,"42":0,"43":1,"44":1,"45":0,"46":0,"47":0,"48":0,"49":0,"50":0,"51":0,"52":0,"53":0,"54":0,"55":0,"56":0,"57":0,"58":0,"59":0,"60":0,"61":0,"62":0,"63":0,"64":0,"65":0,"66":0,"67":0,"68":0,"69":0,"70":0,"71":0,"72":0,"73":0,"74":0,"75":0,"76":0,"77":0,"78":0,"79":0,"80":0,"81":0,"82":0,"83":0,"84":0,"85":0,"86":0,"87":0,"88":0,"89":0,"90":0,"91":0,"92":0,"93":0,"94":0,"95":0,"96":0,"97":0,"98":0,"99":0,"100":0,"101":0,"102":0,"103":0,"104":0,"105":0,"106":0,"107":0,"108":0,"109":0,"110":0,"111":0,"112":0,"113":0,"114":0,"115":0,"116":0,"117":0,"118":0,"119":0,"120":0,"121":0,"122":0,"123":0,"124":0,"125":0,"126":0,"127":0,"128":0,"129":0,"130":0,"131":0,"132":0,"133":0,"134":0,"135":0,"136":0,"137":0,"138":0,"139":0,"140":0,"141":0},"b":{"0":[0,1],"1":[0],"2":[1,0],"3":[0,0],"4":[0,0],"5":[0,0],"6":[0,0],"7":[0,0],"8":[0,0],"9":[0,0],"10":[0,0],"11":[0,0],"12":[0,0],"13":[0,0],"14":[0,0],"15":[0],"16":[0,0],"17":[0,0],"18":[0,0],"19":[0,0],"20":[0],"21":[0,0],"22":[0],"23":[0,0],"24":[0,0],"25":[0],"26":[0],"27":[0],"28":[0,0],"29":[0,0],"30":[0,0],"31":[0,0],"32":[0,0],"33":[0,0],"34":[0,0],"35":[0,0],"36":[0,0],"37":[0,0],"38":[0,0],"39":[0,0],"40":[0,0],"41":[0,0],"42":[0,0],"43":[0,0],"44":[0,0],"45":[0,0],"46":[0,0],"47":[0,0],"48":[0,0],"49":[0,0],"50":[0,0],"51":[0,0],"52":[0,0],"53":[0,0],"54":[0,0],"55":[0,0],"56":[0],"57":[0],"58":[1],"59":[0,0],"60":[0,1],"61":[0,0],"62":[0],"63":[0],"64":[0],"65":[0,0],"66":[0,0],"67":[0],"68":[0],"69":[0],"70":[0],"71":[0,0],"72":[0,0],"73":[0,0],"74":[0,0],"75":[0],"76":[0],"77":[0],"78":[0],"79":[0,0],"80":[0,0],"81":[0,0],"82":[0,0],"83":[0,0],"84":[0,0],"85":[0,0],"86":[0,0],"87":[0,0],"88":[0,0],"89":[0,0],"90":[0,0],"91":[0,0],"92":[0,0],"93":[0],"94":[0],"95":[0],"96":[0],"97":[0,0],"98":[0,0],"99":[0,0],"100":[0,0],"101":[0,0],"102":[0,0],"103":[0,0],"104":[0],"105":[0,0],"106":[0,0],"107":[0,0],"108":[0,0],"109":[0,0],"110":[0,0],"111":[0,0],"112":[0,0],"113":[0,0],"114":[0,0],"115":[0,0],"116":[0,0],"117":[0,0],"118":[0,0],"119":[0,0],"120":[0,0],"121":[0,0],"122":[0,0],"123":[0,0],"124":[0,0],"125":[0,0],"126":[0,0],"127":[0,0],"128":[0,0],"129":[0,0],"130":[0,0],"131":[0,0],"132":[0,0],"133":[0,0],"134":[0,0],"135":[0,0],"136":[0,0],"137":[0,0],"138":[0],"139":[0],"140":[0],"141":[0],"142":[0],"143":[0],"144":[0],"145":[0],"146":[0],"147":[0],"148":[0,0],"149":[0,0],"150":[0,0],"151":[0,0],"152":[0,0],"153":[0,0],"154":[0,0],"155":[0,0],"156":[0,0],"157":[0,0],"158":[0,0],"159":[0,0],"160":[0,0],"161":[0,0],"162":[0,0],"163":[0,0],"164":[0,0],"165":[0,0],"166":[0,0],"167":[0,0],"168":[0,0],"169":[0,0],"170":[0,0],"171":[0,0],"172":[0,0],"173":[0,0],"174":[0,0],"175":[0,0],"176":[0,0],"177":[0,0],"178":[0,0],"179":[0,0],"180":[0,0],"181":[0,0],"182":[0,0],"183":[0,0],"184":[0,0],"185":[0,0],"186":[0,0],"187":[0,0],"188":[0,0],"189":[0,0],"190":[0,0],"191":[0,0],"192":[0,0],"193":[0,0],"194":[0,0],"195":[0,0]},"_coverageSchema":"1a1c01bbd47fc00a2c39e90264f33305004495a9","hash":"e47dcc82a1de5354a186d3363771740636aacb63"}
,"/Users/lucasfrandsen/DTU/S6/Bachelor Thesis/petrinet-io/lib/services/IdCounterService.js": {"path":"/Users/lucasfrandsen/DTU/S6/Bachelor Thesis/petrinet-io/lib/services/IdCounterService.js","statementMap":{"0":{"start":{"line":1,"column":13},"end":{"line":3,"column":71}},"1":{"start":{"line":2,"column":10},"end":{"line":2,"column":40}},"2":{"start":{"line":3,"column":10},"end":{"line":3,"column":71}},"3":{"start":{"line":6,"column":19},"end":{"line":6,"column":38}},"4":{"start":{"line":8,"column":4},"end":{"line":8,"column":43}},"5":{"start":{"line":9,"column":4},"end":{"line":9,"column":26}},"6":{"start":{"line":10,"column":4},"end":{"line":10,"column":31}},"7":{"start":{"line":11,"column":4},"end":{"line":11,"column":31}},"8":{"start":{"line":15,"column":21},"end":{"line":15,"column":50}},"9":{"start":{"line":16,"column":19},"end":{"line":16,"column":67}},"10":{"start":{"line":16,"column":41},"end":{"line":16,"column":66}},"11":{"start":{"line":18,"column":24},"end":{"line":26,"column":5}},"12":{"start":{"line":20,"column":19},"end":{"line":20,"column":24}},"13":{"start":{"line":22,"column":22},"end":{"line":22,"column":47}},"14":{"start":{"line":23,"column":10},"end":{"line":23,"column":41}},"15":{"start":{"line":25,"column":23},"end":{"line":25,"column":35}},"16":{"start":{"line":28,"column":20},"end":{"line":28,"column":21}},"17":{"start":{"line":29,"column":4},"end":{"line":31,"column":5}},"18":{"start":{"line":30,"column":6},"end":{"line":30,"column":18}},"19":{"start":{"line":34,"column":4},"end":{"line":36,"column":5}},"20":{"start":{"line":35,"column":6},"end":{"line":35,"column":40}},"21":{"start":{"line":38,"column":4},"end":{"line":38,"column":27}},"22":{"start":{"line":42,"column":21},"end":{"line":42,"column":50}},"23":{"start":{"line":43,"column":24},"end":{"line":43,"column":77}},"24":{"start":{"line":43,"column":46},"end":{"line":43,"column":76}},"25":{"start":{"line":46,"column":24},"end":{"line":55,"column":5}},"26":{"start":{"line":48,"column":19},"end":{"line":48,"column":24}},"27":{"start":{"line":49,"column":22},"end":{"line":49,"column":40}},"28":{"start":{"line":51,"column":22},"end":{"line":51,"column":47}},"29":{"start":{"line":52,"column":10},"end":{"line":52,"column":41}},"30":{"start":{"line":54,"column":23},"end":{"line":54,"column":35}},"31":{"start":{"line":58,"column":20},"end":{"line":58,"column":21}},"32":{"start":{"line":59,"column":4},"end":{"line":61,"column":5}},"33":{"start":{"line":60,"column":6},"end":{"line":60,"column":18}},"34":{"start":{"line":64,"column":4},"end":{"line":66,"column":5}},"35":{"start":{"line":65,"column":6},"end":{"line":65,"column":45}},"36":{"start":{"line":68,"column":4},"end":{"line":68,"column":27}},"37":{"start":{"line":72,"column":21},"end":{"line":72,"column":50}},"38":{"start":{"line":73,"column":24},"end":{"line":73,"column":77}},"39":{"start":{"line":73,"column":46},"end":{"line":73,"column":76}},"40":{"start":{"line":76,"column":27},"end":{"line":80,"column":5}},"41":{"start":{"line":78,"column":19},"end":{"line":78,"column":41}},"42":{"start":{"line":79,"column":23},"end":{"line":79,"column":35}},"43":{"start":{"line":83,"column":20},"end":{"line":83,"column":23}},"44":{"start":{"line":84,"column":4},"end":{"line":86,"column":5}},"45":{"start":{"line":85,"column":6},"end":{"line":85,"column":67}},"46":{"start":{"line":88,"column":4},"end":{"line":88,"column":21}},"47":{"start":{"line":92,"column":4},"end":{"line":92,"column":33}},"48":{"start":{"line":97,"column":4},"end":{"line":105,"column":5}},"49":{"start":{"line":98,"column":6},"end":{"line":104,"column":7}},"50":{"start":{"line":99,"column":8},"end":{"line":99,"column":37}},"51":{"start":{"line":100,"column":13},"end":{"line":104,"column":7}},"52":{"start":{"line":101,"column":8},"end":{"line":101,"column":42}},"53":{"start":{"line":103,"column":8},"end":{"line":103,"column":25}},"54":{"start":{"line":109,"column":4},"end":{"line":109,"column":45}}},"fnMap":{"0":{"name":"(anonymous_0)","decl":{"start":{"line":2,"column":4},"end":{"line":2,"column":5}},"loc":{"start":{"line":2,"column":10},"end":{"line":2,"column":40}},"line":2},"1":{"name":"(anonymous_1)","decl":{"start":{"line":3,"column":4},"end":{"line":3,"column":5}},"loc":{"start":{"line":3,"column":10},"end":{"line":3,"column":71}},"line":3},"2":{"name":"(anonymous_2)","decl":{"start":{"line":7,"column":2},"end":{"line":7,"column":3}},"loc":{"start":{"line":7,"column":31},"end":{"line":12,"column":3}},"line":7},"3":{"name":"(anonymous_3)","decl":{"start":{"line":14,"column":2},"end":{"line":14,"column":3}},"loc":{"start":{"line":14,"column":19},"end":{"line":39,"column":3}},"line":14},"4":{"name":"(anonymous_4)","decl":{"start":{"line":16,"column":35},"end":{"line":16,"column":36}},"loc":{"start":{"line":16,"column":41},"end":{"line":16,"column":66}},"line":16},"5":{"name":"(anonymous_5)","decl":{"start":{"line":20,"column":13},"end":{"line":20,"column":14}},"loc":{"start":{"line":20,"column":19},"end":{"line":20,"column":24}},"line":20},"6":{"name":"(anonymous_6)","decl":{"start":{"line":21,"column":13},"end":{"line":21,"column":14}},"loc":{"start":{"line":21,"column":19},"end":{"line":24,"column":9}},"line":21},"7":{"name":"(anonymous_7)","decl":{"start":{"line":25,"column":16},"end":{"line":25,"column":17}},"loc":{"start":{"line":25,"column":23},"end":{"line":25,"column":35}},"line":25},"8":{"name":"(anonymous_8)","decl":{"start":{"line":41,"column":2},"end":{"line":41,"column":3}},"loc":{"start":{"line":41,"column":24},"end":{"line":69,"column":3}},"line":41},"9":{"name":"(anonymous_9)","decl":{"start":{"line":43,"column":40},"end":{"line":43,"column":41}},"loc":{"start":{"line":43,"column":46},"end":{"line":43,"column":76}},"line":43},"10":{"name":"(anonymous_10)","decl":{"start":{"line":48,"column":13},"end":{"line":48,"column":14}},"loc":{"start":{"line":48,"column":19},"end":{"line":48,"column":24}},"line":48},"11":{"name":"(anonymous_11)","decl":{"start":{"line":49,"column":16},"end":{"line":49,"column":17}},"loc":{"start":{"line":49,"column":22},"end":{"line":49,"column":40}},"line":49},"12":{"name":"(anonymous_12)","decl":{"start":{"line":50,"column":13},"end":{"line":50,"column":14}},"loc":{"start":{"line":50,"column":19},"end":{"line":53,"column":9}},"line":50},"13":{"name":"(anonymous_13)","decl":{"start":{"line":54,"column":16},"end":{"line":54,"column":17}},"loc":{"start":{"line":54,"column":23},"end":{"line":54,"column":35}},"line":54},"14":{"name":"(anonymous_14)","decl":{"start":{"line":71,"column":2},"end":{"line":71,"column":3}},"loc":{"start":{"line":71,"column":27},"end":{"line":89,"column":3}},"line":71},"15":{"name":"(anonymous_15)","decl":{"start":{"line":73,"column":40},"end":{"line":73,"column":41}},"loc":{"start":{"line":73,"column":46},"end":{"line":73,"column":76}},"line":73},"16":{"name":"(anonymous_16)","decl":{"start":{"line":78,"column":13},"end":{"line":78,"column":14}},"loc":{"start":{"line":78,"column":19},"end":{"line":78,"column":41}},"line":78},"17":{"name":"(anonymous_17)","decl":{"start":{"line":79,"column":16},"end":{"line":79,"column":17}},"loc":{"start":{"line":79,"column":23},"end":{"line":79,"column":35}},"line":79},"18":{"name":"(anonymous_18)","decl":{"start":{"line":91,"column":2},"end":{"line":91,"column":3}},"loc":{"start":{"line":91,"column":24},"end":{"line":93,"column":3}},"line":91},"19":{"name":"(anonymous_19)","decl":{"start":{"line":96,"column":2},"end":{"line":96,"column":3}},"loc":{"start":{"line":96,"column":18},"end":{"line":106,"column":3}},"line":96},"20":{"name":"(anonymous_20)","decl":{"start":{"line":108,"column":2},"end":{"line":108,"column":3}},"loc":{"start":{"line":108,"column":17},"end":{"line":110,"column":3}},"line":108}},"branchMap":{"0":{"loc":{"start":{"line":1,"column":13},"end":{"line":3,"column":71}},"type":"cond-expr","locations":[{"start":{"line":2,"column":4},"end":{"line":2,"column":40}},{"start":{"line":3,"column":4},"end":{"line":3,"column":71}}],"line":1},"1":{"loc":{"start":{"line":1,"column":13},"end":{"line":1,"column":79}},"type":"binary-expr","locations":[{"start":{"line":1,"column":13},"end":{"line":1,"column":46}},{"start":{"line":1,"column":50},"end":{"line":1,"column":79}}],"line":1},"2":{"loc":{"start":{"line":23,"column":17},"end":{"line":23,"column":40}},"type":"cond-expr","locations":[{"start":{"line":23,"column":30},"end":{"line":23,"column":34}},{"start":{"line":23,"column":37},"end":{"line":23,"column":40}}],"line":23},"3":{"loc":{"start":{"line":34,"column":4},"end":{"line":36,"column":5}},"type":"if","locations":[{"start":{"line":34,"column":4},"end":{"line":36,"column":5}},{"start":{},"end":{}}],"line":34},"4":{"loc":{"start":{"line":52,"column":17},"end":{"line":52,"column":40}},"type":"cond-expr","locations":[{"start":{"line":52,"column":30},"end":{"line":52,"column":34}},{"start":{"line":52,"column":37},"end":{"line":52,"column":40}}],"line":52},"5":{"loc":{"start":{"line":64,"column":4},"end":{"line":66,"column":5}},"type":"if","locations":[{"start":{"line":64,"column":4},"end":{"line":66,"column":5}},{"start":{},"end":{}}],"line":64},"6":{"loc":{"start":{"line":97,"column":4},"end":{"line":105,"column":5}},"type":"if","locations":[{"start":{"line":97,"column":4},"end":{"line":105,"column":5}},{"start":{},"end":{}}],"line":97},"7":{"loc":{"start":{"line":98,"column":6},"end":{"line":104,"column":7}},"type":"if","locations":[{"start":{"line":98,"column":6},"end":{"line":104,"column":7}},{"start":{"line":100,"column":13},"end":{"line":104,"column":7}}],"line":98},"8":{"loc":{"start":{"line":100,"column":13},"end":{"line":104,"column":7}},"type":"if","locations":[{"start":{"line":100,"column":13},"end":{"line":104,"column":7}},{"start":{"line":102,"column":13},"end":{"line":104,"column":7}}],"line":100}},"s":{"0":1,"1":0,"2":0,"3":1,"4":6,"5":6,"6":6,"7":6,"8":3,"9":3,"10":2,"11":3,"12":2,"13":2,"14":2,"15":2,"16":3,"17":3,"18":1,"19":3,"20":3,"21":3,"22":3,"23":3,"24":2,"25":3,"26":2,"27":2,"28":2,"29":2,"30":2,"31":3,"32":3,"33":2,"34":3,"35":3,"36":3,"37":1,"38":1,"39":2,"40":1,"41":2,"42":2,"43":1,"44":1,"45":2,"46":1,"47":0,"48":2,"49":2,"50":1,"51":1,"52":1,"53":0,"54":0},"f":{"0":0,"1":0,"2":6,"3":3,"4":2,"5":2,"6":2,"7":2,"8":3,"9":2,"10":2,"11":2,"12":2,"13":2,"14":1,"15":2,"16":2,"17":2,"18":0,"19":2,"20":0},"b":{"0":[1,0],"1":[1,1],"2":[0,2],"3":[3,0],"4":[0,2],"5":[3,0],"6":[2,0],"7":[1,1],"8":[1,0]},"_coverageSchema":"1a1c01bbd47fc00a2c39e90264f33305004495a9","hash":"773618c01e76cf6c648ed8f3912753ef006d41c2"}
}
