TN:
SF:lib/features/simulation/BaseSimulationService.js
FN:22,(anonymous_0)
FN:48,(anonymous_1)
FN:49,(anonymous_2)
FN:50,(anonymous_3)
FN:54,(anonymous_4)
FN:59,(anonymous_5)
FN:66,(anonymous_6)
FN:70,(anonymous_7)
FN:72,(anonymous_8)
FN:82,(anonymous_9)
FN:91,(anonymous_10)
FN:95,(anonymous_11)
FN:97,(anonymous_12)
FN:108,(anonymous_13)
FN:120,(anonymous_14)
FN:122,(anonymous_15)
FN:146,(anonymous_16)
FN:148,(anonymous_17)
FN:150,(anonymous_18)
FN:174,(anonymous_19)
FN:181,(anonymous_20)
FN:201,(anonymous_21)
FN:205,(anonymous_22)
FN:206,(anonymous_23)
FN:212,(anonymous_24)
FN:214,(anonymous_25)
FN:221,(anonymous_26)
FN:232,(anonymous_27)
FN:245,(anonymous_28)
FN:246,(anonymous_29)
FN:249,(anonymous_30)
FN:256,(anonymous_31)
FN:257,(anonymous_32)
FN:265,(anonymous_33)
FN:272,(anonymous_34)
FN:277,(anonymous_35)
FN:284,(anonymous_36)
FN:286,(anonymous_37)
FN:294,(anonymous_38)
FN:296,(anonymous_39)
FN:298,(anonymous_40)
FN:309,(anonymous_41)
FN:328,(anonymous_42)
FN:356,(anonymous_43)
FN:365,(anonymous_44)
FN:368,(anonymous_45)
FN:378,(anonymous_46)
FN:391,(anonymous_47)
FN:395,(anonymous_48)
FN:401,(anonymous_49)
FN:404,(anonymous_50)
FN:412,(anonymous_51)
FN:425,(anonymous_52)
FN:426,(anonymous_53)
FN:445,(anonymous_54)
FN:452,(anonymous_55)
FN:462,(anonymous_56)
FN:474,(anonymous_57)
FN:475,(anonymous_58)
FN:480,(anonymous_59)
FN:484,(anonymous_60)
FN:488,(anonymous_61)
FN:492,(anonymous_62)
FN:496,(anonymous_63)
FN:500,(anonymous_64)
FN:504,(anonymous_65)
FN:509,(anonymous_66)
FN:510,(anonymous_67)
FN:520,(anonymous_68)
FN:574,(anonymous_69)
FN:579,(anonymous_70)
FN:595,(anonymous_71)
FN:602,(anonymous_72)
FN:612,(anonymous_73)
FN:616,(anonymous_74)
FN:620,(anonymous_75)
FN:638,(anonymous_76)
FN:642,(anonymous_77)
FN:690,(anonymous_78)
FN:691,(anonymous_79)
FN:699,(anonymous_80)
FN:711,(anonymous_81)
FN:729,(anonymous_82)
FN:734,(anonymous_83)
FN:752,(anonymous_84)
FN:830,(anonymous_85)
FN:838,(anonymous_86)
FN:843,(anonymous_87)
FN:848,(anonymous_88)
FN:850,(anonymous_89)
FN:875,(anonymous_90)
FN:884,(anonymous_91)
FN:885,(anonymous_92)
FN:885,(anonymous_93)
FN:897,(anonymous_94)
FN:911,(anonymous_95)
FN:920,(anonymous_96)
FN:942,(anonymous_97)
FN:963,(anonymous_98)
FN:984,(anonymous_99)
FN:1008,(anonymous_100)
FN:1074,(anonymous_101)
FN:1078,(anonymous_102)
FN:1100,(anonymous_103)
FN:1109,(anonymous_104)
FN:1122,(anonymous_105)
FN:1141,(anonymous_106)
FN:1166,(anonymous_107)
FN:1214,(anonymous_108)
FN:1215,(anonymous_109)
FN:1246,(anonymous_110)
FN:1285,(anonymous_111)
FN:1286,(anonymous_112)
FN:1315,(anonymous_113)
FN:1318,(anonymous_114)
FN:1364,(anonymous_115)
FN:1372,(anonymous_116)
FN:1381,(anonymous_117)
FN:1399,(anonymous_118)
FN:1402,(anonymous_119)
FN:1416,(anonymous_120)
FN:1423,(anonymous_121)
FN:1444,(anonymous_122)
FN:1480,(anonymous_123)
FN:1491,(anonymous_124)
FN:1495,(anonymous_125)
FN:1506,(anonymous_126)
FN:1521,(anonymous_127)
FN:1554,(anonymous_128)
FN:1563,(anonymous_129)
FN:1567,(anonymous_130)
FN:1573,(anonymous_131)
FN:1591,(anonymous_132)
FN:1604,(anonymous_133)
FN:1609,(anonymous_134)
FN:1614,(anonymous_135)
FN:1623,(anonymous_136)
FN:1663,(anonymous_137)
FN:1725,(anonymous_138)
FN:1740,(anonymous_139)
FN:1797,(anonymous_140)
FN:1810,(anonymous_141)
FN:1846,(anonymous_142)
FN:1852,(anonymous_143)
FN:1878,(anonymous_144)
FN:1914,(anonymous_145)
FN:1954,(anonymous_146)
FN:1957,(anonymous_147)
FN:2040,(anonymous_148)
FN:2074,(anonymous_149)
FN:2143,(anonymous_150)
FN:2151,(anonymous_151)
FN:2154,(anonymous_152)
FN:2222,(anonymous_153)
FN:2231,(anonymous_154)
FN:2291,(anonymous_155)
FNF:156
FNH:113
FNDA:84,(anonymous_0)
FNDA:0,(anonymous_1)
FNDA:0,(anonymous_2)
FNDA:0,(anonymous_3)
FNDA:2,(anonymous_4)
FNDA:1,(anonymous_5)
FNDA:1,(anonymous_6)
FNDA:1,(anonymous_7)
FNDA:1,(anonymous_8)
FNDA:2,(anonymous_9)
FNDA:1,(anonymous_10)
FNDA:1,(anonymous_11)
FNDA:1,(anonymous_12)
FNDA:2,(anonymous_13)
FNDA:2,(anonymous_14)
FNDA:2,(anonymous_15)
FNDA:1,(anonymous_16)
FNDA:1,(anonymous_17)
FNDA:1,(anonymous_18)
FNDA:3,(anonymous_19)
FNDA:1,(anonymous_20)
FNDA:4,(anonymous_21)
FNDA:4,(anonymous_22)
FNDA:4,(anonymous_23)
FNDA:2,(anonymous_24)
FNDA:4,(anonymous_25)
FNDA:4,(anonymous_26)
FNDA:2,(anonymous_27)
FNDA:2,(anonymous_28)
FNDA:2,(anonymous_29)
FNDA:2,(anonymous_30)
FNDA:0,(anonymous_31)
FNDA:0,(anonymous_32)
FNDA:0,(anonymous_33)
FNDA:3,(anonymous_34)
FNDA:9,(anonymous_35)
FNDA:19,(anonymous_36)
FNDA:13,(anonymous_37)
FNDA:6,(anonymous_38)
FNDA:6,(anonymous_39)
FNDA:6,(anonymous_40)
FNDA:3,(anonymous_41)
FNDA:6,(anonymous_42)
FNDA:0,(anonymous_43)
FNDA:0,(anonymous_44)
FNDA:0,(anonymous_45)
FNDA:0,(anonymous_46)
FNDA:0,(anonymous_47)
FNDA:0,(anonymous_48)
FNDA:0,(anonymous_49)
FNDA:0,(anonymous_50)
FNDA:0,(anonymous_51)
FNDA:0,(anonymous_52)
FNDA:0,(anonymous_53)
FNDA:0,(anonymous_54)
FNDA:15,(anonymous_55)
FNDA:9,(anonymous_56)
FNDA:15,(anonymous_57)
FNDA:10,(anonymous_58)
FNDA:9,(anonymous_59)
FNDA:2,(anonymous_60)
FNDA:20,(anonymous_61)
FNDA:18,(anonymous_62)
FNDA:21,(anonymous_63)
FNDA:28,(anonymous_64)
FNDA:1,(anonymous_65)
FNDA:1,(anonymous_66)
FNDA:1,(anonymous_67)
FNDA:8,(anonymous_68)
FNDA:3,(anonymous_69)
FNDA:3,(anonymous_70)
FNDA:6,(anonymous_71)
FNDA:18,(anonymous_72)
FNDA:5,(anonymous_73)
FNDA:41,(anonymous_74)
FNDA:0,(anonymous_75)
FNDA:0,(anonymous_76)
FNDA:0,(anonymous_77)
FNDA:0,(anonymous_78)
FNDA:0,(anonymous_79)
FNDA:0,(anonymous_80)
FNDA:0,(anonymous_81)
FNDA:0,(anonymous_82)
FNDA:0,(anonymous_83)
FNDA:0,(anonymous_84)
FNDA:0,(anonymous_85)
FNDA:0,(anonymous_86)
FNDA:0,(anonymous_87)
FNDA:0,(anonymous_88)
FNDA:0,(anonymous_89)
FNDA:0,(anonymous_90)
FNDA:0,(anonymous_91)
FNDA:0,(anonymous_92)
FNDA:0,(anonymous_93)
FNDA:0,(anonymous_94)
FNDA:0,(anonymous_95)
FNDA:0,(anonymous_96)
FNDA:42,(anonymous_97)
FNDA:0,(anonymous_98)
FNDA:1,(anonymous_99)
FNDA:57,(anonymous_100)
FNDA:20,(anonymous_101)
FNDA:8,(anonymous_102)
FNDA:18,(anonymous_103)
FNDA:3,(anonymous_104)
FNDA:55,(anonymous_105)
FNDA:57,(anonymous_106)
FNDA:83,(anonymous_107)
FNDA:1,(anonymous_108)
FNDA:29,(anonymous_109)
FNDA:4,(anonymous_110)
FNDA:0,(anonymous_111)
FNDA:3,(anonymous_112)
FNDA:43,(anonymous_113)
FNDA:77,(anonymous_114)
FNDA:71,(anonymous_115)
FNDA:237,(anonymous_116)
FNDA:12,(anonymous_117)
FNDA:4,(anonymous_118)
FNDA:4,(anonymous_119)
FNDA:1,(anonymous_120)
FNDA:16,(anonymous_121)
FNDA:42,(anonymous_122)
FNDA:34,(anonymous_123)
FNDA:10,(anonymous_124)
FNDA:11,(anonymous_125)
FNDA:15,(anonymous_126)
FNDA:15,(anonymous_127)
FNDA:44,(anonymous_128)
FNDA:43,(anonymous_129)
FNDA:36,(anonymous_130)
FNDA:49,(anonymous_131)
FNDA:18,(anonymous_132)
FNDA:184,(anonymous_133)
FNDA:28,(anonymous_134)
FNDA:43,(anonymous_135)
FNDA:55,(anonymous_136)
FNDA:6,(anonymous_137)
FNDA:4,(anonymous_138)
FNDA:3,(anonymous_139)
FNDA:3,(anonymous_140)
FNDA:0,(anonymous_141)
FNDA:24,(anonymous_142)
FNDA:24,(anonymous_143)
FNDA:8,(anonymous_144)
FNDA:8,(anonymous_145)
FNDA:6,(anonymous_146)
FNDA:91,(anonymous_147)
FNDA:4,(anonymous_148)
FNDA:36,(anonymous_149)
FNDA:6,(anonymous_150)
FNDA:6,(anonymous_151)
FNDA:6,(anonymous_152)
FNDA:12,(anonymous_153)
FNDA:53,(anonymous_154)
FNDA:2,(anonymous_155)
DA:20,2
DA:23,84
DA:24,84
DA:25,84
DA:26,84
DA:27,84
DA:28,84
DA:29,84
DA:30,84
DA:31,84
DA:32,84
DA:33,84
DA:34,84
DA:35,84
DA:36,84
DA:37,84
DA:38,84
DA:39,84
DA:40,84
DA:41,84
DA:42,84
DA:43,84
DA:44,84
DA:48,84
DA:49,84
DA:50,84
DA:55,2
DA:60,1
DA:61,1
DA:62,1
DA:63,1
DA:67,1
DA:69,1
DA:70,1
DA:72,1
DA:73,1
DA:74,1
DA:75,1
DA:78,1
DA:79,1
DA:83,2
DA:84,1
DA:87,1
DA:92,1
DA:94,1
DA:95,1
DA:97,1
DA:98,1
DA:99,1
DA:100,1
DA:103,1
DA:104,1
DA:110,2
DA:111,1
DA:112,1
DA:114,1
DA:119,1
DA:120,2
DA:122,1
DA:123,2
DA:125,1
DA:126,1
DA:127,1
DA:130,1
DA:131,1
DA:132,1
DA:135,1
DA:136,1
DA:139,1
DA:140,1
DA:141,1
DA:142,1
DA:143,1
DA:147,1
DA:148,1
DA:150,1
DA:151,1
DA:152,0
DA:153,0
DA:154,0
DA:157,1
DA:158,1
DA:159,1
DA:162,1
DA:163,0
DA:166,1
DA:167,1
DA:168,1
DA:169,1
DA:170,1
DA:175,3
DA:176,3
DA:177,3
DA:178,3
DA:182,1
DA:183,1
DA:184,1
DA:185,1
DA:186,1
DA:187,1
DA:188,1
DA:189,1
DA:190,1
DA:191,1
DA:192,1
DA:193,1
DA:194,1
DA:195,1
DA:196,1
DA:197,1
DA:198,1
DA:202,4
DA:206,4
DA:213,2
DA:214,4
DA:222,4
DA:223,0
DA:226,4
DA:227,4
DA:232,2
DA:241,4
DA:242,4
DA:246,2
DA:249,2
DA:257,0
DA:258,0
DA:259,0
DA:262,0
DA:265,0
DA:273,3
DA:278,9
DA:283,9
DA:284,19
DA:286,9
DA:287,13
DA:290,9
DA:295,6
DA:296,6
DA:298,6
DA:299,6
DA:300,6
DA:301,6
DA:302,6
DA:305,6
DA:310,3
DA:311,1
DA:314,2
DA:315,2
DA:316,2
DA:317,0
DA:320,2
DA:321,2
DA:322,2
DA:323,2
DA:329,6
DA:330,0
DA:333,6
DA:334,6
DA:336,6
DA:337,3
DA:340,3
DA:341,0
DA:344,3
DA:345,3
DA:346,0
DA:349,3
DA:350,3
DA:351,3
DA:352,3
DA:357,0
DA:365,0
DA:368,0
DA:379,0
DA:380,0
DA:383,0
DA:384,0
DA:385,0
DA:386,0
DA:387,0
DA:389,0
DA:390,0
DA:391,0
DA:393,0
DA:394,0
DA:395,0
DA:401,0
DA:404,0
DA:410,0
DA:413,0
DA:414,0
DA:415,0
DA:417,0
DA:418,0
DA:419,0
DA:424,0
DA:425,0
DA:426,0
DA:427,0
DA:428,0
DA:429,0
DA:430,0
DA:432,0
DA:433,0
DA:434,0
DA:437,0
DA:438,0
DA:441,0
DA:442,0
DA:446,0
DA:447,0
DA:448,0
DA:453,15
DA:454,4
DA:455,4
DA:456,4
DA:457,4
DA:460,11
DA:462,11
DA:463,9
DA:464,5
DA:469,11
DA:470,11
DA:475,15
DA:476,10
DA:481,9
DA:485,2
DA:489,20
DA:493,18
DA:497,21
DA:501,28
DA:505,1
DA:509,1
DA:510,1
DA:521,8
DA:522,3
DA:523,3
DA:524,1
DA:529,3
DA:534,5
DA:535,0
DA:538,5
DA:539,5
DA:540,5
DA:541,2
DA:542,2
DA:543,1
DA:544,1
DA:546,3
DA:550,4
DA:551,0
DA:554,4
DA:555,4
DA:556,1
DA:560,1
DA:562,3
DA:563,1
DA:567,3
DA:568,1
DA:569,1
DA:572,3
DA:574,3
DA:575,3
DA:576,3
DA:579,3
DA:580,3
DA:582,3
DA:583,0
DA:586,3
DA:587,3
DA:590,3
DA:591,3
DA:592,3
DA:593,3
DA:595,3
DA:596,6
DA:599,3
DA:603,18
DA:613,5
DA:617,41
DA:622,0
DA:623,0
DA:625,0
DA:627,0
DA:628,0
DA:632,0
DA:634,0
DA:638,0
DA:642,0
DA:645,0
DA:647,0
DA:648,0
DA:655,0
DA:656,0
DA:662,0
DA:668,0
DA:669,0
DA:673,0
DA:674,0
DA:677,0
DA:681,0
DA:682,0
DA:685,0
DA:691,0
DA:692,0
DA:694,0
DA:695,0
DA:698,0
DA:699,0
DA:700,0
DA:701,0
DA:703,0
DA:704,0
DA:707,0
DA:709,0
DA:711,0
DA:715,0
DA:722,0
DA:723,0
DA:726,0
DA:729,0
DA:735,0
DA:737,0
DA:738,0
DA:743,0
DA:744,0
DA:747,0
DA:749,0
DA:753,0
DA:755,0
DA:756,0
DA:759,0
DA:760,0
DA:761,0
DA:762,0
DA:764,0
DA:765,0
DA:767,0
DA:768,0
DA:771,0
DA:772,0
DA:773,0
DA:774,0
DA:776,0
DA:777,0
DA:778,0
DA:781,0
DA:782,0
DA:784,0
DA:785,0
DA:788,0
DA:790,0
DA:791,0
DA:793,0
DA:794,0
DA:795,0
DA:798,0
DA:800,0
DA:801,0
DA:804,0
DA:805,0
DA:807,0
DA:808,0
DA:812,0
DA:822,0
DA:823,0
DA:826,0
DA:828,0
DA:829,0
DA:830,0
DA:834,0
DA:835,0
DA:838,0
DA:840,0
DA:843,0
DA:849,0
DA:850,0
DA:852,0
DA:857,0
DA:858,0
DA:859,0
DA:861,0
DA:862,0
DA:866,0
DA:867,0
DA:872,0
DA:874,0
DA:875,0
DA:878,0
DA:885,0
DA:886,0
DA:887,0
DA:889,0
DA:890,0
DA:893,0
DA:898,0
DA:899,0
DA:902,0
DA:903,0
DA:906,0
DA:907,0
DA:910,0
DA:911,0
DA:914,0
DA:921,0
DA:922,0
DA:925,0
DA:926,0
DA:927,0
DA:931,0
DA:932,0
DA:933,0
DA:936,0
DA:937,0
DA:943,42
DA:944,42
DA:946,42
DA:947,33
DA:950,9
DA:951,12
DA:955,12
DA:958,4
DA:964,0
DA:965,0
DA:966,0
DA:968,0
DA:969,0
DA:970,0
DA:971,0
DA:972,0
DA:976,0
DA:985,1
DA:986,1
DA:987,1
DA:989,1
DA:990,1
DA:991,1
DA:992,1
DA:993,1
DA:997,1
DA:1009,57
DA:1011,57
DA:1012,1
DA:1016,1
DA:1019,56
DA:1020,33
DA:1024,33
DA:1027,23
DA:1028,3
DA:1032,3
DA:1035,20
DA:1036,20
DA:1037,20
DA:1039,20
DA:1040,8
DA:1042,8
DA:1043,4
DA:1047,4
DA:1050,4
DA:1055,4
DA:1062,12
DA:1067,12
DA:1075,20
DA:1079,8
DA:1080,2
DA:1083,6
DA:1084,6
DA:1085,0
DA:1088,6
DA:1089,6
DA:1090,1
DA:1093,5
DA:1094,5
DA:1096,5
DA:1101,18
DA:1102,0
DA:1104,18
DA:1110,3
DA:1111,3
DA:1112,6
DA:1113,6
DA:1114,6
DA:1115,2
DA:1118,3
DA:1123,55
DA:1124,55
DA:1125,55
DA:1127,55
DA:1128,42
DA:1129,42
DA:1130,42
DA:1131,42
DA:1135,55
DA:1142,57
DA:1143,0
DA:1146,57
DA:1147,57
DA:1151,57
DA:1152,9
DA:1155,48
DA:1156,48
DA:1160,48
DA:1161,7
DA:1168,83
DA:1170,41
DA:1171,41
DA:1172,5
DA:1175,36
DA:1176,36
DA:1177,6
DA:1180,30
DA:1188,42
DA:1189,42
DA:1191,42
DA:1192,0
DA:1195,42
DA:1196,42
DA:1197,42
DA:1200,42
DA:1207,42
DA:1208,28
DA:1209,28
DA:1212,28
DA:1214,1
DA:1216,29
DA:1219,28
DA:1222,28
DA:1238,28
DA:1239,21
DA:1243,21
DA:1248,4
DA:1249,3
DA:1250,3
DA:1251,1
DA:1254,2
DA:1261,1
DA:1262,1
DA:1264,1
DA:1265,0
DA:1268,1
DA:1269,1
DA:1270,1
DA:1271,1
DA:1277,1
DA:1279,1
DA:1280,3
DA:1281,3
DA:1283,3
DA:1285,0
DA:1287,3
DA:1290,3
DA:1292,3
DA:1308,3
DA:1311,1
DA:1316,43
DA:1318,43
DA:1319,77
DA:1320,31
DA:1325,31
DA:1328,46
DA:1329,44
DA:1330,44
DA:1332,44
DA:1333,2
DA:1336,42
DA:1337,0
DA:1340,42
DA:1341,8
DA:1344,34
DA:1345,34
DA:1347,34
DA:1348,34
DA:1350,34
DA:1352,34
DA:1353,34
DA:1357,43
DA:1360,43
DA:1365,71
DA:1373,237
DA:1374,237
DA:1375,236
DA:1377,1
DA:1382,12
DA:1384,12
DA:1385,0
DA:1388,12
DA:1389,12
DA:1390,9
DA:1394,3
DA:1395,0
DA:1398,3
DA:1399,4
DA:1401,3
DA:1402,4
DA:1404,3
DA:1405,3
DA:1406,2
DA:1410,1
DA:1411,1
DA:1416,1
DA:1418,0
DA:1424,16
DA:1425,3
DA:1428,13
DA:1429,3
DA:1432,10
DA:1433,6
DA:1436,4
DA:1437,1
DA:1440,3
DA:1445,42
DA:1446,1
DA:1451,41
DA:1452,41
DA:1453,15
DA:1456,41
DA:1458,41
DA:1459,42
DA:1460,42
DA:1463,42
DA:1464,42
DA:1467,42
DA:1469,42
DA:1470,8
DA:1473,34
DA:1476,33
DA:1481,34
DA:1482,34
DA:1484,34
DA:1485,28
DA:1492,10
DA:1494,10
DA:1495,11
DA:1497,11
DA:1498,11
DA:1502,10
DA:1507,15
DA:1508,15
DA:1510,15
DA:1512,15
DA:1513,16
DA:1517,15
DA:1522,15
DA:1523,15
DA:1524,0
DA:1527,15
DA:1528,15
DA:1529,15
DA:1530,15
DA:1531,15
DA:1533,15
DA:1534,15
DA:1536,15
DA:1537,15
DA:1538,15
DA:1541,0
DA:1543,0
DA:1545,0
DA:1546,0
DA:1550,15
DA:1555,44
DA:1556,1
DA:1559,43
DA:1560,1
DA:1563,43
DA:1568,36
DA:1569,36
DA:1574,49
DA:1575,3
DA:1578,46
DA:1579,2
DA:1580,2
DA:1583,44
DA:1584,1
DA:1587,43
DA:1592,18
DA:1593,2
DA:1596,16
DA:1597,14
DA:1600,2
DA:1605,184
DA:1610,28
DA:1615,43
DA:1616,3
DA:1617,3
DA:1619,43
DA:1624,55
DA:1625,51
DA:1626,51
DA:1627,51
DA:1628,51
DA:1630,51
DA:1631,0
DA:1634,51
DA:1637,4
DA:1638,1
DA:1639,1
DA:1640,1
DA:1641,1
DA:1642,1
DA:1644,1
DA:1645,0
DA:1648,1
DA:1649,1
DA:1652,3
DA:1653,1
DA:1656,2
DA:1657,1
DA:1660,1
DA:1664,6
DA:1665,0
DA:1668,6
DA:1669,6
DA:1671,6
DA:1674,55
DA:1675,1
DA:1676,1
DA:1677,0
DA:1678,0
DA:1680,0
DA:1682,54
DA:1683,1
DA:1684,53
DA:1685,53
DA:1687,0
DA:1690,55
DA:1691,55
DA:1692,55
DA:1696,55
DA:1697,5
DA:1701,1
DA:1702,1
DA:1703,1
DA:1704,1
DA:1705,1
DA:1708,1
DA:1709,1
DA:1710,101
DA:1715,101
DA:1716,0
DA:1722,1
DA:1726,4
DA:1728,4
DA:1729,0
DA:1732,4
DA:1734,4
DA:1735,1
DA:1738,3
DA:1740,3
DA:1741,3
DA:1742,3
DA:1744,3
DA:1745,4
DA:1746,4
DA:1747,4
DA:1749,4
DA:1750,4
DA:1751,4
DA:1753,4
DA:1754,4
DA:1755,81
DA:1757,4
DA:1758,4
DA:1762,0
DA:1763,0
DA:1766,3
DA:1769,3
DA:1771,3
DA:1772,0
DA:1775,3
DA:1776,3
DA:1778,3
DA:1779,0
DA:1780,0
DA:1781,3
DA:1782,0
DA:1783,0
DA:1785,3
DA:1786,3
DA:1789,3
DA:1790,1
DA:1793,2
DA:1798,3
DA:1800,3
DA:1801,1
DA:1804,2
DA:1805,2
DA:1811,0
DA:1813,0
DA:1814,0
DA:1816,0
DA:1817,0
DA:1820,0
DA:1821,0
DA:1822,0
DA:1824,0
DA:1825,0
DA:1826,0
DA:1827,0
DA:1830,0
DA:1831,0
DA:1832,0
DA:1833,0
DA:1836,0
DA:1837,0
DA:1842,0
DA:1847,24
DA:1848,24
DA:1849,0
DA:1852,24
DA:1853,24
DA:1854,24
DA:1857,0
DA:1858,0
DA:1859,0
DA:1860,0
DA:1861,0
DA:1863,0
DA:1864,0
DA:1868,0
DA:1871,24
DA:1872,0
DA:1875,24
DA:1879,8
DA:1880,8
DA:1881,8
DA:1883,8
DA:1884,120
DA:1885,120
DA:1887,120
DA:1888,0
DA:1890,120
DA:1891,0
DA:1894,120
DA:1895,4
DA:1896,4
DA:1898,4
DA:1899,4
DA:1900,4
DA:1903,116
DA:1906,8
DA:1907,8
DA:1910,8
DA:1915,8
DA:1916,8
DA:1917,8
DA:1918,8
DA:1920,8
DA:1921,12
DA:1922,12
DA:1923,0
DA:1926,12
DA:1927,12
DA:1928,12
DA:1930,12
DA:1931,3
DA:1934,9
DA:1935,9
DA:1937,9
DA:1938,5
DA:1941,9
DA:1942,2
DA:1945,9
DA:1946,2
DA:1950,8
DA:1955,6
DA:1956,6
DA:1957,6
DA:1958,91
DA:1959,91
DA:1960,16
DA:1961,16
DA:1965,6
DA:1967,6
DA:1968,2
DA:1969,2
DA:1971,2
DA:1972,2
DA:1973,2
DA:1976,4
DA:1977,3
DA:1978,3
DA:1981,3
DA:1982,3
DA:1983,3
DA:1984,3
DA:1986,3
DA:1987,3
DA:1988,3
DA:1990,3
DA:1991,72
DA:1994,3
DA:1997,1
DA:1998,0
DA:1999,0
DA:2002,0
DA:2003,0
DA:2004,0
DA:2005,0
DA:2006,0
DA:2008,0
DA:2009,0
DA:2010,0
DA:2012,0
DA:2013,0
DA:2016,0
DA:2019,1
DA:2020,1
DA:2021,1
DA:2024,1
DA:2025,1
DA:2026,1
DA:2028,1
DA:2032,1
DA:2035,0
DA:2036,0
DA:2041,4
DA:2042,1
DA:2045,3
DA:2046,3
DA:2048,3
DA:2049,6
DA:2050,0
DA:2053,6
DA:2059,6
DA:2060,6
DA:2061,4
DA:2064,2
DA:2065,2
DA:2066,2
DA:2070,1
DA:2075,36
DA:2077,36
DA:2078,37
DA:2080,37
DA:2081,0
DA:2084,37
DA:2085,37
DA:2087,37
DA:2088,1
DA:2091,36
DA:2092,36
DA:2093,36
DA:2095,36
DA:2096,30
DA:2097,4
DA:2099,26
DA:2104,6
DA:2105,0
DA:2108,6
DA:2109,6
DA:2116,6
DA:2117,1
DA:2120,5
DA:2121,5
DA:2124,0
DA:2125,0
DA:2129,0
DA:2134,30
DA:2135,0
DA:2138,30
DA:2144,6
DA:2145,6
DA:2147,0
DA:2152,6
DA:2154,6
DA:2155,6
DA:2157,6
DA:2158,6
DA:2159,0
DA:2162,6
DA:2163,0
DA:2168,6
DA:2171,0
DA:2174,6
DA:2176,6
DA:2185,6
DA:2186,6
DA:2188,6
DA:2190,6
DA:2191,6
DA:2193,6
DA:2194,6
DA:2196,6
DA:2198,6
DA:2200,6
DA:2202,6
DA:2203,4
DA:2204,4
DA:2205,4
DA:2206,4
DA:2207,4
DA:2210,6
DA:2211,1
DA:2214,6
DA:2215,1
DA:2219,6
DA:2223,12
DA:2225,12
DA:2227,0
DA:2232,53
DA:2236,53
DA:2240,53
DA:2241,3
DA:2244,50
DA:2245,50
DA:2246,50
DA:2248,50
DA:2249,50
DA:2251,50
DA:2252,50
DA:2255,0
DA:2256,0
DA:2262,0
DA:2264,0
DA:2267,0
DA:2268,0
DA:2269,0
DA:2271,0
DA:2272,0
DA:2275,0
DA:2277,0
DA:2278,0
DA:2282,0
DA:2285,0
DA:2288,0
DA:2292,2
DA:2293,1
DA:2296,1
DA:2298,1
DA:2300,1
DA:2301,1
DA:2302,12
DA:2304,1
LF:1033
LH:726
BRDA:78,0,0,1
BRDA:78,0,1,1
BRDA:79,1,0,1
BRDA:79,1,1,1
BRDA:83,2,0,1
BRDA:83,2,1,1
BRDA:103,3,0,1
BRDA:103,3,1,0
BRDA:104,4,0,1
BRDA:104,4,1,0
BRDA:110,5,0,1
BRDA:110,5,1,1
BRDA:110,6,0,2
BRDA:110,6,1,1
BRDA:111,7,0,1
BRDA:111,7,1,0
BRDA:112,8,0,1
BRDA:112,8,1,0
BRDA:123,9,0,1
BRDA:123,9,1,1
BRDA:130,10,0,1
BRDA:130,10,1,0
BRDA:135,11,0,1
BRDA:135,11,1,0
BRDA:136,12,0,1
BRDA:136,12,1,0
BRDA:151,13,0,0
BRDA:151,13,1,1
BRDA:157,14,0,1
BRDA:157,14,1,0
BRDA:162,15,0,0
BRDA:162,15,1,1
BRDA:163,16,0,0
BRDA:163,16,1,0
BRDA:202,17,0,4
BRDA:202,17,1,0
BRDA:205,18,0,0
BRDA:207,19,0,4
BRDA:207,19,1,0
BRDA:208,20,0,4
BRDA:208,20,1,0
BRDA:212,21,0,0
BRDA:213,22,0,2
BRDA:213,22,1,0
BRDA:215,23,0,4
BRDA:215,23,1,0
BRDA:216,24,0,4
BRDA:216,24,1,0
BRDA:221,25,0,0
BRDA:222,26,0,0
BRDA:222,26,1,4
BRDA:248,27,0,2
BRDA:248,27,1,0
BRDA:251,28,0,2
BRDA:251,28,1,0
BRDA:258,29,0,0
BRDA:258,29,1,0
BRDA:264,30,0,0
BRDA:264,30,1,0
BRDA:267,31,0,0
BRDA:267,31,1,0
BRDA:273,32,0,3
BRDA:273,32,1,2
BRDA:299,33,0,6
BRDA:299,33,1,0
BRDA:305,34,0,6
BRDA:305,34,1,0
BRDA:310,35,0,1
BRDA:310,35,1,2
BRDA:316,36,0,0
BRDA:316,36,1,2
BRDA:329,37,0,0
BRDA:329,37,1,6
BRDA:336,38,0,3
BRDA:336,38,1,3
BRDA:336,39,0,6
BRDA:336,39,1,6
BRDA:336,39,2,5
BRDA:340,40,0,0
BRDA:340,40,1,3
BRDA:345,41,0,0
BRDA:345,41,1,3
BRDA:367,42,0,0
BRDA:367,42,1,0
BRDA:370,43,0,0
BRDA:370,43,1,0
BRDA:379,44,0,0
BRDA:379,44,1,0
BRDA:379,45,0,0
BRDA:379,45,1,0
BRDA:384,46,0,0
BRDA:384,46,1,0
BRDA:385,47,0,0
BRDA:385,47,1,0
BRDA:386,48,0,0
BRDA:386,48,1,0
BRDA:386,49,0,0
BRDA:386,49,1,0
BRDA:389,50,0,0
BRDA:389,50,1,0
BRDA:390,51,0,0
BRDA:390,51,1,0
BRDA:394,52,0,0
BRDA:394,52,1,0
BRDA:396,53,0,0
BRDA:396,53,1,0
BRDA:397,54,0,0
BRDA:397,54,1,0
BRDA:398,55,0,0
BRDA:398,55,1,0
BRDA:399,56,0,0
BRDA:399,56,1,0
BRDA:400,57,0,0
BRDA:400,57,1,0
BRDA:403,58,0,0
BRDA:403,58,1,0
BRDA:406,59,0,0
BRDA:406,59,1,0
BRDA:410,60,0,0
BRDA:410,60,1,0
BRDA:413,61,0,0
BRDA:413,61,1,0
BRDA:414,62,0,0
BRDA:414,62,1,0
BRDA:415,63,0,0
BRDA:415,63,1,0
BRDA:419,64,0,0
BRDA:419,64,1,0
BRDA:424,65,0,0
BRDA:424,65,1,0
BRDA:427,66,0,0
BRDA:427,66,1,0
BRDA:428,67,0,0
BRDA:428,67,1,0
BRDA:437,68,0,0
BRDA:437,68,1,0
BRDA:437,69,0,0
BRDA:437,69,1,0
BRDA:453,70,0,4
BRDA:453,70,1,11
BRDA:463,71,0,5
BRDA:463,71,1,4
BRDA:510,72,0,1
BRDA:510,72,1,0
BRDA:514,73,0,1
BRDA:514,73,1,0
BRDA:521,74,0,3
BRDA:521,74,1,5
BRDA:521,75,0,8
BRDA:521,75,1,7
BRDA:523,76,0,1
BRDA:523,76,1,2
BRDA:523,77,0,3
BRDA:523,77,1,1
BRDA:523,77,2,1
BRDA:534,78,0,0
BRDA:534,78,1,5
BRDA:534,79,0,5
BRDA:534,79,1,5
BRDA:539,80,0,0
BRDA:539,80,1,5
BRDA:540,81,0,2
BRDA:540,81,1,3
BRDA:542,82,0,1
BRDA:542,82,1,1
BRDA:550,83,0,0
BRDA:550,83,1,4
BRDA:554,84,0,4
BRDA:554,84,1,0
BRDA:555,85,0,1
BRDA:555,85,1,3
BRDA:555,86,0,4
BRDA:555,86,1,4
BRDA:562,87,0,1
BRDA:562,87,1,2
BRDA:567,88,0,1
BRDA:567,88,1,2
BRDA:579,89,0,3
BRDA:579,89,1,0
BRDA:582,90,0,0
BRDA:582,90,1,3
BRDA:623,91,0,0
BRDA:623,91,1,0
BRDA:625,92,0,0
BRDA:625,92,1,0
BRDA:628,93,0,0
BRDA:628,93,1,0
BRDA:632,94,0,0
BRDA:632,94,1,0
BRDA:645,95,0,0
BRDA:645,95,1,0
BRDA:662,96,0,0
BRDA:662,96,1,0
BRDA:669,97,0,0
BRDA:669,97,1,0
BRDA:673,98,0,0
BRDA:673,98,1,0
BRDA:673,99,0,0
BRDA:673,99,1,0
BRDA:677,100,0,0
BRDA:677,100,1,0
BRDA:681,101,0,0
BRDA:681,101,1,0
BRDA:685,102,0,0
BRDA:685,102,1,0
BRDA:691,103,0,0
BRDA:691,103,1,0
BRDA:694,104,0,0
BRDA:694,104,1,0
BRDA:703,105,0,0
BRDA:703,105,1,0
BRDA:703,106,0,0
BRDA:703,106,1,0
BRDA:703,106,2,0
BRDA:715,107,0,0
BRDA:715,107,1,0
BRDA:717,108,0,0
BRDA:717,108,1,0
BRDA:717,109,0,0
BRDA:717,109,1,0
BRDA:722,110,0,0
BRDA:722,110,1,0
BRDA:737,111,0,0
BRDA:737,111,1,0
BRDA:743,112,0,0
BRDA:743,112,1,0
BRDA:749,113,0,0
BRDA:749,113,1,0
BRDA:752,114,0,0
BRDA:755,115,0,0
BRDA:755,115,1,0
BRDA:764,116,0,0
BRDA:764,116,1,0
BRDA:767,117,0,0
BRDA:767,117,1,0
BRDA:772,118,0,0
BRDA:772,118,1,0
BRDA:774,119,0,0
BRDA:774,119,1,0
BRDA:776,120,0,0
BRDA:776,120,1,0
BRDA:784,121,0,0
BRDA:784,121,1,0
BRDA:784,122,0,0
BRDA:784,122,1,0
BRDA:784,122,2,0
BRDA:794,123,0,0
BRDA:794,123,1,0
BRDA:794,124,0,0
BRDA:794,124,1,0
BRDA:800,125,0,0
BRDA:800,125,1,0
BRDA:807,126,0,0
BRDA:807,126,1,0
BRDA:815,127,0,0
BRDA:815,127,1,0
BRDA:822,128,0,0
BRDA:822,128,1,0
BRDA:828,129,0,0
BRDA:828,129,1,0
BRDA:834,130,0,0
BRDA:834,130,1,0
BRDA:846,131,0,0
BRDA:846,131,1,0
BRDA:861,132,0,0
BRDA:861,132,1,0
BRDA:866,133,0,0
BRDA:866,133,1,0
BRDA:872,134,0,0
BRDA:872,134,1,0
BRDA:885,135,0,0
BRDA:885,135,1,0
BRDA:889,136,0,0
BRDA:889,136,1,0
BRDA:898,137,0,0
BRDA:898,137,1,0
BRDA:898,138,0,0
BRDA:898,138,1,0
BRDA:902,139,0,0
BRDA:902,139,1,0
BRDA:902,140,0,0
BRDA:902,140,1,0
BRDA:906,141,0,0
BRDA:906,141,1,0
BRDA:910,142,0,0
BRDA:910,142,1,0
BRDA:920,143,0,0
BRDA:921,144,0,0
BRDA:921,144,1,0
BRDA:925,145,0,0
BRDA:925,145,1,0
BRDA:926,146,0,0
BRDA:926,146,1,0
BRDA:932,147,0,0
BRDA:932,147,1,0
BRDA:944,148,0,0
BRDA:944,148,1,42
BRDA:946,149,0,33
BRDA:946,149,1,9
BRDA:955,150,0,5
BRDA:955,150,1,7
BRDA:963,151,0,0
BRDA:964,152,0,0
BRDA:964,152,1,0
BRDA:965,153,0,0
BRDA:965,153,1,0
BRDA:970,154,0,0
BRDA:970,154,1,0
BRDA:971,155,0,0
BRDA:971,155,1,0
BRDA:984,156,0,1
BRDA:985,157,0,1
BRDA:985,157,1,0
BRDA:986,158,0,1
BRDA:986,158,1,0
BRDA:991,159,0,0
BRDA:991,159,1,1
BRDA:992,160,0,1
BRDA:992,160,1,0
BRDA:1011,161,0,1
BRDA:1011,161,1,56
BRDA:1019,162,0,33
BRDA:1019,162,1,23
BRDA:1027,163,0,3
BRDA:1027,163,1,20
BRDA:1036,164,0,20
BRDA:1036,164,1,0
BRDA:1037,165,0,20
BRDA:1037,165,1,0
BRDA:1039,166,0,8
BRDA:1039,166,1,12
BRDA:1042,167,0,4
BRDA:1042,167,1,4
BRDA:1075,168,0,20
BRDA:1075,168,1,0
BRDA:1079,169,0,2
BRDA:1079,169,1,6
BRDA:1079,170,0,8
BRDA:1079,170,1,8
BRDA:1084,171,0,0
BRDA:1084,171,1,6
BRDA:1084,172,0,6
BRDA:1084,172,1,6
BRDA:1084,172,2,6
BRDA:1089,173,0,1
BRDA:1089,173,1,5
BRDA:1094,174,0,3
BRDA:1094,174,1,2
BRDA:1096,175,0,4
BRDA:1096,175,1,1
BRDA:1101,176,0,0
BRDA:1101,176,1,18
BRDA:1101,177,0,18
BRDA:1101,177,1,18
BRDA:1109,178,0,0
BRDA:1114,179,0,2
BRDA:1114,179,1,4
BRDA:1123,180,0,55
BRDA:1123,180,1,0
BRDA:1124,181,0,55
BRDA:1124,181,1,0
BRDA:1129,182,0,0
BRDA:1129,182,1,42
BRDA:1130,183,0,42
BRDA:1130,183,1,0
BRDA:1142,184,0,0
BRDA:1142,184,1,57
BRDA:1147,185,0,57
BRDA:1147,185,1,9
BRDA:1147,185,2,9
BRDA:1151,186,0,9
BRDA:1151,186,1,48
BRDA:1160,187,0,7
BRDA:1160,187,1,41
BRDA:1168,188,0,41
BRDA:1168,188,1,42
BRDA:1171,189,0,5
BRDA:1171,189,1,36
BRDA:1176,190,0,6
BRDA:1176,190,1,30
BRDA:1191,191,0,0
BRDA:1191,191,1,42
BRDA:1191,192,0,42
BRDA:1191,192,1,42
BRDA:1238,193,0,21
BRDA:1238,193,1,7
BRDA:1248,194,0,3
BRDA:1248,194,1,1
BRDA:1250,195,0,1
BRDA:1250,195,1,2
BRDA:1264,196,0,0
BRDA:1264,196,1,1
BRDA:1264,197,0,1
BRDA:1264,197,1,1
BRDA:1319,198,0,31
BRDA:1319,198,1,46
BRDA:1332,199,0,2
BRDA:1332,199,1,42
BRDA:1336,200,0,0
BRDA:1336,200,1,42
BRDA:1340,201,0,8
BRDA:1340,201,1,34
BRDA:1365,202,0,71
BRDA:1365,202,1,0
BRDA:1372,203,0,0
BRDA:1372,204,0,1
BRDA:1382,205,0,12
BRDA:1382,205,1,0
BRDA:1384,206,0,0
BRDA:1384,206,1,12
BRDA:1389,207,0,9
BRDA:1389,207,1,3
BRDA:1394,208,0,0
BRDA:1394,208,1,3
BRDA:1405,209,0,2
BRDA:1405,209,1,1
BRDA:1424,210,0,3
BRDA:1424,210,1,13
BRDA:1424,211,0,16
BRDA:1424,211,1,13
BRDA:1428,212,0,3
BRDA:1428,212,1,10
BRDA:1432,213,0,6
BRDA:1432,213,1,4
BRDA:1436,214,0,1
BRDA:1436,214,1,3
BRDA:1445,215,0,1
BRDA:1445,215,1,41
BRDA:1464,216,0,14
BRDA:1464,216,1,28
BRDA:1467,217,0,42
BRDA:1467,217,1,28
BRDA:1469,218,0,8
BRDA:1469,218,1,34
BRDA:1469,219,0,42
BRDA:1469,219,1,15
BRDA:1484,220,0,28
BRDA:1484,220,1,6
BRDA:1497,221,0,11
BRDA:1497,221,1,0
BRDA:1523,222,0,0
BRDA:1523,222,1,15
BRDA:1536,223,0,15
BRDA:1536,223,1,0
BRDA:1536,224,0,15
BRDA:1536,224,1,15
BRDA:1545,225,0,0
BRDA:1545,225,1,0
BRDA:1555,226,0,1
BRDA:1555,226,1,43
BRDA:1559,227,0,1
BRDA:1559,227,1,42
BRDA:1574,228,0,3
BRDA:1574,228,1,46
BRDA:1578,229,0,2
BRDA:1578,229,1,44
BRDA:1578,230,0,46
BRDA:1578,230,1,44
BRDA:1578,230,2,2
BRDA:1580,231,0,1
BRDA:1580,231,1,1
BRDA:1583,232,0,1
BRDA:1583,232,1,43
BRDA:1583,233,0,44
BRDA:1583,233,1,44
BRDA:1592,234,0,2
BRDA:1592,234,1,16
BRDA:1596,235,0,14
BRDA:1596,235,1,2
BRDA:1624,236,0,51
BRDA:1624,236,1,4
BRDA:1625,237,0,51
BRDA:1625,237,1,0
BRDA:1626,238,0,51
BRDA:1626,238,1,0
BRDA:1630,239,0,0
BRDA:1630,239,1,51
BRDA:1637,240,0,1
BRDA:1637,240,1,3
BRDA:1638,241,0,1
BRDA:1638,241,1,0
BRDA:1639,242,0,1
BRDA:1639,242,1,0
BRDA:1642,243,0,1
BRDA:1642,243,1,0
BRDA:1644,244,0,0
BRDA:1644,244,1,1
BRDA:1652,245,0,1
BRDA:1652,245,1,2
BRDA:1656,246,0,1
BRDA:1656,246,1,1
BRDA:1664,247,0,0
BRDA:1664,247,1,6
BRDA:1674,248,0,1
BRDA:1674,248,1,54
BRDA:1675,249,0,1
BRDA:1675,249,1,0
BRDA:1677,250,0,0
BRDA:1677,250,1,0
BRDA:1682,251,0,1
BRDA:1682,251,1,53
BRDA:1684,252,0,53
BRDA:1684,252,1,0
BRDA:1684,253,0,53
BRDA:1684,253,1,1
BRDA:1691,254,0,55
BRDA:1691,254,1,0
BRDA:1696,255,0,5
BRDA:1696,255,1,50
BRDA:1701,256,0,1
BRDA:1701,256,1,0
BRDA:1702,257,0,1
BRDA:1702,257,1,0
BRDA:1703,258,0,1
BRDA:1703,258,1,0
BRDA:1708,259,0,1
BRDA:1708,259,1,0
BRDA:1708,260,0,1
BRDA:1708,260,1,1
BRDA:1708,260,2,1
BRDA:1708,260,3,1
BRDA:1715,261,0,0
BRDA:1715,261,1,101
BRDA:1726,262,0,4
BRDA:1726,262,1,0
BRDA:1728,263,0,0
BRDA:1728,263,1,4
BRDA:1734,264,0,1
BRDA:1734,264,1,3
BRDA:1749,265,0,4
BRDA:1749,265,1,0
BRDA:1749,266,0,4
BRDA:1749,266,1,4
BRDA:1753,267,0,4
BRDA:1753,267,1,0
BRDA:1771,268,0,0
BRDA:1771,268,1,3
BRDA:1778,269,0,0
BRDA:1778,269,1,3
BRDA:1781,270,0,0
BRDA:1781,270,1,3
BRDA:1789,271,0,1
BRDA:1789,271,1,2
BRDA:1789,272,0,3
BRDA:1789,272,1,3
BRDA:1789,272,2,3
BRDA:1789,272,3,3
BRDA:1798,273,0,3
BRDA:1798,273,1,0
BRDA:1800,274,0,1
BRDA:1800,274,1,2
BRDA:1813,275,0,0
BRDA:1813,275,1,0
BRDA:1816,276,0,0
BRDA:1816,276,1,0
BRDA:1816,277,0,0
BRDA:1816,277,1,0
BRDA:1822,278,0,0
BRDA:1822,278,1,0
BRDA:1826,279,0,0
BRDA:1826,279,1,0
BRDA:1831,280,0,0
BRDA:1831,280,1,0
BRDA:1836,281,0,0
BRDA:1836,281,1,0
BRDA:1847,282,0,24
BRDA:1847,282,1,0
BRDA:1848,283,0,0
BRDA:1848,283,1,24
BRDA:1853,284,0,24
BRDA:1853,284,1,0
BRDA:1853,285,0,24
BRDA:1853,285,1,0
BRDA:1860,286,0,0
BRDA:1860,286,1,0
BRDA:1861,287,0,0
BRDA:1861,287,1,0
BRDA:1863,288,0,0
BRDA:1863,288,1,0
BRDA:1863,289,0,0
BRDA:1863,289,1,0
BRDA:1883,290,0,128
BRDA:1883,290,1,0
BRDA:1887,291,0,0
BRDA:1887,291,1,120
BRDA:1890,292,0,0
BRDA:1890,292,1,120
BRDA:1894,293,0,4
BRDA:1894,293,1,116
BRDA:1894,294,0,120
BRDA:1894,294,1,120
BRDA:1894,294,2,4
BRDA:1894,294,3,116
BRDA:1894,294,4,0
BRDA:1895,295,0,4
BRDA:1895,295,1,0
BRDA:1906,296,0,8
BRDA:1906,296,1,0
BRDA:1914,297,0,2
BRDA:1922,298,0,0
BRDA:1922,298,1,12
BRDA:1930,299,0,3
BRDA:1930,299,1,9
BRDA:1930,300,0,12
BRDA:1930,300,1,3
BRDA:1934,301,0,9
BRDA:1934,301,1,0
BRDA:1937,302,0,5
BRDA:1937,302,1,4
BRDA:1937,303,0,9
BRDA:1937,303,1,5
BRDA:1941,304,0,2
BRDA:1941,304,1,7
BRDA:1941,305,0,9
BRDA:1941,305,1,2
BRDA:1941,305,2,2
BRDA:1945,306,0,2
BRDA:1945,306,1,7
BRDA:1945,307,0,9
BRDA:1945,307,1,2
BRDA:1945,307,2,2
BRDA:1959,308,0,16
BRDA:1959,308,1,75
BRDA:1967,309,0,2
BRDA:1967,309,1,4
BRDA:1976,310,0,3
BRDA:1976,310,1,1
BRDA:1981,311,0,3
BRDA:1981,311,1,0
BRDA:1982,312,0,3
BRDA:1982,312,1,0
BRDA:1997,313,0,0
BRDA:1997,313,1,1
BRDA:2002,314,0,0
BRDA:2002,314,1,0
BRDA:2003,315,0,0
BRDA:2003,315,1,0
BRDA:2006,316,0,0
BRDA:2006,316,1,0
BRDA:2019,317,0,1
BRDA:2019,317,1,0
BRDA:2041,318,0,1
BRDA:2041,318,1,3
BRDA:2042,319,0,1
BRDA:2042,319,1,0
BRDA:2049,320,0,0
BRDA:2049,320,1,6
BRDA:2060,321,0,4
BRDA:2060,321,1,2
BRDA:2065,322,0,2
BRDA:2065,322,1,0
BRDA:2077,323,0,36
BRDA:2077,323,1,0
BRDA:2080,324,0,0
BRDA:2080,324,1,37
BRDA:2080,325,0,37
BRDA:2080,325,1,37
BRDA:2087,326,0,1
BRDA:2087,326,1,36
BRDA:2087,327,0,37
BRDA:2087,327,1,0
BRDA:2095,328,0,30
BRDA:2095,328,1,6
BRDA:2095,329,0,36
BRDA:2095,329,1,36
BRDA:2096,330,0,4
BRDA:2096,330,1,26
BRDA:2104,331,0,0
BRDA:2104,331,1,6
BRDA:2116,332,0,1
BRDA:2116,332,1,5
BRDA:2116,333,0,6
BRDA:2116,333,1,5
BRDA:2120,334,0,5
BRDA:2120,334,1,0
BRDA:2124,335,0,0
BRDA:2124,335,1,0
BRDA:2134,336,0,0
BRDA:2134,336,1,30
BRDA:2138,337,0,30
BRDA:2138,337,1,0
BRDA:2152,338,0,0
BRDA:2152,338,1,6
BRDA:2155,339,0,0
BRDA:2155,339,1,6
BRDA:2157,340,0,6
BRDA:2157,340,1,0
BRDA:2158,341,0,0
BRDA:2158,341,1,6
BRDA:2162,342,0,0
BRDA:2162,342,1,6
BRDA:2163,343,0,0
BRDA:2163,343,1,0
BRDA:2186,344,0,0
BRDA:2186,344,1,6
BRDA:2193,345,0,6
BRDA:2193,345,1,6
BRDA:2194,346,0,6
BRDA:2194,346,1,0
BRDA:2196,347,0,0
BRDA:2196,347,1,6
BRDA:2196,348,0,6
BRDA:2196,348,1,0
BRDA:2198,349,0,6
BRDA:2198,349,1,0
BRDA:2200,350,0,0
BRDA:2200,350,1,6
BRDA:2202,351,0,4
BRDA:2202,351,1,2
BRDA:2203,352,0,1
BRDA:2203,352,1,3
BRDA:2204,353,0,0
BRDA:2204,353,1,4
BRDA:2205,354,0,0
BRDA:2205,354,1,4
BRDA:2206,355,0,0
BRDA:2206,355,1,4
BRDA:2207,356,0,3
BRDA:2207,356,1,1
BRDA:2207,357,0,4
BRDA:2207,357,1,4
BRDA:2210,358,0,1
BRDA:2210,358,1,5
BRDA:2211,359,0,1
BRDA:2211,359,1,0
BRDA:2211,360,0,1
BRDA:2211,360,1,1
BRDA:2214,361,0,1
BRDA:2214,361,1,5
BRDA:2215,362,0,1
BRDA:2215,362,1,0
BRDA:2215,363,0,1
BRDA:2215,363,1,1
BRDA:2232,364,0,50
BRDA:2232,364,1,3
BRDA:2236,365,0,0
BRDA:2236,365,1,53
BRDA:2240,366,0,3
BRDA:2240,366,1,50
BRDA:2244,367,0,50
BRDA:2244,367,1,0
BRDA:2251,368,0,50
BRDA:2251,368,1,0
BRDA:2255,369,0,0
BRDA:2255,369,1,0
BRDA:2267,370,0,0
BRDA:2267,370,1,0
BRDA:2271,371,0,0
BRDA:2271,371,1,0
BRDA:2275,372,0,0
BRDA:2275,372,1,0
BRDA:2277,373,0,0
BRDA:2277,373,1,0
BRDA:2292,374,0,1
BRDA:2292,374,1,1
BRF:755
BRH:390
end_of_record
TN:
SF:lib/features/simulation/simulation.js
FN:8,(anonymous_0)
FN:12,(anonymous_1)
FN:18,(anonymous_2)
FN:30,(anonymous_3)
FNF:4
FNH:3
FNDA:17,(anonymous_0)
FNDA:0,(anonymous_1)
FNDA:2,(anonymous_2)
FNDA:3,(anonymous_3)
DA:6,1
DA:9,17
DA:12,17
DA:13,0
DA:14,0
DA:18,17
DA:19,2
DA:20,2
DA:21,2
DA:22,1
DA:31,3
DA:32,3
DA:34,3
DA:35,1
DA:38,3
DA:40,3
DA:41,2
DA:42,2
DA:43,2
DA:44,2
DA:45,2
DA:48,3
DA:50,3
DA:51,3
LF:24
LH:22
BRDA:13,0,0,0
BRDA:13,0,1,0
BRDA:20,1,0,2
BRDA:20,1,1,0
BRDA:21,2,0,1
BRDA:21,2,1,1
BRDA:34,3,0,1
BRDA:34,3,1,2
BRDA:34,4,0,3
BRDA:34,4,1,1
BRDA:40,5,0,2
BRDA:40,5,1,1
BRDA:40,6,0,3
BRDA:40,6,1,2
BRF:14
BRH:11
end_of_record
TN:
SF:lib/helpers/GuardEngine.js
FN:9,isNumericType
FN:14,assertCompatibleEquality
FN:27,typeCheckNode
FN:127,evaluateBooleanOp
FN:154,evaluateNode
FN:222,(anonymous_5)
FN:289,getOperatorPrecedence
FN:299,formatLiteral
FN:310,formatGuardAstNode
FN:324,(anonymous_9)
FN:345,typeCheckGuardAst
FN:356,evaluateGuardAstValue
FN:369,evaluateGuardAst
FN:385,formatGuardAst
FNF:14
FNH:14
FNDA:6,isNumericType
FNDA:1,assertCompatibleEquality
FNDA:11,typeCheckNode
FNDA:4,evaluateBooleanOp
FNDA:641,evaluateNode
FNDA:8,(anonymous_5)
FNDA:3,getOperatorPrecedence
FNDA:2,formatLiteral
FNDA:8,formatGuardAstNode
FNDA:1,(anonymous_9)
FNDA:4,typeCheckGuardAst
FNDA:252,evaluateGuardAstValue
FNDA:240,evaluateGuardAst
FNDA:1,formatGuardAst
DA:2,3
DA:4,3
DA:5,3
DA:6,3
DA:10,6
DA:15,1
DA:16,0
DA:19,1
DA:20,0
DA:23,1
DA:28,11
DA:29,0
DA:32,11
DA:33,3
DA:36,8
DA:37,4
DA:38,4
DA:39,1
DA:41,3
DA:44,4
DA:45,0
DA:46,0
DA:47,0
DA:49,0
DA:50,0
DA:52,0
DA:53,0
DA:54,0
DA:56,0
DA:59,4
DA:60,0
DA:62,0
DA:63,0
DA:64,0
DA:66,0
DA:69,0
DA:70,0
DA:71,0
DA:73,0
DA:76,0
DA:79,4
DA:80,0
DA:83,4
DA:84,3
DA:85,3
DA:87,3
DA:88,0
DA:89,0
DA:91,0
DA:94,3
DA:95,1
DA:96,0
DA:99,1
DA:100,0
DA:103,1
DA:104,0
DA:107,1
DA:110,2
DA:111,2
DA:112,1
DA:113,0
DA:116,1
DA:117,0
DA:120,1
DA:123,0
DA:128,4
DA:129,4
DA:130,1
DA:132,3
DA:133,2
DA:135,1
DA:138,0
DA:139,0
DA:140,0
DA:142,0
DA:143,0
DA:145,0
DA:148,0
DA:155,641
DA:156,248
DA:159,393
DA:160,198
DA:161,185
DA:164,13
DA:167,195
DA:168,1
DA:169,1
DA:170,0
DA:173,1
DA:174,0
DA:177,1
DA:178,1
DA:179,0
DA:181,1
DA:182,1
DA:184,0
DA:187,194
DA:188,0
DA:190,0
DA:191,0
DA:193,0
DA:194,0
DA:197,0
DA:198,0
DA:201,0
DA:202,0
DA:203,0
DA:206,0
DA:207,0
DA:208,0
DA:211,0
DA:214,194
DA:215,0
DA:218,194
DA:219,4
DA:220,4
DA:222,4
DA:223,8
DA:225,7
DA:226,7
DA:227,7
DA:230,4
DA:231,4
DA:233,4
DA:234,0
DA:237,4
DA:240,190
DA:241,190
DA:243,190
DA:244,7
DA:247,183
DA:248,1
DA:251,182
DA:252,0
DA:253,0
DA:255,0
DA:256,0
DA:259,0
DA:260,0
DA:261,0
DA:262,0
DA:263,0
DA:264,0
DA:266,0
DA:268,0
DA:269,0
DA:270,0
DA:272,0
DA:276,182
DA:277,182
DA:278,168
DA:279,168
DA:280,3
DA:281,3
DA:282,0
DA:285,0
DA:290,3
DA:291,3
DA:292,2
DA:293,0
DA:294,0
DA:295,0
DA:300,2
DA:301,0
DA:303,2
DA:304,0
DA:306,2
DA:311,8
DA:312,0
DA:315,8
DA:316,2
DA:319,6
DA:320,2
DA:323,4
DA:324,1
DA:325,1
DA:328,3
DA:329,0
DA:330,0
DA:333,3
DA:334,3
DA:335,3
DA:336,3
DA:337,3
DA:338,3
DA:341,0
DA:346,4
DA:347,2
DA:348,1
DA:350,1
DA:357,252
DA:358,252
DA:360,252
DA:361,13
DA:364,239
DA:370,240
DA:371,240
DA:373,240
DA:375,8
DA:376,7
DA:378,1
DA:381,232
DA:386,1
LF:203
LH:118
BRDA:10,0,0,6
BRDA:10,0,1,1
BRDA:15,1,0,0
BRDA:15,1,1,1
BRDA:19,2,0,0
BRDA:19,2,1,1
BRDA:19,3,0,1
BRDA:19,3,1,1
BRDA:28,4,0,0
BRDA:28,4,1,11
BRDA:28,5,0,11
BRDA:28,5,1,11
BRDA:32,6,0,3
BRDA:32,6,1,8
BRDA:36,7,0,4
BRDA:36,7,1,4
BRDA:38,8,0,1
BRDA:38,8,1,3
BRDA:44,9,0,0
BRDA:44,9,1,4
BRDA:46,10,0,0
BRDA:46,10,1,0
BRDA:46,11,0,0
BRDA:46,11,1,0
BRDA:49,12,0,0
BRDA:49,12,1,0
BRDA:53,13,0,0
BRDA:53,13,1,0
BRDA:59,14,0,0
BRDA:59,14,1,4
BRDA:62,15,0,0
BRDA:62,15,1,0
BRDA:63,16,0,0
BRDA:63,16,1,0
BRDA:69,17,0,0
BRDA:69,17,1,0
BRDA:69,18,0,0
BRDA:69,18,1,0
BRDA:70,19,0,0
BRDA:70,19,1,0
BRDA:79,20,0,0
BRDA:79,20,1,4
BRDA:87,21,0,0
BRDA:87,21,1,3
BRDA:88,22,0,0
BRDA:88,22,1,0
BRDA:88,23,0,0
BRDA:88,23,1,0
BRDA:94,24,0,1
BRDA:94,24,1,2
BRDA:95,25,0,0
BRDA:95,25,1,1
BRDA:95,26,0,1
BRDA:95,26,1,1
BRDA:99,27,0,0
BRDA:99,27,1,1
BRDA:103,28,0,0
BRDA:103,28,1,1
BRDA:103,29,0,1
BRDA:103,29,1,1
BRDA:110,30,0,2
BRDA:110,30,1,0
BRDA:111,31,0,1
BRDA:111,31,1,1
BRDA:111,32,0,2
BRDA:111,32,1,2
BRDA:111,32,2,1
BRDA:116,33,0,0
BRDA:116,33,1,1
BRDA:116,34,0,1
BRDA:116,34,1,1
BRDA:128,35,0,4
BRDA:128,35,1,0
BRDA:129,36,0,1
BRDA:129,36,1,3
BRDA:129,37,0,4
BRDA:129,37,1,4
BRDA:132,38,0,2
BRDA:132,38,1,1
BRDA:132,39,0,3
BRDA:132,39,1,3
BRDA:138,40,0,0
BRDA:138,40,1,0
BRDA:139,41,0,0
BRDA:139,41,1,0
BRDA:139,42,0,0
BRDA:139,42,1,0
BRDA:142,43,0,0
BRDA:142,43,1,0
BRDA:142,44,0,0
BRDA:142,44,1,0
BRDA:155,45,0,248
BRDA:155,45,1,393
BRDA:159,46,0,198
BRDA:159,46,1,195
BRDA:160,47,0,185
BRDA:160,47,1,13
BRDA:164,48,0,13
BRDA:164,48,1,0
BRDA:167,49,0,1
BRDA:167,49,1,194
BRDA:169,50,0,0
BRDA:169,50,1,1
BRDA:169,51,0,1
BRDA:169,51,1,0
BRDA:173,52,0,0
BRDA:173,52,1,1
BRDA:178,53,0,0
BRDA:178,53,1,1
BRDA:181,54,0,1
BRDA:181,54,1,0
BRDA:187,55,0,0
BRDA:187,55,1,194
BRDA:190,56,0,0
BRDA:190,56,1,0
BRDA:193,57,0,0
BRDA:193,57,1,0
BRDA:197,58,0,0
BRDA:197,58,1,0
BRDA:198,59,0,0
BRDA:198,59,1,0
BRDA:201,60,0,0
BRDA:201,60,1,0
BRDA:203,61,0,0
BRDA:203,61,1,0
BRDA:206,62,0,0
BRDA:206,62,1,0
BRDA:208,63,0,0
BRDA:208,63,1,0
BRDA:214,64,0,0
BRDA:214,64,1,194
BRDA:218,65,0,4
BRDA:218,65,1,190
BRDA:223,66,0,1
BRDA:223,66,1,7
BRDA:225,67,0,0
BRDA:225,67,1,7
BRDA:225,68,0,0
BRDA:225,68,1,0
BRDA:226,69,0,0
BRDA:226,69,1,7
BRDA:233,70,0,0
BRDA:233,70,1,4
BRDA:233,71,0,4
BRDA:233,71,1,4
BRDA:243,72,0,7
BRDA:243,72,1,183
BRDA:243,73,0,190
BRDA:243,73,1,183
BRDA:247,74,0,1
BRDA:247,74,1,182
BRDA:247,75,0,183
BRDA:247,75,1,182
BRDA:251,76,0,0
BRDA:251,76,1,182
BRDA:255,77,0,0
BRDA:255,77,1,0
BRDA:255,78,0,0
BRDA:255,78,1,0
BRDA:259,79,0,0
BRDA:259,79,1,0
BRDA:260,80,0,0
BRDA:260,80,1,0
BRDA:261,81,0,0
BRDA:261,81,1,0
BRDA:262,82,0,0
BRDA:262,82,1,0
BRDA:263,83,0,0
BRDA:263,83,1,0
BRDA:268,84,0,0
BRDA:268,84,1,0
BRDA:269,85,0,0
BRDA:269,85,1,0
BRDA:276,86,0,182
BRDA:276,86,1,0
BRDA:277,87,0,14
BRDA:277,87,1,168
BRDA:277,88,0,182
BRDA:277,88,1,182
BRDA:278,89,0,0
BRDA:278,89,1,168
BRDA:279,90,0,165
BRDA:279,90,1,3
BRDA:280,91,0,0
BRDA:280,91,1,3
BRDA:281,92,0,3
BRDA:281,92,1,0
BRDA:282,93,0,0
BRDA:282,93,1,0
BRDA:290,94,0,0
BRDA:290,94,1,3
BRDA:291,95,0,1
BRDA:291,95,1,2
BRDA:292,96,0,2
BRDA:292,96,1,0
BRDA:293,97,0,0
BRDA:293,97,1,0
BRDA:293,98,0,0
BRDA:293,98,1,0
BRDA:294,99,0,0
BRDA:294,99,1,0
BRDA:294,100,0,0
BRDA:294,100,1,0
BRDA:294,100,2,0
BRDA:300,101,0,0
BRDA:300,101,1,2
BRDA:303,102,0,0
BRDA:303,102,1,2
BRDA:304,103,0,0
BRDA:304,103,1,0
BRDA:310,104,0,0
BRDA:311,105,0,0
BRDA:311,105,1,8
BRDA:311,106,0,8
BRDA:311,106,1,8
BRDA:315,107,0,2
BRDA:315,107,1,6
BRDA:319,108,0,2
BRDA:319,108,1,4
BRDA:323,109,0,1
BRDA:323,109,1,3
BRDA:328,110,0,0
BRDA:328,110,1,3
BRDA:333,111,0,3
BRDA:333,111,1,0
BRDA:338,112,0,0
BRDA:338,112,1,3
BRDA:347,113,0,1
BRDA:347,113,1,1
BRDA:356,114,0,0
BRDA:356,115,0,0
BRDA:360,116,0,13
BRDA:360,116,1,239
BRDA:369,117,0,0
BRDA:369,118,0,4
BRDA:373,119,0,8
BRDA:373,119,1,232
BRDA:375,120,0,7
BRDA:375,120,1,1
BRF:239
BRH:117
end_of_record
TN:
SF:lib/helpers/GuardParser.js
FN:2,isIdentifierStart
FN:7,isIdentifierPart
FN:12,isDigit
FN:17,tokenizeGuardExpression
FN:158,(anonymous_4)
FN:164,(anonymous_5)
FN:175,(anonymous_6)
FN:193,(anonymous_7)
FN:211,(anonymous_8)
FN:229,(anonymous_9)
FN:247,(anonymous_10)
FN:265,(anonymous_11)
FN:280,(anonymous_12)
FN:340,(anonymous_13)
FN:345,(anonymous_14)
FN:352,(anonymous_15)
FN:358,(anonymous_16)
FN:364,(anonymous_17)
FN:370,(anonymous_18)
FN:379,parseGuardExpression
FNF:20
FNH:20
FNDA:222,isIdentifierStart
FNDA:309,isIdentifierPart
FNDA:940,isDigit
FNDA:204,tokenizeGuardExpression
FNDA:203,(anonymous_4)
FNDA:203,(anonymous_5)
FNDA:208,(anonymous_6)
FNDA:209,(anonymous_7)
FNDA:216,(anonymous_8)
FNDA:424,(anonymous_9)
FNDA:425,(anonymous_10)
FNDA:425,(anonymous_11)
FNDA:425,(anonymous_12)
FNDA:3388,(anonymous_13)
FNDA:648,(anonymous_14)
FNDA:421,(anonymous_15)
FNDA:1693,(anonymous_16)
FNDA:650,(anonymous_17)
FNDA:5,(anonymous_18)
FNDA:257,parseGuardExpression
DA:3,222
DA:8,309
DA:13,940
DA:18,204
DA:19,204
DA:21,204
DA:22,1086
DA:24,1086
DA:25,435
DA:26,435
DA:29,651
DA:31,651
DA:32,43
DA:33,43
DA:34,43
DA:37,608
DA:38,184
DA:39,184
DA:40,184
DA:41,184
DA:44,424
DA:45,8
DA:46,8
DA:47,8
DA:48,8
DA:50,8
DA:51,38
DA:53,38
DA:54,0
DA:55,0
DA:56,0
DA:59,0
DA:60,0
DA:61,0
DA:64,38
DA:65,7
DA:66,7
DA:67,7
DA:70,31
DA:71,31
DA:74,8
DA:75,1
DA:78,7
DA:83,7
DA:86,416
DA:87,194
DA:88,194
DA:90,194
DA:91,524
DA:93,524
DA:94,513
DA:95,513
DA:96,513
DA:99,11
DA:100,4
DA:101,4
DA:102,0
DA:104,4
DA:105,4
DA:106,4
DA:109,7
DA:112,194
DA:113,0
DA:116,194
DA:121,194
DA:124,222
DA:125,222
DA:126,222
DA:128,222
DA:129,95
DA:130,95
DA:133,222
DA:134,7
DA:140,215
DA:146,222
DA:149,0
DA:152,203
DA:159,203
DA:160,203
DA:165,203
DA:167,201
DA:168,0
DA:171,201
DA:176,208
DA:178,206
DA:179,1
DA:180,1
DA:181,1
DA:189,206
DA:194,209
DA:196,207
DA:197,7
DA:198,7
DA:199,7
DA:207,207
DA:212,216
DA:214,215
DA:215,208
DA:216,208
DA:217,207
DA:225,214
DA:230,424
DA:232,422
DA:233,1
DA:234,1
DA:235,1
DA:243,422
DA:248,425
DA:250,423
DA:251,0
DA:252,0
DA:253,0
DA:261,423
DA:266,425
DA:267,0
DA:268,0
DA:269,0
DA:276,425
DA:281,425
DA:282,2
DA:283,2
DA:284,2
DA:285,1
DA:288,423
DA:290,423
DA:291,1
DA:294,422
DA:295,208
DA:296,208
DA:303,214
DA:304,214
DA:305,214
DA:310,214
DA:311,211
DA:314,3
DA:315,3
DA:317,3
DA:318,3
DA:319,3
DA:320,3
DA:321,3
DA:323,0
DA:327,3
DA:329,3
DA:336,0
DA:341,3388
DA:346,648
DA:347,648
DA:348,648
DA:353,421
DA:354,421
DA:359,1693
DA:360,1693
DA:365,650
DA:366,650
DA:371,5
DA:372,1
DA:374,4
DA:380,257
DA:381,257
DA:383,53
DA:390,204
DA:391,203
DA:392,203
LF:164
LH:146
BRDA:24,0,0,435
BRDA:24,0,1,651
BRDA:31,1,0,43
BRDA:31,1,1,608
BRDA:37,2,0,184
BRDA:37,2,1,424
BRDA:38,3,0,9
BRDA:38,3,1,175
BRDA:44,4,0,8
BRDA:44,4,1,416
BRDA:44,5,0,424
BRDA:44,5,1,416
BRDA:53,6,0,0
BRDA:53,6,1,38
BRDA:55,7,0,0
BRDA:55,7,1,0
BRDA:64,8,0,7
BRDA:64,8,1,31
BRDA:74,9,0,1
BRDA:74,9,1,7
BRDA:86,10,0,194
BRDA:86,10,1,222
BRDA:86,11,0,416
BRDA:86,11,1,222
BRDA:86,11,2,0
BRDA:86,12,0,0
BRDA:86,12,1,0
BRDA:93,13,0,513
BRDA:93,13,1,11
BRDA:99,14,0,4
BRDA:99,14,1,7
BRDA:101,15,0,0
BRDA:101,15,1,4
BRDA:112,16,0,0
BRDA:112,16,1,194
BRDA:112,17,0,194
BRDA:112,17,1,194
BRDA:119,18,0,4
BRDA:119,18,1,190
BRDA:124,19,0,222
BRDA:124,19,1,0
BRDA:128,20,0,317
BRDA:128,20,1,309
BRDA:133,21,0,7
BRDA:133,21,1,215
BRDA:167,22,0,0
BRDA:167,22,1,201
BRDA:266,23,0,0
BRDA:266,23,1,425
BRDA:281,24,0,2
BRDA:281,24,1,423
BRDA:290,25,0,1
BRDA:290,25,1,422
BRDA:294,26,0,208
BRDA:294,26,1,214
BRDA:303,27,0,214
BRDA:303,27,1,0
BRDA:310,28,0,211
BRDA:310,28,1,3
BRDA:317,29,0,3
BRDA:317,29,1,0
BRDA:320,30,0,3
BRDA:320,30,1,0
BRDA:354,31,0,421
BRDA:354,31,1,9
BRDA:360,32,0,1693
BRDA:360,32,1,650
BRDA:366,33,0,650
BRDA:366,33,1,15
BRDA:371,34,0,1
BRDA:371,34,1,4
BRDA:380,35,0,257
BRDA:380,35,1,0
BRDA:381,36,0,53
BRDA:381,36,1,204
BRF:75
BRH:60
end_of_record
TN:
SF:lib/helpers/KeyHandler-util.js
FN:2,(anonymous_0)
FN:8,(anonymous_1)
FN:10,(anonymous_2)
FN:42,(anonymous_3)
FN:49,(anonymous_4)
FN:58,(anonymous_5)
FN:83,(anonymous_6)
FN:115,(anonymous_7)
FN:125,(anonymous_8)
FN:139,(anonymous_9)
FN:149,(anonymous_10)
FN:155,(anonymous_11)
FN:167,(anonymous_12)
FN:176,(anonymous_13)
FN:183,(anonymous_14)
FN:223,(anonymous_15)
FNF:16
FNH:6
FNDA:3,(anonymous_0)
FNDA:2,(anonymous_1)
FNDA:0,(anonymous_2)
FNDA:0,(anonymous_3)
FNDA:0,(anonymous_4)
FNDA:1,(anonymous_5)
FNDA:0,(anonymous_6)
FNDA:1,(anonymous_7)
FNDA:0,(anonymous_8)
FNDA:0,(anonymous_9)
FNDA:0,(anonymous_10)
FNDA:0,(anonymous_11)
FNDA:2,(anonymous_12)
FNDA:0,(anonymous_13)
FNDA:0,(anonymous_14)
FNDA:1,(anonymous_15)
DA:3,3
DA:4,3
DA:5,3
DA:10,0
DA:18,2
DA:19,0
DA:22,2
DA:23,0
DA:26,2
DA:28,2
DA:40,2
DA:42,2
DA:43,0
DA:45,0
DA:46,0
DA:49,0
DA:51,0
DA:52,0
DA:53,0
DA:73,1
DA:75,1
DA:84,0
DA:86,0
DA:87,0
DA:90,0
DA:91,0
DA:94,0
DA:95,0
DA:98,0
DA:99,0
DA:102,0
DA:103,0
DA:106,0
DA:107,0
DA:110,0
DA:121,1
DA:126,0
DA:127,0
DA:130,0
DA:131,0
DA:134,0
DA:140,0
DA:141,0
DA:144,0
DA:146,0
DA:150,0
DA:152,0
DA:156,0
DA:157,0
DA:160,0
DA:162,0
DA:168,2
DA:170,2
DA:171,1
DA:174,1
DA:177,0
DA:179,0
DA:180,0
DA:183,0
DA:184,0
DA:185,0
DA:188,0
DA:191,0
DA:192,0
DA:193,0
DA:196,0
DA:197,0
DA:200,0
DA:201,0
DA:204,0
DA:205,0
DA:208,0
DA:210,0
DA:211,0
DA:217,1
DA:218,1
DA:220,1
DA:224,1
DA:225,0
DA:228,1
DA:232,3
LF:81
LH:22
BRDA:9,0,0,0
BRDA:10,1,0,0
BRDA:13,2,0,0
BRDA:14,3,0,1
BRDA:15,4,0,1
BRDA:16,5,0,1
BRDA:18,6,0,0
BRDA:18,6,1,2
BRDA:18,7,0,2
BRDA:18,7,1,2
BRDA:22,8,0,0
BRDA:22,8,1,2
BRDA:45,9,0,0
BRDA:45,9,1,0
BRDA:51,10,0,0
BRDA:51,10,1,0
BRDA:59,11,0,0
BRDA:63,12,0,1
BRDA:64,13,0,1
BRDA:65,14,0,1
BRDA:66,15,0,1
BRDA:86,16,0,0
BRDA:86,16,1,0
BRDA:86,17,0,0
BRDA:86,17,1,0
BRDA:90,18,0,0
BRDA:90,18,1,0
BRDA:90,19,0,0
BRDA:90,19,1,0
BRDA:94,20,0,0
BRDA:94,20,1,0
BRDA:94,21,0,0
BRDA:94,21,1,0
BRDA:98,22,0,0
BRDA:98,22,1,0
BRDA:98,23,0,0
BRDA:98,23,1,0
BRDA:102,24,0,0
BRDA:102,24,1,0
BRDA:102,25,0,0
BRDA:102,25,1,0
BRDA:106,26,0,0
BRDA:106,26,1,0
BRDA:106,27,0,0
BRDA:106,27,1,0
BRDA:106,28,0,0
BRDA:106,28,1,0
BRDA:118,29,0,1
BRDA:119,30,0,1
BRDA:126,31,0,0
BRDA:126,31,1,0
BRDA:130,32,0,0
BRDA:130,32,1,0
BRDA:130,33,0,0
BRDA:130,33,1,0
BRDA:140,34,0,0
BRDA:140,34,1,0
BRDA:146,35,0,0
BRDA:146,35,1,0
BRDA:146,35,2,0
BRDA:146,35,3,0
BRDA:150,36,0,0
BRDA:150,36,1,0
BRDA:156,37,0,0
BRDA:156,37,1,0
BRDA:162,38,0,0
BRDA:162,38,1,0
BRDA:162,38,2,0
BRDA:170,39,0,1
BRDA:170,39,1,1
BRDA:179,40,0,0
BRDA:179,40,1,0
BRDA:179,41,0,0
BRDA:179,41,1,0
BRDA:184,42,0,0
BRDA:184,42,1,0
BRDA:192,43,0,0
BRDA:192,43,1,0
BRDA:192,44,0,0
BRDA:192,44,1,0
BRDA:196,45,0,0
BRDA:196,45,1,0
BRDA:196,46,0,0
BRDA:196,46,1,0
BRDA:200,47,0,0
BRDA:200,47,1,0
BRDA:204,48,0,0
BRDA:204,48,1,0
BRDA:210,49,0,0
BRDA:210,49,1,0
BRDA:224,50,0,0
BRDA:224,50,1,1
BRF:92
BRH:16
end_of_record
TN:
SF:lib/helpers/arc-utils.js
FN:20,normalizeMultiplicitySuffix
FN:35,(anonymous_1)
FN:53,extractVars
FN:62,(anonymous_3)
FN:68,parseArcInscriptionCore
FN:83,parseArcInscriptionSpec
FN:87,parseArcInscriptionText
FN:93,parseInscriptionLine
FN:107,(anonymous_8)
FNF:9
FNH:7
FNDA:115,normalizeMultiplicitySuffix
FNDA:0,(anonymous_1)
FNDA:115,extractVars
FNDA:118,(anonymous_3)
FNDA:115,parseArcInscriptionCore
FNDA:112,parseArcInscriptionSpec
FNDA:2,parseArcInscriptionText
FNDA:2,parseInscriptionLine
FNDA:0,(anonymous_8)
DA:6,4
DA:21,115
DA:23,115
DA:24,0
DA:27,115
DA:29,115
DA:30,115
DA:31,0
DA:32,0
DA:35,0
DA:40,115
DA:41,115
DA:42,6
DA:43,6
DA:46,115
DA:54,115
DA:56,115
DA:57,115
DA:60,115
DA:62,118
DA:64,115
DA:69,115
DA:70,115
DA:72,115
DA:73,115
DA:75,115
DA:84,112
DA:88,2
DA:94,2
DA:96,2
DA:97,0
DA:101,0
DA:104,2
DA:105,2
DA:107,2
DA:108,2
DA:110,2
DA:111,1
DA:115,1
DA:118,1
DA:119,1
DA:121,1
DA:122,0
DA:126,0
DA:129,1
DA:130,2
DA:131,0
DA:135,0
DA:139,1
DA:140,0
DA:144,0
DA:147,1
DA:151,1
LF:53
LH:41
BRDA:21,0,0,115
BRDA:21,0,1,0
BRDA:23,1,0,0
BRDA:23,1,1,115
BRDA:30,2,0,0
BRDA:30,2,1,115
BRDA:41,3,0,6
BRDA:41,3,1,109
BRDA:56,4,0,115
BRDA:56,4,1,0
BRDA:56,5,0,115
BRDA:56,5,1,115
BRDA:60,6,0,4
BRDA:60,6,1,111
BRDA:69,7,0,115
BRDA:69,7,1,0
BRDA:70,8,0,115
BRDA:70,8,1,0
BRDA:94,9,0,2
BRDA:94,9,1,0
BRDA:96,10,0,0
BRDA:96,10,1,2
BRDA:110,11,0,1
BRDA:110,11,1,1
BRDA:121,12,0,0
BRDA:121,12,1,1
BRDA:121,13,0,1
BRDA:121,13,1,1
BRDA:130,14,0,0
BRDA:130,14,1,2
BRDA:139,15,0,0
BRDA:139,15,1,1
BRDA:147,16,0,0
BRDA:147,16,1,1
BRF:34
BRH:22
end_of_record
TN:
SF:lib/helpers/getters.js
FN:4,getConnectionSource
FN:8,getConnectionTarget
FN:12,isPetriPlace
FN:16,isPetriTransition
FN:20,getPlaceForConnection
FN:30,getTransitionForConnection
FN:40,getSiblingConnections
FN:69,getArcsConnectedToPlace
FN:73,getPlaceMarking
FN:81,getPlaceType
FN:85,getTransitions
FN:89,getPlaces
FN:93,getConnectionContext
FN:110,getTypedArcContext
FNF:14
FNH:12
FNDA:55,getConnectionSource
FNDA:55,getConnectionTarget
FNDA:99,isPetriPlace
FNDA:88,isPetriTransition
FNDA:20,getPlaceForConnection
FNDA:18,getTransitionForConnection
FNDA:1,getSiblingConnections
FNDA:0,getArcsConnectedToPlace
FNDA:121,getPlaceMarking
FNDA:112,getPlaceType
FNDA:26,getTransitions
FNDA:0,getPlaces
FNDA:16,getConnectionContext
FNDA:15,getTypedArcContext
DA:5,55
DA:9,55
DA:13,99
DA:17,88
DA:21,20
DA:22,20
DA:24,20
DA:25,16
DA:27,0
DA:31,18
DA:32,18
DA:34,18
DA:35,2
DA:37,0
DA:41,1
DA:42,1
DA:44,1
DA:50,1
DA:51,0
DA:54,1
DA:55,1
DA:57,1
DA:58,1
DA:60,1
DA:61,3
DA:62,2
DA:63,2
DA:66,1
DA:70,0
DA:74,121
DA:75,1
DA:78,121
DA:82,112
DA:86,26
DA:90,0
DA:94,16
DA:95,16
DA:96,16
DA:97,16
DA:99,16
DA:111,15
DA:113,15
DA:114,15
DA:116,15
DA:117,0
DA:120,15
DA:124,15
DA:126,15
LF:48
LH:42
BRDA:24,0,0,4
BRDA:24,0,1,16
BRDA:25,1,0,16
BRDA:25,1,1,0
BRDA:34,2,0,16
BRDA:34,2,1,2
BRDA:35,3,0,2
BRDA:35,3,1,0
BRDA:44,4,0,0
BRDA:44,4,1,1
BRDA:46,5,0,1
BRDA:46,5,1,0
BRDA:50,6,0,0
BRDA:50,6,1,1
BRDA:54,7,0,1
BRDA:54,7,1,0
BRDA:55,8,0,1
BRDA:55,8,1,0
BRDA:61,9,0,1
BRDA:61,9,1,2
BRDA:61,10,0,3
BRDA:61,10,1,3
BRDA:70,11,0,0
BRDA:70,11,1,0
BRDA:70,12,0,0
BRDA:70,12,1,0
BRDA:74,13,0,1
BRDA:74,13,1,120
BRDA:105,14,0,16
BRDA:105,14,1,0
BRDA:114,15,0,0
BRDA:114,15,1,15
BRDA:116,16,0,0
BRDA:116,16,1,15
BRDA:120,17,0,0
BRDA:120,17,1,15
BRF:36
BRH:21
end_of_record
TN:
SF:lib/helpers/placeTypeUtils.js
FN:13,isTokenColor
FN:18,typeToKey
FN:24,parseType
FN:27,(anonymous_3)
FN:38,parsePlaceType
FN:50,getRawPlaceType
FN:58,parsePlaceTypeFromBusinessObject
FNF:7
FNH:7
FNDA:128,isTokenColor
FNDA:2,typeToKey
FNDA:121,parseType
FNDA:126,(anonymous_3)
FNDA:118,parsePlaceType
FNDA:116,getRawPlaceType
FNDA:116,parsePlaceTypeFromBusinessObject
DA:3,7
DA:10,7
DA:14,128
DA:19,2
DA:20,1
DA:25,121
DA:27,126
DA:29,115
DA:30,126
DA:31,1
DA:35,114
DA:39,118
DA:40,0
DA:43,118
DA:44,2
DA:47,116
DA:51,116
DA:52,0
DA:55,116
DA:59,116
LF:20
LH:18
BRDA:19,0,0,1
BRDA:19,0,1,1
BRDA:19,1,0,2
BRDA:19,1,1,2
BRDA:25,2,0,6
BRDA:25,2,1,115
BRDA:25,3,0,121
BRDA:25,3,1,116
BRDA:25,3,2,116
BRDA:30,4,0,1
BRDA:30,4,1,125
BRDA:39,5,0,0
BRDA:39,5,1,118
BRDA:43,6,0,2
BRDA:43,6,1,116
BRDA:43,7,0,118
BRDA:43,7,1,117
BRDA:51,8,0,0
BRDA:51,8,1,116
BRDA:51,9,0,116
BRDA:51,9,1,116
BRDA:55,10,0,116
BRDA:55,10,1,1
BRDA:55,10,2,0
BRF:24
BRH:21
end_of_record
TN:
SF:lib/helpers/tokenValidationUtils.js
FN:3,validateValuesAgainstType
FNF:1
FNH:1
FNDA:3,validateValuesAgainstType
DA:4,3
DA:5,1
DA:11,2
DA:12,3
DA:14,3
DA:15,1
DA:22,1
LF:7
LH:7
BRDA:4,0,0,1
BRDA:4,0,1,2
BRDA:14,1,0,1
BRDA:14,1,1,2
BRF:4
BRH:4
end_of_record
TN:
SF:lib/helpers/valueColorUtils.js
FN:3,parseValueByColor
FN:43,typedValueMatchesColor
FN:66,rawValueMatchesColor
FNF:3
FNH:3
FNDA:13,parseValueByColor
FNDA:97,typedValueMatchesColor
FNDA:5,rawValueMatchesColor
DA:4,13
DA:6,13
DA:9,6
DA:10,3
DA:12,3
DA:16,2
DA:17,0
DA:19,2
DA:23,2
DA:24,1
DA:26,1
DA:27,1
DA:29,0
DA:33,3
DA:34,0
DA:36,3
DA:39,0
DA:44,97
DA:47,72
DA:51,8
DA:55,6
DA:59,11
DA:62,0
DA:67,5
LF:24
LH:19
BRDA:4,0,0,13
BRDA:4,0,1,0
BRDA:6,1,0,6
BRDA:6,1,1,6
BRDA:6,1,2,2
BRDA:6,1,3,2
BRDA:6,1,4,2
BRDA:6,1,5,2
BRDA:6,1,6,3
BRDA:6,1,7,3
BRDA:6,1,8,0
BRDA:9,2,0,3
BRDA:9,2,1,3
BRDA:16,3,0,0
BRDA:16,3,1,2
BRDA:23,4,0,1
BRDA:23,4,1,1
BRDA:26,5,0,1
BRDA:26,5,1,0
BRDA:33,6,0,0
BRDA:33,6,1,3
BRDA:44,7,0,72
BRDA:44,7,1,72
BRDA:44,7,2,8
BRDA:44,7,3,8
BRDA:44,7,4,6
BRDA:44,7,5,6
BRDA:44,7,6,11
BRDA:44,7,7,11
BRDA:44,7,8,0
BRDA:51,8,0,8
BRDA:51,8,1,7
BRF:32
BRH:26
end_of_record
TN:
SF:lib/services/DialogService.js
FN:5,removeActiveDialog
FN:13,createOverlay
FN:44,createWideOverlay
FN:74,createTitle
FN:82,createMessage
FN:91,createButtonRow
FN:100,createButton
FN:123,createDivider
FN:134,createDomainInputs
FN:147,(anonymous_9)
FN:153,(anonymous_10)
FN:164,createDomainStdAndMean
FN:177,(anonymous_12)
FN:183,(anonymous_13)
FN:193,createRealDomainInputs
FN:206,(anonymous_15)
FN:212,(anonymous_16)
FN:222,createRealDistributionInputs
FN:235,(anonymous_18)
FN:241,(anonymous_19)
FN:252,createRegexInput
FN:264,(anonymous_21)
FN:275,createRadioGroup
FN:291,(anonymous_23)
FN:292,(anonymous_24)
FN:300,(anonymous_25)
FN:320,(anonymous_26)
FN:359,isMode
FN:363,getConsumptionMode
FN:369,getProductionMode
FN:376,showRulesDialog
FN:380,(anonymous_31)
FN:430,(anonymous_32)
FN:445,(anonymous_33)
FN:459,(anonymous_34)
FN:464,(anonymous_35)
FN:468,(anonymous_36)
FN:518,(anonymous_37)
FN:586,(anonymous_38)
FN:608,(anonymous_39)
FN:634,(anonymous_40)
FN:647,(anonymous_41)
FN:656,(anonymous_42)
FN:661,showAlert
FN:662,(anonymous_44)
FN:668,(anonymous_45)
FN:696,(anonymous_46)
FN:716,showResetModeDialog
FN:720,(anonymous_48)
FN:725,(anonymous_49)
FN:741,(anonymous_50)
FN:742,(anonymous_51)
FN:743,(anonymous_52)
FN:755,(anonymous_53)
FN:764,(anonymous_54)
FN:771,showPrompt
FN:778,(anonymous_56)
FN:808,(anonymous_57)
FN:819,(anonymous_58)
FN:835,(anonymous_59)
FN:844,(anonymous_60)
FN:857,(anonymous_61)
FN:865,showMultiPrompt
FN:872,(anonymous_63)
FN:883,(anonymous_64)
FN:899,(anonymous_65)
FN:939,(anonymous_66)
FN:942,(anonymous_67)
FN:960,(anonymous_68)
FN:972,(anonymous_69)
FN:979,(anonymous_70)
FN:995,showBugReportDialog
FN:996,(anonymous_72)
FN:1068,(anonymous_73)
FN:1079,(anonymous_74)
FN:1099,(anonymous_75)
FN:1103,(anonymous_76)
FN:1112,(anonymous_77)
FN:1129,showQueryRowAndConsumptionDialog
FN:1136,(anonymous_79)
FN:1141,(anonymous_80)
FN:1202,(anonymous_81)
FN:1224,(anonymous_82)
FN:1228,(anonymous_83)
FN:1233,(anonymous_84)
FN:1248,(anonymous_85)
FN:1253,(anonymous_86)
FN:1256,(anonymous_87)
FN:1259,(anonymous_88)
FN:1261,(anonymous_89)
FN:1311,(anonymous_90)
FN:1312,(anonymous_91)
FN:1320,(anonymous_92)
FN:1321,(anonymous_93)
FN:1329,(anonymous_94)
FN:1330,(anonymous_95)
FN:1336,(anonymous_96)
FN:1342,(anonymous_97)
FN:1356,(anonymous_98)
FN:1364,(anonymous_99)
FN:1373,(anonymous_100)
FN:1386,(anonymous_101)
FN:1392,(anonymous_102)
FN:1398,(anonymous_103)
FN:1404,(anonymous_104)
FN:1437,(anonymous_105)
FN:1444,(anonymous_106)
FN:1468,(anonymous_107)
FN:1470,(anonymous_108)
FN:1481,(anonymous_109)
FN:1482,(anonymous_110)
FN:1500,(anonymous_111)
FN:1507,(anonymous_112)
FN:1508,(anonymous_113)
FN:1513,showSqlQueriesList
FN:1524,(anonymous_115)
FN:1530,(anonymous_116)
FN:1541,(anonymous_117)
FN:1549,(anonymous_118)
FN:1550,(anonymous_119)
FN:1559,(anonymous_120)
FN:1560,(anonymous_121)
FN:1594,(anonymous_122)
FN:1652,(anonymous_123)
FN:1708,(anonymous_124)
FN:1768,(anonymous_125)
FN:1776,(anonymous_126)
FN:1801,(anonymous_127)
FN:1821,(anonymous_128)
FN:1841,showTwoFileUploadDialog
FN:1842,(anonymous_130)
FN:1848,(anonymous_131)
FN:1887,(anonymous_132)
FN:1891,(anonymous_133)
FN:1930,(anonymous_134)
FN:1934,(anonymous_135)
FN:1961,(anonymous_136)
FN:1963,(anonymous_137)
FN:1972,(anonymous_138)
FN:1982,(anonymous_139)
FN:1989,(anonymous_140)
FN:1990,(anonymous_141)
FNF:142
FNH:8
FNDA:1,removeActiveDialog
FNDA:1,createOverlay
FNDA:0,createWideOverlay
FNDA:1,createTitle
FNDA:1,createMessage
FNDA:1,createButtonRow
FNDA:1,createButton
FNDA:0,createDivider
FNDA:0,createDomainInputs
FNDA:0,(anonymous_9)
FNDA:0,(anonymous_10)
FNDA:0,createDomainStdAndMean
FNDA:0,(anonymous_12)
FNDA:0,(anonymous_13)
FNDA:0,createRealDomainInputs
FNDA:0,(anonymous_15)
FNDA:0,(anonymous_16)
FNDA:0,createRealDistributionInputs
FNDA:0,(anonymous_18)
FNDA:0,(anonymous_19)
FNDA:0,createRegexInput
FNDA:0,(anonymous_21)
FNDA:0,createRadioGroup
FNDA:0,(anonymous_23)
FNDA:0,(anonymous_24)
FNDA:0,(anonymous_25)
FNDA:0,(anonymous_26)
FNDA:0,isMode
FNDA:0,getConsumptionMode
FNDA:0,getProductionMode
FNDA:0,showRulesDialog
FNDA:0,(anonymous_31)
FNDA:0,(anonymous_32)
FNDA:0,(anonymous_33)
FNDA:0,(anonymous_34)
FNDA:0,(anonymous_35)
FNDA:0,(anonymous_36)
FNDA:0,(anonymous_37)
FNDA:0,(anonymous_38)
FNDA:0,(anonymous_39)
FNDA:0,(anonymous_40)
FNDA:0,(anonymous_41)
FNDA:0,(anonymous_42)
FNDA:1,showAlert
FNDA:1,(anonymous_44)
FNDA:0,(anonymous_45)
FNDA:0,(anonymous_46)
FNDA:0,showResetModeDialog
FNDA:0,(anonymous_48)
FNDA:0,(anonymous_49)
FNDA:0,(anonymous_50)
FNDA:0,(anonymous_51)
FNDA:0,(anonymous_52)
FNDA:0,(anonymous_53)
FNDA:0,(anonymous_54)
FNDA:0,showPrompt
FNDA:0,(anonymous_56)
FNDA:0,(anonymous_57)
FNDA:0,(anonymous_58)
FNDA:0,(anonymous_59)
FNDA:0,(anonymous_60)
FNDA:0,(anonymous_61)
FNDA:0,showMultiPrompt
FNDA:0,(anonymous_63)
FNDA:0,(anonymous_64)
FNDA:0,(anonymous_65)
FNDA:0,(anonymous_66)
FNDA:0,(anonymous_67)
FNDA:0,(anonymous_68)
FNDA:0,(anonymous_69)
FNDA:0,(anonymous_70)
FNDA:0,showBugReportDialog
FNDA:0,(anonymous_72)
FNDA:0,(anonymous_73)
FNDA:0,(anonymous_74)
FNDA:0,(anonymous_75)
FNDA:0,(anonymous_76)
FNDA:0,(anonymous_77)
FNDA:0,showQueryRowAndConsumptionDialog
FNDA:0,(anonymous_79)
FNDA:0,(anonymous_80)
FNDA:0,(anonymous_81)
FNDA:0,(anonymous_82)
FNDA:0,(anonymous_83)
FNDA:0,(anonymous_84)
FNDA:0,(anonymous_85)
FNDA:0,(anonymous_86)
FNDA:0,(anonymous_87)
FNDA:0,(anonymous_88)
FNDA:0,(anonymous_89)
FNDA:0,(anonymous_90)
FNDA:0,(anonymous_91)
FNDA:0,(anonymous_92)
FNDA:0,(anonymous_93)
FNDA:0,(anonymous_94)
FNDA:0,(anonymous_95)
FNDA:0,(anonymous_96)
FNDA:0,(anonymous_97)
FNDA:0,(anonymous_98)
FNDA:0,(anonymous_99)
FNDA:0,(anonymous_100)
FNDA:0,(anonymous_101)
FNDA:0,(anonymous_102)
FNDA:0,(anonymous_103)
FNDA:0,(anonymous_104)
FNDA:0,(anonymous_105)
FNDA:0,(anonymous_106)
FNDA:0,(anonymous_107)
FNDA:0,(anonymous_108)
FNDA:0,(anonymous_109)
FNDA:0,(anonymous_110)
FNDA:0,(anonymous_111)
FNDA:0,(anonymous_112)
FNDA:0,(anonymous_113)
FNDA:0,showSqlQueriesList
FNDA:0,(anonymous_115)
FNDA:0,(anonymous_116)
FNDA:0,(anonymous_117)
FNDA:0,(anonymous_118)
FNDA:0,(anonymous_119)
FNDA:0,(anonymous_120)
FNDA:0,(anonymous_121)
FNDA:0,(anonymous_122)
FNDA:0,(anonymous_123)
FNDA:0,(anonymous_124)
FNDA:0,(anonymous_125)
FNDA:0,(anonymous_126)
FNDA:0,(anonymous_127)
FNDA:0,(anonymous_128)
FNDA:0,showTwoFileUploadDialog
FNDA:0,(anonymous_130)
FNDA:0,(anonymous_131)
FNDA:0,(anonymous_132)
FNDA:0,(anonymous_133)
FNDA:0,(anonymous_134)
FNDA:0,(anonymous_135)
FNDA:0,(anonymous_136)
FNDA:0,(anonymous_137)
FNDA:0,(anonymous_138)
FNDA:0,(anonymous_139)
FNDA:0,(anonymous_140)
FNDA:0,(anonymous_141)
DA:3,3
DA:6,1
DA:7,0
DA:8,0
DA:14,1
DA:16,1
DA:17,1
DA:18,1
DA:19,1
DA:20,1
DA:21,1
DA:22,1
DA:23,1
DA:25,1
DA:26,1
DA:27,1
DA:28,1
DA:29,1
DA:30,1
DA:31,1
DA:32,1
DA:33,1
DA:34,1
DA:36,1
DA:37,1
DA:38,1
DA:40,1
DA:45,0
DA:47,0
DA:48,0
DA:49,0
DA:50,0
DA:51,0
DA:52,0
DA:53,0
DA:54,0
DA:56,0
DA:57,0
DA:58,0
DA:59,0
DA:60,0
DA:61,0
DA:62,0
DA:63,0
DA:64,0
DA:65,0
DA:67,0
DA:68,0
DA:69,0
DA:71,0
DA:75,1
DA:76,1
DA:77,1
DA:78,1
DA:79,1
DA:83,1
DA:84,1
DA:85,1
DA:86,1
DA:87,1
DA:88,1
DA:92,1
DA:93,1
DA:94,1
DA:95,1
DA:96,1
DA:97,1
DA:101,1
DA:102,1
DA:103,1
DA:104,1
DA:105,1
DA:106,1
DA:107,1
DA:108,1
DA:110,1
DA:111,1
DA:112,1
DA:113,1
DA:115,0
DA:116,0
DA:119,1
DA:120,1
DA:124,0
DA:125,0
DA:126,0
DA:127,0
DA:128,0
DA:129,0
DA:130,0
DA:135,0
DA:136,0
DA:137,0
DA:138,0
DA:139,0
DA:140,0
DA:141,0
DA:143,0
DA:144,0
DA:145,0
DA:146,0
DA:147,0
DA:149,0
DA:150,0
DA:151,0
DA:152,0
DA:153,0
DA:155,0
DA:156,0
DA:157,0
DA:158,0
DA:160,0
DA:165,0
DA:166,0
DA:167,0
DA:168,0
DA:169,0
DA:170,0
DA:171,0
DA:173,0
DA:174,0
DA:175,0
DA:176,0
DA:177,0
DA:179,0
DA:180,0
DA:181,0
DA:182,0
DA:183,0
DA:185,0
DA:186,0
DA:187,0
DA:188,0
DA:190,0
DA:194,0
DA:195,0
DA:196,0
DA:197,0
DA:198,0
DA:199,0
DA:200,0
DA:202,0
DA:203,0
DA:204,0
DA:205,0
DA:206,0
DA:208,0
DA:209,0
DA:210,0
DA:211,0
DA:212,0
DA:214,0
DA:215,0
DA:216,0
DA:217,0
DA:219,0
DA:223,0
DA:224,0
DA:225,0
DA:226,0
DA:227,0
DA:228,0
DA:229,0
DA:231,0
DA:232,0
DA:233,0
DA:234,0
DA:235,0
DA:237,0
DA:238,0
DA:239,0
DA:240,0
DA:241,0
DA:243,0
DA:244,0
DA:245,0
DA:246,0
DA:248,0
DA:253,0
DA:254,0
DA:255,0
DA:256,0
DA:258,0
DA:260,0
DA:261,0
DA:262,0
DA:263,0
DA:264,0
DA:266,0
DA:268,0
DA:271,3
DA:272,3
DA:276,0
DA:277,0
DA:278,0
DA:279,0
DA:282,0
DA:283,0
DA:284,0
DA:285,0
DA:287,0
DA:291,0
DA:292,0
DA:293,0
DA:294,0
DA:295,0
DA:296,0
DA:300,0
DA:301,0
DA:302,0
DA:303,0
DA:304,0
DA:305,0
DA:306,0
DA:307,0
DA:308,0
DA:309,0
DA:310,0
DA:311,0
DA:312,0
DA:314,0
DA:315,0
DA:316,0
DA:317,0
DA:318,0
DA:319,0
DA:320,0
DA:321,0
DA:322,0
DA:325,0
DA:326,0
DA:327,0
DA:328,0
DA:331,0
DA:335,3
DA:355,3
DA:360,0
DA:364,0
DA:370,0
DA:377,0
DA:378,0
DA:379,0
DA:380,0
DA:381,0
DA:382,0
DA:384,0
DA:385,0
DA:386,0
DA:389,0
DA:390,0
DA:392,0
DA:394,0
DA:395,0
DA:396,0
DA:397,0
DA:398,0
DA:399,0
DA:400,0
DA:401,0
DA:402,0
DA:403,0
DA:404,0
DA:406,0
DA:407,0
DA:408,0
DA:409,0
DA:411,0
DA:413,0
DA:419,0
DA:420,0
DA:423,0
DA:431,0
DA:434,0
DA:436,0
DA:438,0
DA:446,0
DA:447,0
DA:450,0
DA:451,0
DA:454,0
DA:456,0
DA:457,0
DA:459,0
DA:460,0
DA:461,0
DA:464,0
DA:465,0
DA:468,0
DA:469,0
DA:470,0
DA:473,0
DA:474,0
DA:476,0
DA:477,0
DA:479,0
DA:480,0
DA:481,0
DA:482,0
DA:483,0
DA:486,0
DA:487,0
DA:488,0
DA:491,0
DA:492,0
DA:493,0
DA:494,0
DA:495,0
DA:497,0
DA:498,0
DA:499,0
DA:501,0
DA:502,0
DA:503,0
DA:504,0
DA:505,0
DA:506,0
DA:507,0
DA:509,0
DA:511,0
DA:512,0
DA:513,0
DA:514,0
DA:515,0
DA:516,0
DA:518,0
DA:519,0
DA:520,0
DA:521,0
DA:522,0
DA:523,0
DA:524,0
DA:525,0
DA:526,0
DA:529,0
DA:530,0
DA:532,0
DA:535,0
DA:536,0
DA:537,0
DA:539,0
DA:544,0
DA:545,0
DA:547,0
DA:548,0
DA:549,0
DA:550,0
DA:551,0
DA:552,0
DA:555,0
DA:556,0
DA:557,0
DA:560,0
DA:561,0
DA:562,0
DA:563,0
DA:564,0
DA:566,0
DA:567,0
DA:568,0
DA:570,0
DA:571,0
DA:572,0
DA:573,0
DA:574,0
DA:575,0
DA:577,0
DA:579,0
DA:580,0
DA:581,0
DA:582,0
DA:583,0
DA:584,0
DA:586,0
DA:587,0
DA:588,0
DA:589,0
DA:590,0
DA:591,0
DA:592,0
DA:593,0
DA:596,0
DA:597,0
DA:598,0
DA:601,0
DA:602,0
DA:604,0
DA:605,0
DA:606,0
DA:608,0
DA:609,0
DA:612,0
DA:613,0
DA:615,0
DA:617,0
DA:620,0
DA:621,0
DA:622,0
DA:625,0
DA:626,0
DA:627,0
DA:628,0
DA:629,0
DA:632,0
DA:633,0
DA:635,0
DA:636,0
DA:637,0
DA:641,0
DA:645,0
DA:647,0
DA:648,0
DA:649,0
DA:653,0
DA:656,0
DA:662,1
DA:663,1
DA:664,1
DA:665,1
DA:666,1
DA:668,1
DA:669,0
DA:670,0
DA:672,0
DA:673,0
DA:674,0
DA:675,0
DA:676,0
DA:679,1
DA:680,1
DA:681,0
DA:682,0
DA:683,0
DA:684,0
DA:685,0
DA:687,1
DA:690,1
DA:691,1
DA:692,1
DA:694,1
DA:696,1
DA:697,0
DA:698,0
DA:702,1
DA:706,1
DA:712,1
DA:720,0
DA:721,0
DA:722,0
DA:723,0
DA:725,0
DA:726,0
DA:727,0
DA:729,0
DA:730,0
DA:731,0
DA:732,0
DA:735,0
DA:736,0
DA:738,0
DA:739,0
DA:741,0
DA:742,0
DA:743,0
DA:745,0
DA:746,0
DA:747,0
DA:748,0
DA:749,0
DA:751,0
DA:752,0
DA:753,0
DA:755,0
DA:756,0
DA:757,0
DA:761,0
DA:764,0
DA:767,0
DA:778,0
DA:779,0
DA:780,0
DA:781,0
DA:782,0
DA:784,0
DA:785,0
DA:787,0
DA:788,0
DA:789,0
DA:790,0
DA:791,0
DA:792,0
DA:793,0
DA:794,0
DA:795,0
DA:796,0
DA:797,0
DA:798,0
DA:800,0
DA:801,0
DA:802,0
DA:803,0
DA:804,0
DA:805,0
DA:807,0
DA:808,0
DA:809,0
DA:810,0
DA:812,0
DA:813,0
DA:814,0
DA:815,0
DA:816,0
DA:819,0
DA:820,0
DA:822,0
DA:823,0
DA:825,0
DA:826,0
DA:827,0
DA:831,0
DA:834,0
DA:835,0
DA:838,0
DA:842,0
DA:844,0
DA:845,0
DA:846,0
DA:850,0
DA:854,0
DA:857,0
DA:860,0
DA:861,0
DA:872,0
DA:873,0
DA:875,0
DA:876,0
DA:878,0
DA:879,0
DA:880,0
DA:881,0
DA:883,0
DA:884,0
DA:885,0
DA:886,0
DA:887,0
DA:889,0
DA:890,0
DA:891,0
DA:892,0
DA:894,0
DA:898,0
DA:899,0
DA:900,0
DA:901,0
DA:902,0
DA:903,0
DA:904,0
DA:907,0
DA:908,0
DA:909,0
DA:912,0
DA:913,0
DA:914,0
DA:915,0
DA:916,0
DA:917,0
DA:919,0
DA:920,0
DA:921,0
DA:923,0
DA:929,0
DA:931,0
DA:932,0
DA:933,0
DA:934,0
DA:935,0
DA:936,0
DA:938,0
DA:939,0
DA:940,0
DA:942,0
DA:943,0
DA:946,0
DA:947,0
DA:949,0
DA:950,0
DA:951,0
DA:955,0
DA:956,0
DA:959,0
DA:961,0
DA:962,0
DA:966,0
DA:970,0
DA:972,0
DA:973,0
DA:974,0
DA:975,0
DA:979,0
DA:980,0
DA:986,0
DA:987,0
DA:988,0
DA:989,0
DA:996,0
DA:997,0
DA:998,0
DA:999,0
DA:1000,0
DA:1002,0
DA:1003,0
DA:1005,0
DA:1006,0
DA:1007,0
DA:1008,0
DA:1010,0
DA:1011,0
DA:1012,0
DA:1013,0
DA:1015,0
DA:1016,0
DA:1017,0
DA:1018,0
DA:1020,0
DA:1021,0
DA:1022,0
DA:1023,0
DA:1024,0
DA:1025,0
DA:1026,0
DA:1027,0
DA:1028,0
DA:1030,0
DA:1031,0
DA:1032,0
DA:1034,0
DA:1035,0
DA:1036,0
DA:1037,0
DA:1039,0
DA:1040,0
DA:1041,0
DA:1042,0
DA:1044,0
DA:1045,0
DA:1046,0
DA:1047,0
DA:1048,0
DA:1049,0
DA:1050,0
DA:1051,0
DA:1052,0
DA:1053,0
DA:1055,0
DA:1056,0
DA:1057,0
DA:1059,0
DA:1061,0
DA:1062,0
DA:1063,0
DA:1064,0
DA:1065,0
DA:1066,0
DA:1068,0
DA:1069,0
DA:1070,0
DA:1072,0
DA:1073,0
DA:1074,0
DA:1075,0
DA:1076,0
DA:1079,0
DA:1080,0
DA:1081,0
DA:1083,0
DA:1084,0
DA:1085,0
DA:1086,0
DA:1089,0
DA:1090,0
DA:1091,0
DA:1092,0
DA:1095,0
DA:1098,0
DA:1099,0
DA:1100,0
DA:1101,0
DA:1103,0
DA:1104,0
DA:1105,0
DA:1109,0
DA:1112,0
DA:1114,0
DA:1119,0
DA:1136,0
DA:1137,0
DA:1138,0
DA:1139,0
DA:1141,0
DA:1142,0
DA:1143,0
DA:1144,0
DA:1145,0
DA:1146,0
DA:1149,0
DA:1150,0
DA:1151,0
DA:1152,0
DA:1153,0
DA:1156,0
DA:1157,0
DA:1158,0
DA:1159,0
DA:1161,0
DA:1162,0
DA:1163,0
DA:1164,0
DA:1167,0
DA:1168,0
DA:1169,0
DA:1170,0
DA:1171,0
DA:1174,0
DA:1175,0
DA:1176,0
DA:1177,0
DA:1178,0
DA:1179,0
DA:1182,0
DA:1184,0
DA:1185,0
DA:1186,0
DA:1187,0
DA:1188,0
DA:1189,0
DA:1190,0
DA:1192,0
DA:1193,0
DA:1194,0
DA:1195,0
DA:1196,0
DA:1199,0
DA:1200,0
DA:1201,0
DA:1202,0
DA:1203,0
DA:1204,0
DA:1205,0
DA:1206,0
DA:1207,0
DA:1208,0
DA:1209,0
DA:1210,0
DA:1211,0
DA:1212,0
DA:1214,0
DA:1215,0
DA:1218,0
DA:1220,0
DA:1221,0
DA:1222,0
DA:1224,0
DA:1225,0
DA:1228,0
DA:1229,0
DA:1230,0
DA:1231,0
DA:1233,0
DA:1234,0
DA:1235,0
DA:1236,0
DA:1238,0
DA:1239,0
DA:1243,0
DA:1244,0
DA:1245,0
DA:1248,0
DA:1249,0
DA:1250,0
DA:1251,0
DA:1253,0
DA:1254,0
DA:1256,0
DA:1257,0
DA:1259,0
DA:1261,0
DA:1262,0
DA:1263,0
DA:1264,0
DA:1265,0
DA:1266,0
DA:1267,0
DA:1268,0
DA:1271,0
DA:1272,0
DA:1275,0
DA:1276,0
DA:1277,0
DA:1279,0
DA:1280,0
DA:1281,0
DA:1282,0
DA:1283,0
DA:1284,0
DA:1287,0
DA:1288,0
DA:1289,0
DA:1290,0
DA:1291,0
DA:1293,0
DA:1294,0
DA:1295,0
DA:1296,0
DA:1297,0
DA:1298,0
DA:1302,0
DA:1303,0
DA:1306,0
DA:1307,0
DA:1308,0
DA:1309,0
DA:1311,0
DA:1312,0
DA:1314,0
DA:1315,0
DA:1317,0
DA:1318,0
DA:1320,0
DA:1321,0
DA:1322,0
DA:1323,0
DA:1324,0
DA:1329,0
DA:1330,0
DA:1331,0
DA:1333,0
DA:1335,0
DA:1336,0
DA:1337,0
DA:1338,0
DA:1339,0
DA:1340,0
DA:1341,0
DA:1342,0
DA:1345,0
DA:1346,0
DA:1348,0
DA:1349,0
DA:1351,0
DA:1352,0
DA:1353,0
DA:1354,0
DA:1356,0
DA:1357,0
DA:1358,0
DA:1359,0
DA:1360,0
DA:1364,0
DA:1365,0
DA:1367,0
DA:1368,0
DA:1373,0
DA:1374,0
DA:1375,0
DA:1376,0
DA:1377,0
DA:1379,0
DA:1381,0
DA:1382,0
DA:1384,0
DA:1386,0
DA:1387,0
DA:1388,0
DA:1391,0
DA:1392,0
DA:1393,0
DA:1394,0
DA:1395,0
DA:1396,0
DA:1397,0
DA:1398,0
DA:1401,0
DA:1404,0
DA:1405,0
DA:1406,0
DA:1407,0
DA:1410,0
DA:1411,0
DA:1412,0
DA:1414,0
DA:1415,0
DA:1417,0
DA:1418,0
DA:1419,0
DA:1420,0
DA:1421,0
DA:1422,0
DA:1424,0
DA:1425,0
DA:1426,0
DA:1427,0
DA:1428,0
DA:1429,0
DA:1430,0
DA:1432,0
DA:1433,0
DA:1434,0
DA:1435,0
DA:1437,0
DA:1438,0
DA:1439,0
DA:1440,0
DA:1441,0
DA:1444,0
DA:1445,0
DA:1446,0
DA:1449,0
DA:1450,0
DA:1451,0
DA:1456,0
DA:1459,0
DA:1460,0
DA:1461,0
DA:1462,0
DA:1463,0
DA:1464,0
DA:1465,0
DA:1466,0
DA:1468,0
DA:1470,0
DA:1471,0
DA:1474,0
DA:1476,0
DA:1478,0
DA:1479,0
DA:1481,0
DA:1482,0
DA:1483,0
DA:1484,0
DA:1485,0
DA:1489,0
DA:1492,0
DA:1496,0
DA:1497,0
DA:1498,0
DA:1500,0
DA:1501,0
DA:1504,0
DA:1507,0
DA:1508,0
DA:1524,0
DA:1525,0
DA:1526,0
DA:1527,0
DA:1528,0
DA:1530,0
DA:1531,0
DA:1532,0
DA:1534,0
DA:1535,0
DA:1536,0
DA:1537,0
DA:1538,0
DA:1541,0
DA:1542,0
DA:1543,0
DA:1544,0
DA:1546,0
DA:1547,0
DA:1549,0
DA:1550,0
DA:1551,0
DA:1552,0
DA:1553,0
DA:1554,0
DA:1555,0
DA:1559,0
DA:1560,0
DA:1561,0
DA:1562,0
DA:1563,0
DA:1564,0
DA:1565,0
DA:1569,0
DA:1571,0
DA:1573,0
DA:1574,0
DA:1575,0
DA:1576,0
DA:1577,0
DA:1578,0
DA:1579,0
DA:1581,0
DA:1582,0
DA:1583,0
DA:1584,0
DA:1586,0
DA:1587,0
DA:1589,0
DA:1590,0
DA:1591,0
DA:1592,0
DA:1594,0
DA:1595,0
DA:1596,0
DA:1597,0
DA:1598,0
DA:1599,0
DA:1600,0
DA:1601,0
DA:1602,0
DA:1603,0
DA:1605,0
DA:1606,0
DA:1607,0
DA:1610,0
DA:1611,0
DA:1613,0
DA:1614,0
DA:1615,0
DA:1616,0
DA:1617,0
DA:1619,0
DA:1620,0
DA:1621,0
DA:1622,0
DA:1624,0
DA:1625,0
DA:1626,0
DA:1627,0
DA:1628,0
DA:1629,0
DA:1630,0
DA:1631,0
DA:1632,0
DA:1633,0
DA:1634,0
DA:1635,0
DA:1636,0
DA:1639,0
DA:1640,0
DA:1641,0
DA:1642,0
DA:1643,0
DA:1645,0
DA:1646,0
DA:1647,0
DA:1649,0
DA:1650,0
DA:1653,0
DA:1654,0
DA:1655,0
DA:1657,0
DA:1658,0
DA:1662,0
DA:1663,0
DA:1664,0
DA:1665,0
DA:1668,0
DA:1671,0
DA:1674,0
DA:1676,0
DA:1677,0
DA:1678,0
DA:1679,0
DA:1681,0
DA:1682,0
DA:1683,0
DA:1684,0
DA:1685,0
DA:1687,0
DA:1688,0
DA:1689,0
DA:1690,0
DA:1691,0
DA:1692,0
DA:1693,0
DA:1695,0
DA:1696,0
DA:1697,0
DA:1698,0
DA:1700,0
DA:1701,0
DA:1703,0
DA:1704,0
DA:1705,0
DA:1706,0
DA:1708,0
DA:1709,0
DA:1710,0
DA:1711,0
DA:1712,0
DA:1713,0
DA:1714,0
DA:1715,0
DA:1716,0
DA:1717,0
DA:1718,0
DA:1720,0
DA:1721,0
DA:1722,0
DA:1725,0
DA:1726,0
DA:1728,0
DA:1729,0
DA:1730,0
DA:1731,0
DA:1732,0
DA:1734,0
DA:1735,0
DA:1736,0
DA:1737,0
DA:1740,0
DA:1741,0
DA:1742,0
DA:1743,0
DA:1744,0
DA:1745,0
DA:1746,0
DA:1747,0
DA:1748,0
DA:1749,0
DA:1750,0
DA:1751,0
DA:1752,0
DA:1755,0
DA:1756,0
DA:1757,0
DA:1758,0
DA:1759,0
DA:1761,0
DA:1762,0
DA:1763,0
DA:1765,0
DA:1766,0
DA:1769,0
DA:1770,0
DA:1771,0
DA:1774,0
DA:1775,0
DA:1776,0
DA:1778,0
DA:1781,0
DA:1785,0
DA:1786,0
DA:1787,0
DA:1788,0
DA:1791,0
DA:1794,0
DA:1797,0
DA:1799,0
DA:1800,0
DA:1801,0
DA:1802,0
DA:1803,0
DA:1804,0
DA:1807,0
DA:1808,0
DA:1809,0
DA:1810,0
DA:1812,0
DA:1813,0
DA:1814,0
DA:1815,0
DA:1817,0
DA:1818,0
DA:1819,0
DA:1821,0
DA:1822,0
DA:1823,0
DA:1827,0
DA:1831,0
DA:1837,0
DA:1842,0
DA:1843,0
DA:1844,0
DA:1845,0
DA:1846,0
DA:1848,0
DA:1849,0
DA:1850,0
DA:1851,0
DA:1852,0
DA:1856,0
DA:1857,0
DA:1860,0
DA:1861,0
DA:1864,0
DA:1865,0
DA:1866,0
DA:1867,0
DA:1868,0
DA:1871,0
DA:1872,0
DA:1873,0
DA:1874,0
DA:1876,0
DA:1877,0
DA:1878,0
DA:1879,0
DA:1880,0
DA:1882,0
DA:1883,0
DA:1884,0
DA:1885,0
DA:1887,0
DA:1888,0
DA:1889,0
DA:1890,0
DA:1891,0
DA:1892,0
DA:1893,0
DA:1894,0
DA:1895,0
DA:1896,0
DA:1897,0
DA:1900,0
DA:1902,0
DA:1904,0
DA:1905,0
DA:1906,0
DA:1907,0
DA:1908,0
DA:1910,0
DA:1911,0
DA:1914,0
DA:1915,0
DA:1916,0
DA:1917,0
DA:1919,0
DA:1920,0
DA:1921,0
DA:1922,0
DA:1923,0
DA:1925,0
DA:1926,0
DA:1927,0
DA:1928,0
DA:1930,0
DA:1931,0
DA:1932,0
DA:1933,0
DA:1934,0
DA:1935,0
DA:1936,0
DA:1937,0
DA:1938,0
DA:1939,0
DA:1940,0
DA:1943,0
DA:1945,0
DA:1947,0
DA:1948,0
DA:1949,0
DA:1950,0
DA:1951,0
DA:1953,0
DA:1954,0
DA:1956,0
DA:1959,0
DA:1961,0
DA:1963,0
DA:1964,0
DA:1965,0
DA:1967,0
DA:1968,0
DA:1969,0
DA:1972,0
DA:1973,0
DA:1974,0
DA:1977,0
DA:1978,0
DA:1980,0
DA:1982,0
DA:1983,0
DA:1986,0
DA:1989,0
DA:1990,0
LF:1277
LH:77
BRDA:6,0,0,0
BRDA:6,0,1,1
BRDA:100,1,0,0
BRDA:110,2,0,1
BRDA:110,2,1,0
BRDA:146,3,0,0
BRDA:146,3,1,0
BRDA:152,4,0,0
BRDA:152,4,1,0
BRDA:176,5,0,0
BRDA:176,5,1,0
BRDA:182,6,0,0
BRDA:182,6,1,0
BRDA:205,7,0,0
BRDA:205,7,1,0
BRDA:211,8,0,0
BRDA:211,8,1,0
BRDA:234,9,0,0
BRDA:234,9,1,0
BRDA:240,10,0,0
BRDA:240,10,1,0
BRDA:263,11,0,0
BRDA:263,11,1,0
BRDA:294,12,0,0
BRDA:294,12,1,0
BRDA:295,13,0,0
BRDA:295,13,1,0
BRDA:296,14,0,0
BRDA:296,14,1,0
BRDA:300,15,0,0
BRDA:310,16,0,0
BRDA:310,16,1,0
BRDA:311,17,0,0
BRDA:311,17,1,0
BRDA:312,18,0,0
BRDA:312,18,1,0
BRDA:360,19,0,0
BRDA:360,19,1,0
BRDA:363,20,0,0
BRDA:364,21,0,0
BRDA:364,21,1,0
BRDA:369,22,0,0
BRDA:370,23,0,0
BRDA:370,23,1,0
BRDA:372,24,0,0
BRDA:372,24,1,0
BRDA:376,25,0,0
BRDA:376,26,0,0
BRDA:376,27,0,0
BRDA:381,28,0,0
BRDA:381,28,1,0
BRDA:460,29,0,0
BRDA:460,29,1,0
BRDA:461,30,0,0
BRDA:461,30,1,0
BRDA:465,31,0,0
BRDA:465,31,1,0
BRDA:512,32,0,0
BRDA:512,32,1,0
BRDA:513,33,0,0
BRDA:513,33,1,0
BRDA:514,34,0,0
BRDA:514,34,1,0
BRDA:515,35,0,0
BRDA:515,35,1,0
BRDA:516,36,0,0
BRDA:516,36,1,0
BRDA:521,37,0,0
BRDA:521,37,1,0
BRDA:522,38,0,0
BRDA:522,38,1,0
BRDA:523,39,0,0
BRDA:523,39,1,0
BRDA:524,40,0,0
BRDA:524,40,1,0
BRDA:525,41,0,0
BRDA:525,41,1,0
BRDA:529,42,0,0
BRDA:529,42,1,0
BRDA:580,43,0,0
BRDA:580,43,1,0
BRDA:581,44,0,0
BRDA:581,44,1,0
BRDA:582,45,0,0
BRDA:582,45,1,0
BRDA:583,46,0,0
BRDA:583,46,1,0
BRDA:584,47,0,0
BRDA:584,47,1,0
BRDA:589,48,0,0
BRDA:589,48,1,0
BRDA:590,49,0,0
BRDA:590,49,1,0
BRDA:591,50,0,0
BRDA:591,50,1,0
BRDA:592,51,0,0
BRDA:592,51,1,0
BRDA:593,52,0,0
BRDA:593,52,1,0
BRDA:606,53,0,0
BRDA:606,53,1,0
BRDA:636,54,0,0
BRDA:636,54,1,0
BRDA:648,55,0,0
BRDA:648,55,1,0
BRDA:661,56,0,0
BRDA:661,57,0,0
BRDA:661,58,0,1
BRDA:669,59,0,0
BRDA:669,59,1,0
BRDA:680,60,0,0
BRDA:680,60,1,1
BRDA:697,61,0,0
BRDA:697,61,1,0
BRDA:716,62,0,0
BRDA:717,63,0,0
BRDA:718,64,0,0
BRDA:726,65,0,0
BRDA:726,65,1,0
BRDA:756,66,0,0
BRDA:756,66,1,0
BRDA:772,67,0,0
BRDA:773,68,0,0
BRDA:774,69,0,0
BRDA:775,70,0,0
BRDA:809,71,0,0
BRDA:809,71,1,0
BRDA:822,72,0,0
BRDA:822,72,1,0
BRDA:825,73,0,0
BRDA:825,73,1,0
BRDA:845,74,0,0
BRDA:845,74,1,0
BRDA:866,75,0,0
BRDA:867,76,0,0
BRDA:868,77,0,0
BRDA:870,78,0,0
BRDA:894,79,0,0
BRDA:894,79,1,0
BRDA:898,80,0,0
BRDA:898,80,1,0
BRDA:903,81,0,0
BRDA:903,81,1,0
BRDA:908,82,0,0
BRDA:908,82,1,0
BRDA:909,83,0,0
BRDA:909,83,1,0
BRDA:946,84,0,0
BRDA:946,84,1,0
BRDA:949,85,0,0
BRDA:949,85,1,0
BRDA:973,86,0,0
BRDA:973,86,1,0
BRDA:986,87,0,0
BRDA:986,87,1,0
BRDA:988,88,0,0
BRDA:988,88,1,0
BRDA:1069,89,0,0
BRDA:1069,89,1,0
BRDA:1083,90,0,0
BRDA:1083,90,1,0
BRDA:1089,91,0,0
BRDA:1089,91,1,0
BRDA:1104,92,0,0
BRDA:1104,92,1,0
BRDA:1131,93,0,0
BRDA:1132,94,0,0
BRDA:1134,95,0,0
BRDA:1141,96,0,0
BRDA:1142,97,0,0
BRDA:1142,97,1,0
BRDA:1182,98,0,0
BRDA:1182,98,1,0
BRDA:1234,99,0,0
BRDA:1234,99,1,0
BRDA:1254,100,0,0
BRDA:1254,100,1,0
BRDA:1257,101,0,0
BRDA:1257,101,1,0
BRDA:1264,102,0,0
BRDA:1264,102,1,0
BRDA:1287,103,0,0
BRDA:1287,103,1,0
BRDA:1311,104,0,0
BRDA:1314,105,0,0
BRDA:1314,105,1,0
BRDA:1314,106,0,0
BRDA:1314,106,1,0
BRDA:1315,107,0,0
BRDA:1315,107,1,0
BRDA:1317,108,0,0
BRDA:1317,108,1,0
BRDA:1324,109,0,0
BRDA:1324,109,1,0
BRDA:1338,110,0,0
BRDA:1338,110,1,0
BRDA:1338,111,0,0
BRDA:1338,111,1,0
BRDA:1340,112,0,0
BRDA:1340,112,1,0
BRDA:1346,113,0,0
BRDA:1346,113,1,0
BRDA:1364,114,0,0
BRDA:1364,114,1,0
BRDA:1364,115,0,0
BRDA:1364,115,1,0
BRDA:1379,116,0,0
BRDA:1379,116,1,0
BRDA:1379,117,0,0
BRDA:1379,117,1,0
BRDA:1381,118,0,0
BRDA:1381,118,1,0
BRDA:1382,119,0,0
BRDA:1382,119,1,0
BRDA:1382,120,0,0
BRDA:1382,120,1,0
BRDA:1384,121,0,0
BRDA:1384,121,1,0
BRDA:1388,122,0,0
BRDA:1388,122,1,0
BRDA:1388,123,0,0
BRDA:1388,123,1,0
BRDA:1394,124,0,0
BRDA:1394,124,1,0
BRDA:1394,125,0,0
BRDA:1394,125,1,0
BRDA:1396,126,0,0
BRDA:1396,126,1,0
BRDA:1401,127,0,0
BRDA:1401,127,1,0
BRDA:1405,128,0,0
BRDA:1405,128,1,0
BRDA:1406,129,0,0
BRDA:1406,129,1,0
BRDA:1407,130,0,0
BRDA:1407,130,1,0
BRDA:1471,131,0,0
BRDA:1471,131,1,0
BRDA:1476,132,0,0
BRDA:1476,132,1,0
BRDA:1476,133,0,0
BRDA:1476,133,1,0
BRDA:1479,134,0,0
BRDA:1479,134,1,0
BRDA:1484,135,0,0
BRDA:1484,135,1,0
BRDA:1489,136,0,0
BRDA:1489,136,1,0
BRDA:1501,137,0,0
BRDA:1501,137,1,0
BRDA:1513,138,0,0
BRDA:1514,139,0,0
BRDA:1515,140,0,0
BRDA:1516,141,0,0
BRDA:1517,142,0,0
BRDA:1518,143,0,0
BRDA:1519,144,0,0
BRDA:1520,145,0,0
BRDA:1521,146,0,0
BRDA:1522,147,0,0
BRDA:1531,148,0,0
BRDA:1531,148,1,0
BRDA:1542,149,0,0
BRDA:1542,149,1,0
BRDA:1543,150,0,0
BRDA:1543,150,1,0
BRDA:1544,151,0,0
BRDA:1544,151,1,0
BRDA:1552,152,0,0
BRDA:1552,152,1,0
BRDA:1553,153,0,0
BRDA:1553,153,1,0
BRDA:1554,154,0,0
BRDA:1554,154,1,0
BRDA:1562,155,0,0
BRDA:1562,155,1,0
BRDA:1563,156,0,0
BRDA:1563,156,1,0
BRDA:1564,157,0,0
BRDA:1564,157,1,0
BRDA:1586,158,0,0
BRDA:1586,158,1,0
BRDA:1605,159,0,0
BRDA:1605,159,1,0
BRDA:1605,160,0,0
BRDA:1605,160,1,0
BRDA:1624,161,0,0
BRDA:1624,161,1,0
BRDA:1626,162,0,0
BRDA:1626,162,1,0
BRDA:1643,163,0,0
BRDA:1643,163,1,0
BRDA:1649,164,0,0
BRDA:1649,164,1,0
BRDA:1651,165,0,0
BRDA:1651,165,1,0
BRDA:1654,166,0,0
BRDA:1654,166,1,0
BRDA:1657,167,0,0
BRDA:1657,167,1,0
BRDA:1660,168,0,0
BRDA:1660,168,1,0
BRDA:1700,169,0,0
BRDA:1700,169,1,0
BRDA:1709,170,0,0
BRDA:1709,170,1,0
BRDA:1720,171,0,0
BRDA:1720,171,1,0
BRDA:1736,172,0,0
BRDA:1736,172,1,0
BRDA:1740,173,0,0
BRDA:1740,173,1,0
BRDA:1742,174,0,0
BRDA:1742,174,1,0
BRDA:1744,175,0,0
BRDA:1744,175,1,0
BRDA:1759,176,0,0
BRDA:1759,176,1,0
BRDA:1765,177,0,0
BRDA:1765,177,1,0
BRDA:1767,178,0,0
BRDA:1767,178,1,0
BRDA:1770,179,0,0
BRDA:1770,179,1,0
BRDA:1774,180,0,0
BRDA:1774,180,1,0
BRDA:1775,181,0,0
BRDA:1775,181,1,0
BRDA:1783,182,0,0
BRDA:1783,182,1,0
BRDA:1800,183,0,0
BRDA:1800,183,1,0
BRDA:1803,184,0,0
BRDA:1803,184,1,0
BRDA:1822,185,0,0
BRDA:1822,185,1,0
BRDA:1849,186,0,0
BRDA:1849,186,1,0
BRDA:1893,187,0,0
BRDA:1893,187,1,0
BRDA:1893,188,0,0
BRDA:1893,188,1,0
BRDA:1936,189,0,0
BRDA:1936,189,1,0
BRDA:1936,190,0,0
BRDA:1936,190,1,0
BRDA:1964,191,0,0
BRDA:1964,191,1,0
BRDA:1964,192,0,0
BRDA:1964,192,1,0
BRDA:1973,193,0,0
BRDA:1973,193,1,0
BRDA:1974,194,0,0
BRDA:1974,194,1,0
BRDA:1983,195,0,0
BRDA:1983,195,1,0
BRF:356
BRH:4
end_of_record
TN:
SF:lib/services/IdCounterService.js
FN:2,(anonymous_0)
FN:3,(anonymous_1)
FN:7,(anonymous_2)
FN:14,(anonymous_3)
FN:16,(anonymous_4)
FN:20,(anonymous_5)
FN:21,(anonymous_6)
FN:25,(anonymous_7)
FN:41,(anonymous_8)
FN:43,(anonymous_9)
FN:48,(anonymous_10)
FN:49,(anonymous_11)
FN:50,(anonymous_12)
FN:54,(anonymous_13)
FN:71,(anonymous_14)
FN:73,(anonymous_15)
FN:78,(anonymous_16)
FN:79,(anonymous_17)
FN:91,(anonymous_18)
FN:96,(anonymous_19)
FN:108,(anonymous_20)
FNF:21
FNH:17
FNDA:0,(anonymous_0)
FNDA:0,(anonymous_1)
FNDA:6,(anonymous_2)
FNDA:3,(anonymous_3)
FNDA:2,(anonymous_4)
FNDA:2,(anonymous_5)
FNDA:2,(anonymous_6)
FNDA:2,(anonymous_7)
FNDA:3,(anonymous_8)
FNDA:2,(anonymous_9)
FNDA:2,(anonymous_10)
FNDA:2,(anonymous_11)
FNDA:2,(anonymous_12)
FNDA:2,(anonymous_13)
FNDA:1,(anonymous_14)
FNDA:2,(anonymous_15)
FNDA:2,(anonymous_16)
FNDA:2,(anonymous_17)
FNDA:0,(anonymous_18)
FNDA:2,(anonymous_19)
FNDA:0,(anonymous_20)
DA:1,1
DA:2,0
DA:3,0
DA:6,1
DA:8,6
DA:9,6
DA:10,6
DA:11,6
DA:15,3
DA:16,3
DA:18,3
DA:20,2
DA:22,2
DA:23,2
DA:25,2
DA:28,3
DA:29,3
DA:30,1
DA:34,3
DA:35,3
DA:38,3
DA:42,3
DA:43,3
DA:46,3
DA:48,2
DA:49,2
DA:51,2
DA:52,2
DA:54,2
DA:58,3
DA:59,3
DA:60,2
DA:64,3
DA:65,3
DA:68,3
DA:72,1
DA:73,2
DA:76,1
DA:78,2
DA:79,2
DA:83,1
DA:84,1
DA:85,2
DA:88,1
DA:92,0
DA:97,2
DA:98,2
DA:99,1
DA:100,1
DA:101,1
DA:103,0
DA:109,0
LF:52
LH:47
BRDA:1,0,0,1
BRDA:1,0,1,0
BRDA:1,1,0,1
BRDA:1,1,1,1
BRDA:23,2,0,0
BRDA:23,2,1,2
BRDA:34,3,0,3
BRDA:34,3,1,0
BRDA:52,4,0,0
BRDA:52,4,1,2
BRDA:64,5,0,3
BRDA:64,5,1,0
BRDA:97,6,0,2
BRDA:97,6,1,0
BRDA:98,7,0,1
BRDA:98,7,1,1
BRDA:100,8,0,1
BRDA:100,8,1,0
BRF:18
BRH:11
end_of_record
